<?xml version="1.0" encoding="UTF-8"?>
<coverage generated="1749107767409" clover="3.2.0">
  <project timestamp="1749107767409" name="All files">
    <metrics statements="1520" coveredstatements="403" conditionals="610" coveredconditionals="177" methods="149" coveredmethods="41" elements="2279" coveredelements="621" complexity="0" loc="1520" ncloc="1520" packages="5" files="27" classes="27"/>
    <package name="src">
      <metrics statements="49" coveredstatements="0" conditionals="4" coveredconditionals="0" methods="2" coveredmethods="0"/>
      <file name="app.ts" path="/Users/askinguzel/Documents/dev/tsmartquality-new/backend/src/app.ts">
        <metrics statements="49" coveredstatements="0" conditionals="4" coveredconditionals="0" methods="2" coveredmethods="0"/>
        <line num="1" count="0" type="stmt"/>
        <line num="2" count="0" type="stmt"/>
        <line num="3" count="0" type="stmt"/>
        <line num="4" count="0" type="stmt"/>
        <line num="5" count="0" type="stmt"/>
        <line num="6" count="0" type="stmt"/>
        <line num="7" count="0" type="stmt"/>
        <line num="8" count="0" type="stmt"/>
        <line num="11" count="0" type="stmt"/>
        <line num="14" count="0" type="stmt"/>
        <line num="15" count="0" type="stmt"/>
        <line num="16" count="0" type="stmt"/>
        <line num="17" count="0" type="stmt"/>
        <line num="18" count="0" type="stmt"/>
        <line num="19" count="0" type="stmt"/>
        <line num="20" count="0" type="stmt"/>
        <line num="21" count="0" type="stmt"/>
        <line num="22" count="0" type="stmt"/>
        <line num="23" count="0" type="stmt"/>
        <line num="24" count="0" type="stmt"/>
        <line num="25" count="0" type="stmt"/>
        <line num="28" count="0" type="stmt"/>
        <line num="46" count="0" type="stmt"/>
        <line num="49" count="0" type="stmt"/>
        <line num="52" count="0" type="stmt"/>
        <line num="53" count="0" type="stmt"/>
        <line num="54" count="0" type="stmt"/>
        <line num="55" count="0" type="stmt"/>
        <line num="56" count="0" type="stmt"/>
        <line num="59" count="0" type="stmt"/>
        <line num="62" count="0" type="stmt"/>
        <line num="63" count="0" type="stmt"/>
        <line num="64" count="0" type="stmt"/>
        <line num="65" count="0" type="stmt"/>
        <line num="66" count="0" type="stmt"/>
        <line num="67" count="0" type="stmt"/>
        <line num="68" count="0" type="stmt"/>
        <line num="69" count="0" type="stmt"/>
        <line num="70" count="0" type="stmt"/>
        <line num="71" count="0" type="stmt"/>
        <line num="72" count="0" type="stmt"/>
        <line num="73" count="0" type="stmt"/>
        <line num="76" count="0" type="stmt"/>
        <line num="79" count="0" type="stmt"/>
        <line num="80" count="0" type="stmt"/>
        <line num="84" count="0" type="stmt"/>
        <line num="85" count="0" type="stmt"/>
        <line num="86" count="0" type="stmt"/>
        <line num="92" count="0" type="stmt"/>
      </file>
    </package>
    <package name="src.config">
      <metrics statements="9" coveredstatements="0" conditionals="2" coveredconditionals="0" methods="0" coveredmethods="0"/>
      <file name="supabase.ts" path="/Users/askinguzel/Documents/dev/tsmartquality-new/backend/src/config/supabase.ts">
        <metrics statements="9" coveredstatements="0" conditionals="2" coveredconditionals="0" methods="0" coveredmethods="0"/>
        <line num="1" count="0" type="stmt"/>
        <line num="2" count="0" type="stmt"/>
        <line num="4" count="0" type="stmt"/>
        <line num="6" count="0" type="stmt"/>
        <line num="7" count="0" type="stmt"/>
        <line num="8" count="0" type="stmt"/>
        <line num="11" count="0" type="stmt"/>
        <line num="14" count="0" type="cond" truecount="0" falsecount="2"/>
        <line num="18" count="0" type="stmt"/>
      </file>
    </package>
    <package name="src.controllers">
      <metrics statements="1149" coveredstatements="337" conditionals="543" coveredconditionals="137" methods="113" coveredmethods="29"/>
      <file name="auth.controller.ts" path="/Users/askinguzel/Documents/dev/tsmartquality-new/backend/src/controllers/auth.controller.ts">
        <metrics statements="74" coveredstatements="39" conditionals="29" coveredconditionals="9" methods="7" coveredmethods="3"/>
        <line num="2" count="1" type="stmt"/>
        <line num="3" count="1" type="stmt"/>
        <line num="6" count="1" type="stmt"/>
        <line num="7" count="3" type="stmt"/>
        <line num="8" count="3" type="stmt"/>
        <line num="11" count="3" type="stmt"/>
        <line num="16" count="2" type="cond" truecount="1" falsecount="0"/>
        <line num="17" count="1" type="stmt"/>
        <line num="21" count="1" type="stmt"/>
        <line num="27" count="1" type="cond" truecount="0" falsecount="1"/>
        <line num="28" count="0" type="stmt"/>
        <line num="29" count="0" type="stmt"/>
        <line num="33" count="1" type="cond" truecount="0" falsecount="1"/>
        <line num="34" count="0" type="stmt"/>
        <line num="38" count="1" type="cond" truecount="0" falsecount="1"/>
        <line num="39" count="0" type="stmt"/>
        <line num="49" count="1" type="stmt"/>
        <line num="50" count="1" type="stmt"/>
        <line num="62" count="0" type="stmt"/>
        <line num="69" count="0" type="stmt"/>
        <line num="73" count="0" type="stmt"/>
        <line num="81" count="0" type="cond" truecount="0" falsecount="2"/>
        <line num="86" count="2" type="stmt"/>
        <line num="87" count="2" type="stmt"/>
        <line num="92" count="1" type="stmt"/>
        <line num="93" count="3" type="stmt"/>
        <line num="94" count="3" type="stmt"/>
        <line num="97" count="3" type="stmt"/>
        <line num="102" count="2" type="cond" truecount="1" falsecount="0"/>
        <line num="103" count="1" type="stmt"/>
        <line num="107" count="1" type="stmt"/>
        <line num="118" count="1" type="cond" truecount="0" falsecount="1"/>
        <line num="120" count="0" type="cond" truecount="0" falsecount="1"/>
        <line num="121" count="0" type="stmt"/>
        <line num="123" count="0" type="stmt"/>
        <line num="126" count="1" type="stmt"/>
        <line num="136" count="1" type="stmt"/>
        <line num="137" count="1" type="stmt"/>
        <line num="142" count="1" type="stmt"/>
        <line num="143" count="0" type="stmt"/>
        <line num="144" count="0" type="cond" truecount="0" falsecount="3"/>
        <line num="145" count="0" type="stmt"/>
        <line num="149" count="0" type="stmt"/>
        <line num="155" count="0" type="cond" truecount="0" falsecount="1"/>
        <line num="156" count="0" type="stmt"/>
        <line num="160" count="0" type="stmt"/>
        <line num="167" count="0" type="stmt"/>
        <line num="170" count="0" type="stmt"/>
        <line num="176" count="0" type="cond" truecount="0" falsecount="2"/>
        <line num="180" count="0" type="stmt"/>
        <line num="181" count="0" type="stmt"/>
        <line num="186" count="1" type="stmt"/>
        <line num="187" count="0" type="stmt"/>
        <line num="188" count="0" type="stmt"/>
        <line num="190" count="0" type="stmt"/>
        <line num="192" count="0" type="cond" truecount="0" falsecount="1"/>
        <line num="193" count="0" type="stmt"/>
        <line num="196" count="0" type="stmt"/>
        <line num="198" count="0" type="stmt"/>
        <line num="199" count="0" type="stmt"/>
        <line num="204" count="1" type="stmt"/>
        <line num="205" count="3" type="stmt"/>
        <line num="206" count="3" type="stmt"/>
        <line num="208" count="3" type="cond" truecount="2" falsecount="1"/>
        <line num="209" count="0" type="stmt"/>
        <line num="213" count="3" type="stmt"/>
        <line num="218" count="3" type="cond" truecount="1" falsecount="0"/>
        <line num="219" count="1" type="stmt"/>
        <line num="223" count="2" type="stmt"/>
        <line num="227" count="0" type="cond" truecount="0" falsecount="1"/>
        <line num="228" count="0" type="stmt"/>
        <line num="231" count="0" type="stmt"/>
        <line num="233" count="2" type="stmt"/>
        <line num="234" count="2" type="stmt"/>
      </file>
      <file name="brand.controller.ts" path="/Users/askinguzel/Documents/dev/tsmartquality-new/backend/src/controllers/brand.controller.ts">
        <metrics statements="51" coveredstatements="0" conditionals="10" coveredconditionals="0" methods="5" coveredmethods="0"/>
        <line num="2" count="0" type="stmt"/>
        <line num="5" count="0" type="stmt"/>
        <line num="6" count="0" type="stmt"/>
        <line num="7" count="0" type="stmt"/>
        <line num="13" count="0" type="cond" truecount="0" falsecount="1"/>
        <line num="15" count="0" type="stmt"/>
        <line num="17" count="0" type="stmt"/>
        <line num="18" count="0" type="stmt"/>
        <line num="23" count="0" type="stmt"/>
        <line num="24" count="0" type="stmt"/>
        <line num="25" count="0" type="stmt"/>
        <line num="27" count="0" type="stmt"/>
        <line num="34" count="0" type="cond" truecount="0" falsecount="1"/>
        <line num="35" count="0" type="cond" truecount="0" falsecount="1"/>
        <line num="36" count="0" type="stmt"/>
        <line num="38" count="0" type="stmt"/>
        <line num="41" count="0" type="stmt"/>
        <line num="43" count="0" type="stmt"/>
        <line num="44" count="0" type="stmt"/>
        <line num="49" count="0" type="stmt"/>
        <line num="50" count="0" type="stmt"/>
        <line num="51" count="0" type="stmt"/>
        <line num="54" count="0" type="stmt"/>
        <line num="55" count="0" type="stmt"/>
        <line num="57" count="0" type="stmt"/>
        <line num="63" count="0" type="cond" truecount="0" falsecount="1"/>
        <line num="65" count="0" type="stmt"/>
        <line num="67" count="0" type="stmt"/>
        <line num="68" count="0" type="stmt"/>
        <line num="73" count="0" type="stmt"/>
        <line num="74" count="0" type="stmt"/>
        <line num="75" count="0" type="stmt"/>
        <line num="78" count="0" type="stmt"/>
        <line num="79" count="0" type="stmt"/>
        <line num="81" count="0" type="stmt"/>
        <line num="88" count="0" type="cond" truecount="0" falsecount="1"/>
        <line num="90" count="0" type="stmt"/>
        <line num="92" count="0" type="stmt"/>
        <line num="93" count="0" type="stmt"/>
        <line num="98" count="0" type="stmt"/>
        <line num="99" count="0" type="stmt"/>
        <line num="100" count="0" type="stmt"/>
        <line num="103" count="0" type="stmt"/>
        <line num="109" count="0" type="cond" truecount="0" falsecount="1"/>
        <line num="111" count="0" type="cond" truecount="0" falsecount="3"/>
        <line num="112" count="0" type="stmt"/>
        <line num="118" count="0" type="stmt"/>
        <line num="129" count="0" type="cond" truecount="0" falsecount="1"/>
        <line num="131" count="0" type="stmt"/>
        <line num="133" count="0" type="stmt"/>
        <line num="134" count="0" type="stmt"/>
      </file>
      <file name="customer.controller.ts" path="/Users/askinguzel/Documents/dev/tsmartquality-new/backend/src/controllers/customer.controller.ts">
        <metrics statements="94" coveredstatements="0" conditionals="22" coveredconditionals="0" methods="12" coveredmethods="0"/>
        <line num="2" count="0" type="stmt"/>
        <line num="5" count="0" type="stmt"/>
        <line num="6" count="0" type="stmt"/>
        <line num="7" count="0" type="stmt"/>
        <line num="13" count="0" type="cond" truecount="0" falsecount="1"/>
        <line num="15" count="0" type="stmt"/>
        <line num="17" count="0" type="stmt"/>
        <line num="18" count="0" type="stmt"/>
        <line num="23" count="0" type="stmt"/>
        <line num="24" count="0" type="stmt"/>
        <line num="25" count="0" type="stmt"/>
        <line num="27" count="0" type="stmt"/>
        <line num="34" count="0" type="cond" truecount="0" falsecount="1"/>
        <line num="35" count="0" type="cond" truecount="0" falsecount="1"/>
        <line num="36" count="0" type="stmt"/>
        <line num="38" count="0" type="stmt"/>
        <line num="41" count="0" type="stmt"/>
        <line num="43" count="0" type="stmt"/>
        <line num="44" count="0" type="stmt"/>
        <line num="49" count="0" type="stmt"/>
        <line num="50" count="0" type="stmt"/>
        <line num="51" count="0" type="stmt"/>
        <line num="54" count="0" type="stmt"/>
        <line num="55" count="0" type="stmt"/>
        <line num="57" count="0" type="stmt"/>
        <line num="63" count="0" type="cond" truecount="0" falsecount="1"/>
        <line num="65" count="0" type="stmt"/>
        <line num="67" count="0" type="stmt"/>
        <line num="68" count="0" type="stmt"/>
        <line num="73" count="0" type="stmt"/>
        <line num="74" count="0" type="stmt"/>
        <line num="75" count="0" type="stmt"/>
        <line num="78" count="0" type="stmt"/>
        <line num="79" count="0" type="stmt"/>
        <line num="81" count="0" type="stmt"/>
        <line num="88" count="0" type="cond" truecount="0" falsecount="1"/>
        <line num="90" count="0" type="stmt"/>
        <line num="92" count="0" type="stmt"/>
        <line num="93" count="0" type="stmt"/>
        <line num="98" count="0" type="stmt"/>
        <line num="99" count="0" type="stmt"/>
        <line num="100" count="0" type="stmt"/>
        <line num="103" count="0" type="stmt"/>
        <line num="114" count="0" type="cond" truecount="0" falsecount="1"/>
        <line num="116" count="0" type="stmt"/>
        <line num="118" count="0" type="stmt"/>
        <line num="119" count="0" type="stmt"/>
        <line num="124" count="0" type="stmt"/>
        <line num="125" count="0" type="stmt"/>
        <line num="126" count="0" type="cond" truecount="0" falsecount="2"/>
        <line num="127" count="0" type="cond" truecount="0" falsecount="2"/>
        <line num="133" count="0" type="stmt"/>
        <line num="135" count="0" type="stmt"/>
        <line num="141" count="0" type="cond" truecount="0" falsecount="1"/>
        <line num="142" count="0" type="stmt"/>
        <line num="145" count="0" type="cond" truecount="0" falsecount="1"/>
        <line num="146" count="0" type="stmt"/>
        <line num="149" count="0" type="cond" truecount="0" falsecount="1"/>
        <line num="150" count="0" type="stmt"/>
        <line num="153" count="0" type="cond" truecount="0" falsecount="1"/>
        <line num="154" count="0" type="stmt"/>
        <line num="158" count="0" type="stmt"/>
        <line num="160" count="0" type="cond" truecount="0" falsecount="1"/>
        <line num="163" count="0" type="stmt"/>
        <line num="167" count="0" type="cond" truecount="0" falsecount="1"/>
        <line num="169" count="0" type="stmt"/>
        <line num="176" count="0" type="stmt"/>
        <line num="177" count="0" type="stmt"/>
        <line num="182" count="0" type="stmt"/>
        <line num="183" count="0" type="stmt"/>
        <line num="185" count="0" type="stmt"/>
        <line num="192" count="0" type="cond" truecount="0" falsecount="1"/>
        <line num="195" count="0" type="stmt"/>
        <line num="198" count="0" type="stmt"/>
        <line num="199" count="0" type="stmt"/>
        <line num="202" count="0" type="stmt"/>
        <line num="205" count="0" type="stmt"/>
        <line num="215" count="0" type="stmt"/>
        <line num="217" count="0" type="stmt"/>
        <line num="218" count="0" type="stmt"/>
        <line num="223" count="0" type="stmt"/>
        <line num="224" count="0" type="stmt"/>
        <line num="225" count="0" type="stmt"/>
        <line num="228" count="0" type="stmt"/>
        <line num="235" count="0" type="cond" truecount="0" falsecount="1"/>
        <line num="236" count="0" type="cond" truecount="0" falsecount="1"/>
        <line num="237" count="0" type="stmt"/>
        <line num="239" count="0" type="stmt"/>
        <line num="243" count="0" type="stmt"/>
        <line num="259" count="0" type="cond" truecount="0" falsecount="1"/>
        <line num="262" count="0" type="stmt"/>
        <line num="267" count="0" type="stmt"/>
        <line num="269" count="0" type="stmt"/>
        <line num="270" count="0" type="stmt"/>
      </file>
      <file name="photo.controller.ts" path="/Users/askinguzel/Documents/dev/tsmartquality-new/backend/src/controllers/photo.controller.ts">
        <metrics statements="93" coveredstatements="0" conditionals="35" coveredconditionals="0" methods="7" coveredmethods="0"/>
        <line num="2" count="0" type="stmt"/>
        <line num="4" count="0" type="stmt"/>
        <line num="5" count="0" type="stmt"/>
        <line num="8" count="0" type="stmt"/>
        <line num="13" count="0" type="stmt"/>
        <line num="14" count="0" type="stmt"/>
        <line num="15" count="0" type="cond" truecount="0" falsecount="2"/>
        <line num="17" count="0" type="stmt"/>
        <line num="23" count="0" type="cond" truecount="0" falsecount="1"/>
        <line num="24" count="0" type="stmt"/>
        <line num="27" count="0" type="stmt"/>
        <line num="31" count="0" type="cond" truecount="0" falsecount="1"/>
        <line num="32" count="0" type="stmt"/>
        <line num="35" count="0" type="stmt"/>
        <line num="43" count="0" type="stmt"/>
        <line num="50" count="0" type="stmt"/>
        <line num="51" count="0" type="stmt"/>
        <line num="52" count="0" type="stmt"/>
        <line num="54" count="0" type="stmt"/>
        <line num="61" count="0" type="cond" truecount="0" falsecount="1"/>
        <line num="62" count="0" type="stmt"/>
        <line num="65" count="0" type="stmt"/>
        <line num="67" count="0" type="stmt"/>
        <line num="74" count="0" type="stmt"/>
        <line num="75" count="0" type="stmt"/>
        <line num="76" count="0" type="cond" truecount="0" falsecount="1"/>
        <line num="77" count="0" type="stmt"/>
        <line num="80" count="0" type="stmt"/>
        <line num="81" count="0" type="stmt"/>
        <line num="84" count="0" type="stmt"/>
        <line num="85" count="0" type="stmt"/>
        <line num="88" count="0" type="stmt"/>
        <line num="96" count="0" type="cond" truecount="0" falsecount="1"/>
        <line num="97" count="0" type="stmt"/>
        <line num="101" count="0" type="stmt"/>
        <line num="107" count="0" type="stmt"/>
        <line num="125" count="0" type="cond" truecount="0" falsecount="1"/>
        <line num="127" count="0" type="stmt"/>
        <line num="132" count="0" type="stmt"/>
        <line num="135" count="0" type="stmt"/>
        <line num="137" count="0" type="stmt"/>
        <line num="144" count="0" type="stmt"/>
        <line num="145" count="0" type="stmt"/>
        <line num="146" count="0" type="stmt"/>
        <line num="148" count="0" type="cond" truecount="0" falsecount="1"/>
        <line num="149" count="0" type="stmt"/>
        <line num="153" count="0" type="stmt"/>
        <line num="160" count="0" type="cond" truecount="0" falsecount="1"/>
        <line num="161" count="0" type="stmt"/>
        <line num="165" count="0" type="stmt"/>
        <line num="179" count="0" type="cond" truecount="0" falsecount="1"/>
        <line num="180" count="0" type="stmt"/>
        <line num="183" count="0" type="stmt"/>
        <line num="185" count="0" type="stmt"/>
        <line num="192" count="0" type="stmt"/>
        <line num="193" count="0" type="stmt"/>
        <line num="194" count="0" type="stmt"/>
        <line num="197" count="0" type="stmt"/>
        <line num="204" count="0" type="cond" truecount="0" falsecount="1"/>
        <line num="205" count="0" type="stmt"/>
        <line num="209" count="0" type="stmt"/>
        <line num="214" count="0" type="cond" truecount="0" falsecount="1"/>
        <line num="215" count="0" type="stmt"/>
        <line num="220" count="0" type="stmt"/>
        <line num="226" count="0" type="cond" truecount="0" falsecount="1"/>
        <line num="227" count="0" type="stmt"/>
        <line num="230" count="0" type="stmt"/>
        <line num="232" count="0" type="stmt"/>
        <line num="239" count="0" type="stmt"/>
        <line num="240" count="0" type="stmt"/>
        <line num="241" count="0" type="stmt"/>
        <line num="242" count="0" type="cond" truecount="0" falsecount="2"/>
        <line num="244" count="0" type="stmt"/>
        <line num="252" count="0" type="cond" truecount="0" falsecount="1"/>
        <line num="253" count="0" type="stmt"/>
        <line num="256" count="0" type="stmt"/>
        <line num="264" count="0" type="stmt"/>
        <line num="271" count="0" type="stmt"/>
        <line num="272" count="0" type="stmt"/>
        <line num="273" count="0" type="stmt"/>
        <line num="275" count="0" type="cond" truecount="0" falsecount="3"/>
        <line num="276" count="0" type="stmt"/>
        <line num="280" count="0" type="stmt"/>
        <line num="287" count="0" type="cond" truecount="0" falsecount="1"/>
        <line num="288" count="0" type="stmt"/>
        <line num="292" count="0" type="stmt"/>
        <line num="299" count="0" type="cond" truecount="0" falsecount="1"/>
        <line num="300" count="0" type="stmt"/>
        <line num="304" count="0" type="stmt"/>
        <line num="316" count="0" type="cond" truecount="0" falsecount="1"/>
        <line num="317" count="0" type="stmt"/>
        <line num="320" count="0" type="stmt"/>
        <line num="322" count="0" type="stmt"/>
      </file>
      <file name="product.controller.ts" path="/Users/askinguzel/Documents/dev/tsmartquality-new/backend/src/controllers/product.controller.ts">
        <metrics statements="147" coveredstatements="0" conditionals="68" coveredconditionals="0" methods="18" coveredmethods="0"/>
        <line num="2" count="0" type="stmt"/>
        <line num="5" count="0" type="stmt"/>
        <line num="6" count="0" type="stmt"/>
        <line num="7" count="0" type="stmt"/>
        <line num="13" count="0" type="cond" truecount="0" falsecount="1"/>
        <line num="15" count="0" type="stmt"/>
        <line num="17" count="0" type="stmt"/>
        <line num="18" count="0" type="stmt"/>
        <line num="23" count="0" type="stmt"/>
        <line num="24" count="0" type="stmt"/>
        <line num="25" count="0" type="stmt"/>
        <line num="27" count="0" type="stmt"/>
        <line num="34" count="0" type="cond" truecount="0" falsecount="1"/>
        <line num="35" count="0" type="cond" truecount="0" falsecount="1"/>
        <line num="36" count="0" type="stmt"/>
        <line num="38" count="0" type="stmt"/>
        <line num="41" count="0" type="stmt"/>
        <line num="43" count="0" type="stmt"/>
        <line num="44" count="0" type="stmt"/>
        <line num="49" count="0" type="stmt"/>
        <line num="50" count="0" type="stmt"/>
        <line num="51" count="0" type="stmt"/>
        <line num="54" count="0" type="stmt"/>
        <line num="55" count="0" type="stmt"/>
        <line num="57" count="0" type="stmt"/>
        <line num="63" count="0" type="cond" truecount="0" falsecount="1"/>
        <line num="65" count="0" type="stmt"/>
        <line num="67" count="0" type="stmt"/>
        <line num="68" count="0" type="stmt"/>
        <line num="73" count="0" type="stmt"/>
        <line num="74" count="0" type="stmt"/>
        <line num="75" count="0" type="stmt"/>
        <line num="78" count="0" type="stmt"/>
        <line num="79" count="0" type="stmt"/>
        <line num="81" count="0" type="stmt"/>
        <line num="88" count="0" type="cond" truecount="0" falsecount="1"/>
        <line num="90" count="0" type="stmt"/>
        <line num="92" count="0" type="stmt"/>
        <line num="93" count="0" type="stmt"/>
        <line num="98" count="0" type="stmt"/>
        <line num="99" count="0" type="stmt"/>
        <line num="100" count="0" type="stmt"/>
        <line num="103" count="0" type="stmt"/>
        <line num="114" count="0" type="cond" truecount="0" falsecount="1"/>
        <line num="117" count="0" type="stmt"/>
        <line num="128" count="0" type="stmt"/>
        <line num="130" count="0" type="stmt"/>
        <line num="131" count="0" type="stmt"/>
        <line num="136" count="0" type="stmt"/>
        <line num="137" count="0" type="stmt"/>
        <line num="138" count="0" type="stmt"/>
        <line num="140" count="0" type="stmt"/>
        <line num="159" count="0" type="cond" truecount="0" falsecount="1"/>
        <line num="160" count="0" type="cond" truecount="0" falsecount="1"/>
        <line num="161" count="0" type="stmt"/>
        <line num="163" count="0" type="stmt"/>
        <line num="167" count="0" type="cond" truecount="0" falsecount="4"/>
        <line num="168" count="0" type="stmt"/>
        <line num="170" count="0" type="stmt"/>
        <line num="176" count="0" type="cond" truecount="0" falsecount="3"/>
        <line num="178" count="0" type="stmt"/>
        <line num="179" count="0" type="stmt"/>
        <line num="180" count="0" type="stmt"/>
        <line num="188" count="0" type="stmt"/>
        <line num="190" count="0" type="stmt"/>
        <line num="191" count="0" type="stmt"/>
        <line num="196" count="0" type="stmt"/>
        <line num="197" count="0" type="stmt"/>
        <line num="198" count="0" type="stmt"/>
        <line num="209" count="0" type="cond" truecount="0" falsecount="1"/>
        <line num="211" count="0" type="stmt"/>
        <line num="213" count="0" type="stmt"/>
        <line num="214" count="0" type="stmt"/>
        <line num="219" count="0" type="stmt"/>
        <line num="220" count="0" type="stmt"/>
        <line num="221" count="0" type="stmt"/>
        <line num="233" count="0" type="cond" truecount="0" falsecount="1"/>
        <line num="236" count="0" type="stmt"/>
        <line num="237" count="0" type="stmt"/>
        <line num="244" count="0" type="stmt"/>
        <line num="246" count="0" type="stmt"/>
        <line num="247" count="0" type="stmt"/>
        <line num="252" count="0" type="stmt"/>
        <line num="253" count="0" type="stmt"/>
        <line num="254" count="0" type="cond" truecount="0" falsecount="2"/>
        <line num="255" count="0" type="cond" truecount="0" falsecount="2"/>
        <line num="258" count="0" type="stmt"/>
        <line num="263" count="0" type="cond" truecount="0" falsecount="1"/>
        <line num="266" count="0" type="stmt"/>
        <line num="278" count="0" type="cond" truecount="0" falsecount="1"/>
        <line num="280" count="0" type="stmt"/>
        <line num="287" count="0" type="stmt"/>
        <line num="288" count="0" type="stmt"/>
        <line num="293" count="0" type="stmt"/>
        <line num="294" count="0" type="stmt"/>
        <line num="295" count="0" type="cond" truecount="0" falsecount="2"/>
        <line num="296" count="0" type="cond" truecount="0" falsecount="2"/>
        <line num="304" count="0" type="stmt"/>
        <line num="306" count="0" type="stmt"/>
        <line num="318" count="0" type="cond" truecount="0" falsecount="1"/>
        <line num="319" count="0" type="stmt"/>
        <line num="322" count="0" type="cond" truecount="0" falsecount="1"/>
        <line num="323" count="0" type="stmt"/>
        <line num="326" count="0" type="cond" truecount="0" falsecount="1"/>
        <line num="327" count="0" type="stmt"/>
        <line num="330" count="0" type="cond" truecount="0" falsecount="1"/>
        <line num="331" count="0" type="stmt"/>
        <line num="334" count="0" type="cond" truecount="0" falsecount="1"/>
        <line num="335" count="0" type="stmt"/>
        <line num="338" count="0" type="cond" truecount="0" falsecount="1"/>
        <line num="339" count="0" type="stmt"/>
        <line num="343" count="0" type="stmt"/>
        <line num="345" count="0" type="cond" truecount="0" falsecount="1"/>
        <line num="348" count="0" type="stmt"/>
        <line num="352" count="0" type="cond" truecount="0" falsecount="1"/>
        <line num="354" count="0" type="stmt"/>
        <line num="361" count="0" type="stmt"/>
        <line num="362" count="0" type="stmt"/>
        <line num="367" count="0" type="stmt"/>
        <line num="368" count="0" type="stmt"/>
        <line num="376" count="0" type="stmt"/>
        <line num="385" count="0" type="cond" truecount="0" falsecount="1"/>
        <line num="386" count="0" type="cond" truecount="0" falsecount="1"/>
        <line num="387" count="0" type="cond" truecount="0" falsecount="1"/>
        <line num="388" count="0" type="cond" truecount="0" falsecount="1"/>
        <line num="389" count="0" type="cond" truecount="0" falsecount="1"/>
        <line num="392" count="0" type="stmt"/>
        <line num="400" count="0" type="stmt"/>
        <line num="402" count="0" type="stmt"/>
        <line num="403" count="0" type="stmt"/>
        <line num="408" count="0" type="stmt"/>
        <line num="409" count="0" type="stmt"/>
        <line num="411" count="0" type="stmt"/>
        <line num="414" count="0" type="stmt"/>
        <line num="420" count="0" type="cond" truecount="0" falsecount="1"/>
        <line num="423" count="0" type="stmt"/>
        <line num="433" count="0" type="cond" truecount="0" falsecount="1"/>
        <line num="436" count="0" type="stmt"/>
        <line num="446" count="0" type="cond" truecount="0" falsecount="1"/>
        <line num="449" count="0" type="stmt"/>
        <line num="459" count="0" type="cond" truecount="0" falsecount="1"/>
        <line num="462" count="0" type="stmt"/>
        <line num="464" count="0" type="stmt"/>
        <line num="468" count="0" type="stmt"/>
        <line num="475" count="0" type="stmt"/>
        <line num="477" count="0" type="stmt"/>
        <line num="478" count="0" type="stmt"/>
      </file>
      <file name="recipe.controller.ts" path="/Users/askinguzel/Documents/dev/tsmartquality-new/backend/src/controllers/recipe.controller.ts">
        <metrics statements="194" coveredstatements="76" conditionals="124" coveredconditionals="37" methods="21" coveredmethods="7"/>
        <line num="2" count="1" type="stmt"/>
        <line num="7" count="1" type="stmt"/>
        <line num="8" count="2" type="stmt"/>
        <line num="9" count="2" type="cond" truecount="0" falsecount="2"/>
        <line num="11" count="2" type="stmt"/>
        <line num="18" count="2" type="cond" truecount="1" falsecount="0"/>
        <line num="19" count="1" type="stmt"/>
        <line num="22" count="1" type="stmt"/>
        <line num="30" count="0" type="stmt"/>
        <line num="37" count="1" type="stmt"/>
        <line num="38" count="0" type="stmt"/>
        <line num="39" count="0" type="cond" truecount="0" falsecount="2"/>
        <line num="42" count="0" type="stmt"/>
        <line num="49" count="0" type="cond" truecount="0" falsecount="1"/>
        <line num="50" count="0" type="stmt"/>
        <line num="53" count="0" type="cond" truecount="0" falsecount="3"/>
        <line num="54" count="0" type="stmt"/>
        <line num="64" count="0" type="stmt"/>
        <line num="67" count="0" type="stmt"/>
        <line num="77" count="0" type="cond" truecount="0" falsecount="1"/>
        <line num="78" count="0" type="stmt"/>
        <line num="82" count="0" type="stmt"/>
        <line num="86" count="0" type="stmt"/>
        <line num="88" count="0" type="stmt"/>
        <line num="92" count="0" type="stmt"/>
        <line num="94" count="0" type="cond" truecount="0" falsecount="3"/>
        <line num="95" count="0" type="stmt"/>
        <line num="102" count="0" type="cond" truecount="0" falsecount="2"/>
        <line num="103" count="0" type="stmt"/>
        <line num="104" count="0" type="stmt"/>
        <line num="107" count="0" type="cond" truecount="0" falsecount="2"/>
        <line num="108" count="0" type="stmt"/>
        <line num="109" count="0" type="stmt"/>
        <line num="113" count="0" type="cond" truecount="0" falsecount="2"/>
        <line num="114" count="0" type="cond" truecount="0" falsecount="1"/>
        <line num="115" count="0" type="stmt"/>
        <line num="117" count="0" type="stmt"/>
        <line num="118" count="0" type="stmt"/>
        <line num="122" count="0" type="stmt"/>
        <line num="129" count="0" type="stmt"/>
        <line num="137" count="0" type="stmt"/>
        <line num="144" count="1" type="stmt"/>
        <line num="145" count="2" type="stmt"/>
        <line num="146" count="2" type="stmt"/>
        <line num="149" count="2" type="stmt"/>
        <line num="156" count="1" type="cond" truecount="0" falsecount="1"/>
        <line num="157" count="0" type="stmt"/>
        <line num="161" count="1" type="stmt"/>
        <line num="171" count="0" type="cond" truecount="0" falsecount="1"/>
        <line num="172" count="0" type="stmt"/>
        <line num="176" count="0" type="stmt"/>
        <line num="177" count="0" type="stmt"/>
        <line num="179" count="0" type="cond" truecount="0" falsecount="1"/>
        <line num="180" count="0" type="stmt"/>
        <line num="187" count="0" type="cond" truecount="0" falsecount="1"/>
        <line num="188" count="0" type="stmt"/>
        <line num="192" count="0" type="cond" truecount="0" falsecount="1"/>
        <line num="193" count="0" type="stmt"/>
        <line num="200" count="0" type="cond" truecount="0" falsecount="1"/>
        <line num="201" count="0" type="stmt"/>
        <line num="206" count="0" type="stmt"/>
        <line num="213" count="0" type="stmt"/>
        <line num="218" count="2" type="stmt"/>
        <line num="225" count="1" type="stmt"/>
        <line num="226" count="2" type="stmt"/>
        <line num="227" count="2" type="stmt"/>
        <line num="229" count="2" type="stmt"/>
        <line num="236" count="2" type="cond" truecount="1" falsecount="0"/>
        <line num="237" count="1" type="stmt"/>
        <line num="240" count="1" type="stmt"/>
        <line num="242" count="0" type="stmt"/>
        <line num="249" count="1" type="stmt"/>
        <line num="250" count="3" type="stmt"/>
        <line num="258" count="3" type="stmt"/>
        <line num="261" count="3" type="cond" truecount="5" falsecount="0"/>
        <line num="262" count="2" type="stmt"/>
        <line num="269" count="1" type="stmt"/>
        <line num="284" count="1" type="cond" truecount="0" falsecount="1"/>
        <line num="285" count="0" type="stmt"/>
        <line num="288" count="1" type="stmt"/>
        <line num="290" count="0" type="stmt"/>
        <line num="297" count="1" type="stmt"/>
        <line num="298" count="3" type="stmt"/>
        <line num="308" count="3" type="stmt"/>
        <line num="310" count="3" type="cond" truecount="1" falsecount="0"/>
        <line num="311" count="1" type="stmt"/>
        <line num="315" count="2" type="cond" truecount="1" falsecount="2"/>
        <line num="316" count="0" type="stmt"/>
        <line num="323" count="2" type="stmt"/>
        <line num="330" count="2" type="cond" truecount="1" falsecount="0"/>
        <line num="331" count="1" type="stmt"/>
        <line num="335" count="1" type="stmt"/>
        <line num="353" count="1" type="cond" truecount="0" falsecount="1"/>
        <line num="354" count="0" type="stmt"/>
        <line num="357" count="1" type="stmt"/>
        <line num="359" count="0" type="stmt"/>
        <line num="366" count="1" type="stmt"/>
        <line num="367" count="2" type="stmt"/>
        <line num="368" count="2" type="stmt"/>
        <line num="371" count="2" type="stmt"/>
        <line num="378" count="2" type="cond" truecount="0" falsecount="1"/>
        <line num="379" count="0" type="stmt"/>
        <line num="383" count="2" type="cond" truecount="3" falsecount="0"/>
        <line num="384" count="1" type="stmt"/>
        <line num="390" count="0" type="cond" truecount="0" falsecount="1"/>
        <line num="391" count="0" type="stmt"/>
        <line num="396" count="1" type="stmt"/>
        <line num="402" count="0" type="cond" truecount="0" falsecount="1"/>
        <line num="403" count="0" type="stmt"/>
        <line num="406" count="0" type="stmt"/>
        <line num="408" count="2" type="stmt"/>
        <line num="415" count="1" type="stmt"/>
        <line num="416" count="0" type="stmt"/>
        <line num="417" count="0" type="stmt"/>
        <line num="418" count="0" type="cond" truecount="0" falsecount="2"/>
        <line num="421" count="0" type="stmt"/>
        <line num="428" count="0" type="cond" truecount="0" falsecount="1"/>
        <line num="429" count="0" type="stmt"/>
        <line num="433" count="0" type="stmt"/>
        <line num="445" count="0" type="cond" truecount="0" falsecount="1"/>
        <line num="446" count="0" type="stmt"/>
        <line num="449" count="0" type="stmt"/>
        <line num="457" count="0" type="stmt"/>
        <line num="464" count="1" type="stmt"/>
        <line num="465" count="0" type="stmt"/>
        <line num="466" count="0" type="stmt"/>
        <line num="468" count="0" type="stmt"/>
        <line num="479" count="0" type="cond" truecount="0" falsecount="1"/>
        <line num="480" count="0" type="stmt"/>
        <line num="483" count="0" type="stmt"/>
        <line num="485" count="0" type="stmt"/>
        <line num="492" count="1" type="stmt"/>
        <line num="493" count="3" type="stmt"/>
        <line num="501" count="3" type="stmt"/>
        <line num="504" count="3" type="cond" truecount="1" falsecount="0"/>
        <line num="505" count="1" type="stmt"/>
        <line num="509" count="2" type="cond" truecount="4" falsecount="1"/>
        <line num="510" count="1" type="stmt"/>
        <line num="517" count="1" type="stmt"/>
        <line num="524" count="1" type="cond" truecount="0" falsecount="1"/>
        <line num="525" count="0" type="stmt"/>
        <line num="529" count="1" type="cond" truecount="1" falsecount="0"/>
        <line num="530" count="1" type="stmt"/>
        <line num="537" count="1" type="cond" truecount="0" falsecount="1"/>
        <line num="538" count="0" type="stmt"/>
        <line num="543" count="1" type="cond" truecount="0" falsecount="1"/>
        <line num="544" count="0" type="stmt"/>
        <line num="551" count="0" type="cond" truecount="0" falsecount="1"/>
        <line num="552" count="0" type="stmt"/>
        <line num="557" count="1" type="stmt"/>
        <line num="558" count="1" type="cond" truecount="1" falsecount="0"/>
        <line num="559" count="1" type="stmt"/>
        <line num="567" count="1" type="cond" truecount="3" falsecount="1"/>
        <line num="571" count="1" type="stmt"/>
        <line num="586" count="1" type="cond" truecount="0" falsecount="1"/>
        <line num="587" count="0" type="stmt"/>
        <line num="590" count="1" type="stmt"/>
        <line num="592" count="0" type="stmt"/>
        <line num="599" count="1" type="stmt"/>
        <line num="600" count="0" type="stmt"/>
        <line num="610" count="0" type="stmt"/>
        <line num="612" count="0" type="cond" truecount="0" falsecount="1"/>
        <line num="613" count="0" type="stmt"/>
        <line num="617" count="0" type="cond" truecount="0" falsecount="1"/>
        <line num="618" count="0" type="stmt"/>
        <line num="622" count="0" type="cond" truecount="0" falsecount="3"/>
        <line num="623" count="0" type="stmt"/>
        <line num="630" count="0" type="stmt"/>
        <line num="637" count="0" type="cond" truecount="0" falsecount="1"/>
        <line num="638" count="0" type="stmt"/>
        <line num="642" count="0" type="stmt"/>
        <line num="649" count="0" type="cond" truecount="0" falsecount="1"/>
        <line num="650" count="0" type="stmt"/>
        <line num="654" count="0" type="cond" truecount="0" falsecount="1"/>
        <line num="655" count="0" type="stmt"/>
        <line num="662" count="0" type="cond" truecount="0" falsecount="1"/>
        <line num="663" count="0" type="stmt"/>
        <line num="668" count="0" type="cond" truecount="0" falsecount="1"/>
        <line num="669" count="0" type="stmt"/>
        <line num="676" count="0" type="cond" truecount="0" falsecount="1"/>
        <line num="677" count="0" type="stmt"/>
        <line num="682" count="0" type="stmt"/>
        <line num="700" count="0" type="cond" truecount="0" falsecount="1"/>
        <line num="701" count="0" type="stmt"/>
        <line num="704" count="0" type="stmt"/>
        <line num="706" count="0" type="stmt"/>
        <line num="713" count="1" type="stmt"/>
        <line num="714" count="0" type="stmt"/>
        <line num="715" count="0" type="stmt"/>
        <line num="717" count="0" type="stmt"/>
        <line num="723" count="0" type="cond" truecount="0" falsecount="1"/>
        <line num="724" count="0" type="stmt"/>
        <line num="727" count="0" type="stmt"/>
        <line num="729" count="0" type="stmt"/>
      </file>
      <file name="role.controller.ts" path="/Users/askinguzel/Documents/dev/tsmartquality-new/backend/src/controllers/role.controller.ts">
        <metrics statements="134" coveredstatements="78" conditionals="57" coveredconditionals="28" methods="10" coveredmethods="6"/>
        <line num="2" count="1" type="stmt"/>
        <line num="7" count="1" type="stmt"/>
        <line num="8" count="2" type="stmt"/>
        <line num="9" count="2" type="cond" truecount="0" falsecount="2"/>
        <line num="11" count="2" type="stmt"/>
        <line num="16" count="2" type="cond" truecount="1" falsecount="0"/>
        <line num="17" count="1" type="stmt"/>
        <line num="20" count="2" type="stmt"/>
        <line num="24" count="2" type="cond" truecount="0" falsecount="1"/>
        <line num="25" count="0" type="stmt"/>
        <line num="28" count="2" type="stmt"/>
        <line num="36" count="0" type="stmt"/>
        <line num="43" count="1" type="stmt"/>
        <line num="44" count="2" type="stmt"/>
        <line num="45" count="2" type="stmt"/>
        <line num="47" count="2" type="stmt"/>
        <line num="53" count="2" type="cond" truecount="1" falsecount="0"/>
        <line num="54" count="1" type="stmt"/>
        <line num="57" count="2" type="stmt"/>
        <line num="59" count="2" type="cond" truecount="0" falsecount="1"/>
        <line num="60" count="0" type="stmt"/>
        <line num="63" count="2" type="stmt"/>
        <line num="65" count="0" type="stmt"/>
        <line num="72" count="1" type="stmt"/>
        <line num="73" count="3" type="stmt"/>
        <line num="74" count="3" type="stmt"/>
        <line num="77" count="3" type="cond" truecount="3" falsecount="0"/>
        <line num="78" count="1" type="stmt"/>
        <line num="85" count="2" type="stmt"/>
        <line num="92" count="2" type="cond" truecount="3" falsecount="0"/>
        <line num="93" count="1" type="stmt"/>
        <line num="100" count="1" type="stmt"/>
        <line num="111" count="1" type="cond" truecount="0" falsecount="1"/>
        <line num="112" count="0" type="stmt"/>
        <line num="115" count="1" type="stmt"/>
        <line num="117" count="0" type="stmt"/>
        <line num="124" count="1" type="stmt"/>
        <line num="125" count="3" type="stmt"/>
        <line num="126" count="3" type="stmt"/>
        <line num="129" count="3" type="cond" truecount="3" falsecount="0"/>
        <line num="130" count="1" type="stmt"/>
        <line num="137" count="2" type="stmt"/>
        <line num="143" count="2" type="cond" truecount="1" falsecount="0"/>
        <line num="144" count="2" type="stmt"/>
        <line num="147" count="2" type="stmt"/>
        <line num="149" count="2" type="cond" truecount="1" falsecount="0"/>
        <line num="150" count="1" type="stmt"/>
        <line num="157" count="1" type="cond" truecount="3" falsecount="0"/>
        <line num="158" count="1" type="stmt"/>
        <line num="166" count="1" type="cond" truecount="2" falsecount="1"/>
        <line num="167" count="0" type="stmt"/>
        <line num="175" count="1" type="stmt"/>
        <line num="187" count="1" type="cond" truecount="0" falsecount="1"/>
        <line num="188" count="0" type="stmt"/>
        <line num="191" count="1" type="stmt"/>
        <line num="193" count="0" type="stmt"/>
        <line num="200" count="1" type="stmt"/>
        <line num="201" count="0" type="stmt"/>
        <line num="202" count="0" type="stmt"/>
        <line num="205" count="0" type="cond" truecount="0" falsecount="3"/>
        <line num="206" count="0" type="stmt"/>
        <line num="213" count="0" type="stmt"/>
        <line num="219" count="0" type="cond" truecount="0" falsecount="1"/>
        <line num="220" count="0" type="stmt"/>
        <line num="223" count="0" type="stmt"/>
        <line num="225" count="0" type="cond" truecount="0" falsecount="1"/>
        <line num="226" count="0" type="stmt"/>
        <line num="233" count="0" type="stmt"/>
        <line num="239" count="0" type="cond" truecount="0" falsecount="3"/>
        <line num="240" count="0" type="stmt"/>
        <line num="247" count="0" type="stmt"/>
        <line num="253" count="0" type="stmt"/>
        <line num="258" count="0" type="cond" truecount="0" falsecount="1"/>
        <line num="259" count="0" type="stmt"/>
        <line num="262" count="0" type="stmt"/>
        <line num="267" count="0" type="stmt"/>
        <line num="274" count="1" type="stmt"/>
        <line num="275" count="2" type="stmt"/>
        <line num="276" count="2" type="stmt"/>
        <line num="279" count="2" type="stmt"/>
        <line num="285" count="2" type="cond" truecount="1" falsecount="0"/>
        <line num="286" count="2" type="stmt"/>
        <line num="289" count="1" type="stmt"/>
        <line num="291" count="1" type="cond" truecount="0" falsecount="1"/>
        <line num="292" count="0" type="stmt"/>
        <line num="299" count="1" type="stmt"/>
        <line num="304" count="1" type="cond" truecount="0" falsecount="1"/>
        <line num="305" count="0" type="stmt"/>
        <line num="308" count="1" type="stmt"/>
        <line num="310" count="0" type="stmt"/>
        <line num="312" count="2" type="stmt"/>
        <line num="319" count="1" type="stmt"/>
        <line num="320" count="3" type="stmt"/>
        <line num="321" count="3" type="stmt"/>
        <line num="324" count="3" type="cond" truecount="3" falsecount="0"/>
        <line num="325" count="1" type="stmt"/>
        <line num="332" count="2" type="stmt"/>
        <line num="338" count="2" type="cond" truecount="1" falsecount="0"/>
        <line num="339" count="2" type="stmt"/>
        <line num="342" count="2" type="stmt"/>
        <line num="344" count="2" type="cond" truecount="0" falsecount="1"/>
        <line num="345" count="0" type="stmt"/>
        <line num="352" count="2" type="stmt"/>
        <line num="359" count="2" type="cond" truecount="3" falsecount="0"/>
        <line num="360" count="1" type="stmt"/>
        <line num="367" count="1" type="stmt"/>
        <line num="378" count="1" type="cond" truecount="0" falsecount="1"/>
        <line num="379" count="0" type="stmt"/>
        <line num="382" count="1" type="stmt"/>
        <line num="384" count="0" type="stmt"/>
        <line num="391" count="1" type="stmt"/>
        <line num="392" count="0" type="stmt"/>
        <line num="393" count="0" type="stmt"/>
        <line num="396" count="0" type="cond" truecount="0" falsecount="3"/>
        <line num="397" count="0" type="stmt"/>
        <line num="404" count="0" type="stmt"/>
        <line num="410" count="0" type="cond" truecount="0" falsecount="1"/>
        <line num="411" count="0" type="stmt"/>
        <line num="414" count="0" type="stmt"/>
        <line num="416" count="0" type="cond" truecount="0" falsecount="1"/>
        <line num="417" count="0" type="stmt"/>
        <line num="424" count="0" type="stmt"/>
        <line num="431" count="0" type="cond" truecount="0" falsecount="1"/>
        <line num="432" count="0" type="stmt"/>
        <line num="435" count="0" type="stmt"/>
        <line num="437" count="0" type="cond" truecount="0" falsecount="1"/>
        <line num="438" count="0" type="stmt"/>
        <line num="441" count="0" type="stmt"/>
        <line num="446" count="0" type="stmt"/>
        <line num="453" count="1" type="stmt"/>
        <line num="454" count="0" type="stmt"/>
        <line num="459" count="0" type="stmt"/>
        <line num="494" count="0" type="stmt"/>
        <line num="499" count="0" type="stmt"/>
      </file>
      <file name="spec.controller.ts" path="/Users/askinguzel/Documents/dev/tsmartquality-new/backend/src/controllers/spec.controller.ts">
        <metrics statements="168" coveredstatements="79" conditionals="101" coveredconditionals="38" methods="19" coveredmethods="8"/>
        <line num="2" count="1" type="stmt"/>
        <line num="7" count="1" type="stmt"/>
        <line num="8" count="2" type="stmt"/>
        <line num="9" count="2" type="cond" truecount="0" falsecount="2"/>
        <line num="11" count="2" type="stmt"/>
        <line num="18" count="2" type="cond" truecount="1" falsecount="0"/>
        <line num="19" count="1" type="stmt"/>
        <line num="22" count="1" type="stmt"/>
        <line num="30" count="0" type="stmt"/>
        <line num="37" count="1" type="stmt"/>
        <line num="38" count="0" type="stmt"/>
        <line num="39" count="0" type="cond" truecount="0" falsecount="2"/>
        <line num="42" count="0" type="stmt"/>
        <line num="49" count="0" type="cond" truecount="0" falsecount="1"/>
        <line num="50" count="0" type="stmt"/>
        <line num="53" count="0" type="cond" truecount="0" falsecount="3"/>
        <line num="54" count="0" type="stmt"/>
        <line num="64" count="0" type="stmt"/>
        <line num="67" count="0" type="stmt"/>
        <line num="73" count="0" type="cond" truecount="0" falsecount="1"/>
        <line num="74" count="0" type="stmt"/>
        <line num="78" count="0" type="stmt"/>
        <line num="82" count="0" type="stmt"/>
        <line num="84" count="0" type="cond" truecount="0" falsecount="1"/>
        <line num="85" count="0" type="stmt"/>
        <line num="92" count="0" type="cond" truecount="0" falsecount="2"/>
        <line num="93" count="0" type="stmt"/>
        <line num="94" count="0" type="stmt"/>
        <line num="98" count="0" type="cond" truecount="0" falsecount="2"/>
        <line num="99" count="0" type="cond" truecount="0" falsecount="1"/>
        <line num="100" count="0" type="stmt"/>
        <line num="102" count="0" type="stmt"/>
        <line num="103" count="0" type="stmt"/>
        <line num="107" count="0" type="stmt"/>
        <line num="113" count="0" type="stmt"/>
        <line num="121" count="0" type="stmt"/>
        <line num="128" count="1" type="stmt"/>
        <line num="129" count="0" type="stmt"/>
        <line num="130" count="0" type="stmt"/>
        <line num="133" count="0" type="stmt"/>
        <line num="140" count="0" type="cond" truecount="0" falsecount="1"/>
        <line num="141" count="0" type="stmt"/>
        <line num="145" count="0" type="stmt"/>
        <line num="152" count="0" type="cond" truecount="0" falsecount="1"/>
        <line num="153" count="0" type="stmt"/>
        <line num="157" count="0" type="stmt"/>
        <line num="159" count="0" type="cond" truecount="0" falsecount="1"/>
        <line num="160" count="0" type="stmt"/>
        <line num="167" count="0" type="cond" truecount="0" falsecount="1"/>
        <line num="168" count="0" type="stmt"/>
        <line num="173" count="0" type="stmt"/>
        <line num="179" count="0" type="stmt"/>
        <line num="184" count="0" type="stmt"/>
        <line num="191" count="1" type="stmt"/>
        <line num="192" count="2" type="stmt"/>
        <line num="193" count="2" type="stmt"/>
        <line num="195" count="2" type="stmt"/>
        <line num="202" count="2" type="cond" truecount="1" falsecount="0"/>
        <line num="203" count="1" type="stmt"/>
        <line num="206" count="1" type="stmt"/>
        <line num="208" count="0" type="stmt"/>
        <line num="215" count="1" type="stmt"/>
        <line num="216" count="2" type="stmt"/>
        <line num="222" count="2" type="stmt"/>
        <line num="225" count="2" type="stmt"/>
        <line num="238" count="2" type="cond" truecount="1" falsecount="0"/>
        <line num="239" count="1" type="stmt"/>
        <line num="242" count="1" type="stmt"/>
        <line num="244" count="0" type="stmt"/>
        <line num="251" count="1" type="stmt"/>
        <line num="252" count="3" type="stmt"/>
        <line num="260" count="3" type="stmt"/>
        <line num="262" count="3" type="cond" truecount="1" falsecount="0"/>
        <line num="263" count="1" type="stmt"/>
        <line num="267" count="2" type="stmt"/>
        <line num="274" count="2" type="cond" truecount="1" falsecount="0"/>
        <line num="275" count="1" type="stmt"/>
        <line num="279" count="1" type="stmt"/>
        <line num="295" count="1" type="cond" truecount="0" falsecount="1"/>
        <line num="296" count="0" type="stmt"/>
        <line num="299" count="1" type="stmt"/>
        <line num="301" count="0" type="stmt"/>
        <line num="308" count="1" type="stmt"/>
        <line num="309" count="2" type="stmt"/>
        <line num="310" count="2" type="stmt"/>
        <line num="313" count="2" type="stmt"/>
        <line num="320" count="2" type="cond" truecount="0" falsecount="1"/>
        <line num="321" count="0" type="stmt"/>
        <line num="325" count="2" type="cond" truecount="3" falsecount="0"/>
        <line num="326" count="1" type="stmt"/>
        <line num="332" count="0" type="cond" truecount="0" falsecount="1"/>
        <line num="333" count="0" type="stmt"/>
        <line num="338" count="1" type="stmt"/>
        <line num="344" count="0" type="cond" truecount="0" falsecount="1"/>
        <line num="345" count="0" type="stmt"/>
        <line num="348" count="0" type="stmt"/>
        <line num="350" count="2" type="stmt"/>
        <line num="357" count="1" type="stmt"/>
        <line num="358" count="1" type="stmt"/>
        <line num="359" count="1" type="stmt"/>
        <line num="360" count="1" type="cond" truecount="0" falsecount="2"/>
        <line num="362" count="1" type="stmt"/>
        <line num="370" count="0" type="cond" truecount="0" falsecount="1"/>
        <line num="371" count="0" type="stmt"/>
        <line num="374" count="0" type="stmt"/>
        <line num="382" count="1" type="stmt"/>
        <line num="389" count="1" type="stmt"/>
        <line num="390" count="0" type="stmt"/>
        <line num="391" count="0" type="stmt"/>
        <line num="392" count="0" type="cond" truecount="0" falsecount="2"/>
        <line num="395" count="0" type="stmt"/>
        <line num="402" count="0" type="cond" truecount="0" falsecount="1"/>
        <line num="403" count="0" type="stmt"/>
        <line num="407" count="0" type="stmt"/>
        <line num="415" count="0" type="cond" truecount="0" falsecount="1"/>
        <line num="416" count="0" type="stmt"/>
        <line num="419" count="0" type="stmt"/>
        <line num="427" count="0" type="stmt"/>
        <line num="434" count="1" type="stmt"/>
        <line num="435" count="0" type="stmt"/>
        <line num="436" count="0" type="stmt"/>
        <line num="438" count="0" type="stmt"/>
        <line num="445" count="0" type="cond" truecount="0" falsecount="1"/>
        <line num="446" count="0" type="stmt"/>
        <line num="449" count="0" type="stmt"/>
        <line num="451" count="0" type="stmt"/>
        <line num="458" count="1" type="stmt"/>
        <line num="459" count="3" type="stmt"/>
        <line num="469" count="3" type="stmt"/>
        <line num="472" count="3" type="cond" truecount="1" falsecount="0"/>
        <line num="473" count="1" type="stmt"/>
        <line num="477" count="2" type="stmt"/>
        <line num="484" count="2" type="cond" truecount="1" falsecount="0"/>
        <line num="485" count="1" type="stmt"/>
        <line num="489" count="1" type="stmt"/>
        <line num="490" count="1" type="cond" truecount="1" falsecount="0"/>
        <line num="491" count="1" type="stmt"/>
        <line num="499" count="1" type="cond" truecount="3" falsecount="1"/>
        <line num="503" count="1" type="stmt"/>
        <line num="520" count="1" type="cond" truecount="0" falsecount="1"/>
        <line num="521" count="0" type="stmt"/>
        <line num="524" count="1" type="stmt"/>
        <line num="526" count="0" type="stmt"/>
        <line num="533" count="1" type="stmt"/>
        <line num="534" count="2" type="stmt"/>
        <line num="546" count="2" type="stmt"/>
        <line num="548" count="2" type="cond" truecount="1" falsecount="0"/>
        <line num="549" count="1" type="stmt"/>
        <line num="553" count="1" type="stmt"/>
        <line num="560" count="1" type="cond" truecount="0" falsecount="1"/>
        <line num="561" count="0" type="stmt"/>
        <line num="565" count="1" type="cond" truecount="1" falsecount="2"/>
        <line num="566" count="0" type="stmt"/>
        <line num="573" count="0" type="cond" truecount="0" falsecount="1"/>
        <line num="574" count="0" type="stmt"/>
        <line num="579" count="1" type="stmt"/>
        <line num="599" count="1" type="cond" truecount="0" falsecount="1"/>
        <line num="600" count="0" type="stmt"/>
        <line num="603" count="1" type="stmt"/>
        <line num="605" count="0" type="stmt"/>
        <line num="612" count="1" type="stmt"/>
        <line num="613" count="0" type="stmt"/>
        <line num="614" count="0" type="stmt"/>
        <line num="616" count="0" type="stmt"/>
        <line num="622" count="0" type="cond" truecount="0" falsecount="1"/>
        <line num="623" count="0" type="stmt"/>
        <line num="626" count="0" type="stmt"/>
        <line num="628" count="0" type="stmt"/>
      </file>
      <file name="user.controller.ts" path="/Users/askinguzel/Documents/dev/tsmartquality-new/backend/src/controllers/user.controller.ts">
        <metrics statements="194" coveredstatements="65" conditionals="97" coveredconditionals="25" methods="14" coveredmethods="5"/>
        <line num="2" count="1" type="stmt"/>
        <line num="7" count="1" type="stmt"/>
        <line num="8" count="3" type="stmt"/>
        <line num="9" count="3" type="cond" truecount="2" falsecount="0"/>
        <line num="12" count="3" type="cond" truecount="3" falsecount="0"/>
        <line num="13" count="1" type="stmt"/>
        <line num="19" count="2" type="stmt"/>
        <line num="24" count="2" type="cond" truecount="1" falsecount="0"/>
        <line num="25" count="1" type="stmt"/>
        <line num="28" count="2" type="stmt"/>
        <line num="32" count="2" type="cond" truecount="0" falsecount="1"/>
        <line num="33" count="0" type="stmt"/>
        <line num="37" count="2" type="stmt"/>
        <line num="38" count="4" type="stmt"/>
        <line num="39" count="4" type="stmt"/>
        <line num="42" count="2" type="stmt"/>
        <line num="50" count="0" type="stmt"/>
        <line num="57" count="1" type="stmt"/>
        <line num="58" count="3" type="stmt"/>
        <line num="59" count="3" type="stmt"/>
        <line num="62" count="3" type="cond" truecount="4" falsecount="0"/>
        <line num="63" count="1" type="stmt"/>
        <line num="69" count="2" type="stmt"/>
        <line num="75" count="2" type="cond" truecount="3" falsecount="0"/>
        <line num="76" count="1" type="stmt"/>
        <line num="79" count="2" type="stmt"/>
        <line num="81" count="2" type="cond" truecount="0" falsecount="1"/>
        <line num="82" count="0" type="stmt"/>
        <line num="86" count="2" type="stmt"/>
        <line num="88" count="2" type="stmt"/>
        <line num="90" count="0" type="stmt"/>
        <line num="97" count="1" type="stmt"/>
        <line num="98" count="2" type="stmt"/>
        <line num="99" count="2" type="stmt"/>
        <line num="105" count="2" type="cond" truecount="1" falsecount="0"/>
        <line num="106" count="1" type="stmt"/>
        <line num="110" count="1" type="stmt"/>
        <line num="112" count="1" type="stmt"/>
        <line num="114" count="0" type="stmt"/>
        <line num="121" count="1" type="stmt"/>
        <line num="122" count="3" type="stmt"/>
        <line num="133" count="3" type="stmt"/>
        <line num="135" count="3" type="cond" truecount="1" falsecount="0"/>
        <line num="136" count="1" type="stmt"/>
        <line num="142" count="2" type="cond" truecount="3" falsecount="0"/>
        <line num="143" count="1" type="cond" truecount="1" falsecount="0"/>
        <line num="144" count="1" type="stmt"/>
        <line num="151" count="0" type="stmt"/>
        <line num="157" count="0" type="cond" truecount="0" falsecount="3"/>
        <line num="158" count="0" type="stmt"/>
        <line num="166" count="1" type="stmt"/>
        <line num="172" count="1" type="cond" truecount="0" falsecount="1"/>
        <line num="173" count="0" type="stmt"/>
        <line num="177" count="1" type="cond" truecount="1" falsecount="2"/>
        <line num="178" count="0" type="stmt"/>
        <line num="185" count="0" type="cond" truecount="0" falsecount="3"/>
        <line num="186" count="0" type="stmt"/>
        <line num="190" count="0" type="stmt"/>
        <line num="195" count="0" type="cond" truecount="0" falsecount="1"/>
        <line num="196" count="0" type="stmt"/>
        <line num="201" count="1" type="stmt"/>
        <line num="203" count="1" type="cond" truecount="1" falsecount="0"/>
        <line num="204" count="1" type="cond" truecount="0" falsecount="1"/>
        <line num="205" count="1" type="cond" truecount="1" falsecount="0"/>
        <line num="206" count="1" type="cond" truecount="1" falsecount="0"/>
        <line num="207" count="1" type="cond" truecount="0" falsecount="1"/>
        <line num="210" count="1" type="cond" truecount="2" falsecount="1"/>
        <line num="211" count="0" type="cond" truecount="0" falsecount="1"/>
        <line num="214" count="0" type="cond" truecount="0" falsecount="1"/>
        <line num="215" count="0" type="cond" truecount="0" falsecount="1"/>
        <line num="216" count="0" type="cond" truecount="0" falsecount="1"/>
        <line num="221" count="1" type="stmt"/>
        <line num="222" count="1" type="stmt"/>
        <line num="225" count="1" type="stmt"/>
        <line num="232" count="1" type="cond" truecount="0" falsecount="1"/>
        <line num="233" count="0" type="stmt"/>
        <line num="237" count="1" type="stmt"/>
        <line num="239" count="1" type="stmt"/>
        <line num="241" count="0" type="stmt"/>
        <line num="248" count="1" type="stmt"/>
        <line num="249" count="0" type="stmt"/>
        <line num="250" count="0" type="stmt"/>
        <line num="253" count="0" type="cond" truecount="0" falsecount="3"/>
        <line num="254" count="0" type="stmt"/>
        <line num="261" count="0" type="cond" truecount="0" falsecount="1"/>
        <line num="262" count="0" type="stmt"/>
        <line num="269" count="0" type="stmt"/>
        <line num="275" count="0" type="cond" truecount="0" falsecount="1"/>
        <line num="276" count="0" type="stmt"/>
        <line num="279" count="0" type="stmt"/>
        <line num="281" count="0" type="cond" truecount="0" falsecount="1"/>
        <line num="282" count="0" type="stmt"/>
        <line num="286" count="0" type="stmt"/>
        <line num="295" count="0" type="cond" truecount="0" falsecount="1"/>
        <line num="296" count="0" type="stmt"/>
        <line num="299" count="0" type="stmt"/>
        <line num="304" count="0" type="stmt"/>
        <line num="311" count="1" type="stmt"/>
        <line num="312" count="0" type="stmt"/>
        <line num="313" count="0" type="stmt"/>
        <line num="315" count="0" type="cond" truecount="0" falsecount="3"/>
        <line num="316" count="0" type="stmt"/>
        <line num="323" count="0" type="stmt"/>
        <line num="328" count="0" type="cond" truecount="0" falsecount="1"/>
        <line num="329" count="0" type="stmt"/>
        <line num="336" count="0" type="stmt"/>
        <line num="341" count="0" type="cond" truecount="0" falsecount="1"/>
        <line num="342" count="0" type="stmt"/>
        <line num="345" count="0" type="stmt"/>
        <line num="350" count="0" type="stmt"/>
        <line num="357" count="1" type="stmt"/>
        <line num="358" count="0" type="stmt"/>
        <line num="359" count="0" type="stmt"/>
        <line num="360" count="0" type="cond" truecount="0" falsecount="2"/>
        <line num="363" count="0" type="cond" truecount="0" falsecount="5"/>
        <line num="364" count="0" type="stmt"/>
        <line num="370" count="0" type="stmt"/>
        <line num="377" count="0" type="cond" truecount="0" falsecount="1"/>
        <line num="378" count="0" type="stmt"/>
        <line num="382" count="0" type="stmt"/>
        <line num="383" count="0" type="stmt"/>
        <line num="384" count="0" type="stmt"/>
        <line num="387" count="0" type="stmt"/>
        <line num="395" count="0" type="stmt"/>
        <line num="402" count="1" type="stmt"/>
        <line num="403" count="0" type="stmt"/>
        <line num="404" count="0" type="stmt"/>
        <line num="407" count="0" type="cond" truecount="0" falsecount="3"/>
        <line num="408" count="0" type="stmt"/>
        <line num="415" count="0" type="stmt"/>
        <line num="421" count="0" type="cond" truecount="0" falsecount="1"/>
        <line num="422" count="0" type="stmt"/>
        <line num="425" count="0" type="stmt"/>
        <line num="427" count="0" type="cond" truecount="0" falsecount="1"/>
        <line num="428" count="0" type="stmt"/>
        <line num="435" count="0" type="stmt"/>
        <line num="441" count="0" type="cond" truecount="0" falsecount="1"/>
        <line num="442" count="0" type="stmt"/>
        <line num="445" count="0" type="stmt"/>
        <line num="447" count="0" type="cond" truecount="0" falsecount="1"/>
        <line num="448" count="0" type="stmt"/>
        <line num="455" count="0" type="stmt"/>
        <line num="462" count="0" type="cond" truecount="0" falsecount="3"/>
        <line num="463" count="0" type="stmt"/>
        <line num="470" count="0" type="stmt"/>
        <line num="481" count="0" type="cond" truecount="0" falsecount="1"/>
        <line num="482" count="0" type="stmt"/>
        <line num="485" count="0" type="stmt"/>
        <line num="487" count="0" type="stmt"/>
        <line num="494" count="1" type="stmt"/>
        <line num="495" count="0" type="stmt"/>
        <line num="496" count="0" type="stmt"/>
        <line num="499" count="0" type="cond" truecount="0" falsecount="3"/>
        <line num="500" count="0" type="stmt"/>
        <line num="507" count="0" type="stmt"/>
        <line num="511" count="0" type="cond" truecount="0" falsecount="2"/>
        <line num="513" count="0" type="stmt"/>
        <line num="521" count="0" type="cond" truecount="0" falsecount="1"/>
        <line num="522" count="0" type="stmt"/>
        <line num="528" count="0" type="stmt"/>
        <line num="533" count="0" type="stmt"/>
        <line num="538" count="0" type="stmt"/>
        <line num="540" count="0" type="cond" truecount="0" falsecount="1"/>
        <line num="541" count="0" type="stmt"/>
        <line num="544" count="0" type="stmt"/>
        <line num="549" count="0" type="stmt"/>
        <line num="556" count="1" type="stmt"/>
        <line num="557" count="0" type="stmt"/>
        <line num="558" count="0" type="stmt"/>
        <line num="562" count="0" type="cond" truecount="0" falsecount="3"/>
        <line num="564" count="0" type="cond" truecount="0" falsecount="1"/>
        <line num="565" count="0" type="stmt"/>
        <line num="572" count="0" type="stmt"/>
        <line num="579" count="0" type="cond" truecount="0" falsecount="1"/>
        <line num="580" count="0" type="stmt"/>
        <line num="588" count="0" type="stmt"/>
        <line num="601" count="0" type="cond" truecount="0" falsecount="1"/>
        <line num="602" count="0" type="stmt"/>
        <line num="605" count="0" type="stmt"/>
        <line num="607" count="0" type="stmt"/>
        <line num="614" count="1" type="stmt"/>
        <line num="615" count="0" type="stmt"/>
        <line num="616" count="0" type="stmt"/>
        <line num="619" count="0" type="cond" truecount="0" falsecount="1"/>
        <line num="620" count="0" type="stmt"/>
        <line num="627" count="0" type="stmt"/>
        <line num="632" count="0" type="cond" truecount="0" falsecount="4"/>
        <line num="633" count="0" type="stmt"/>
        <line num="639" count="0" type="stmt"/>
        <line num="642" count="0" type="stmt"/>
        <line num="649" count="0" type="cond" truecount="0" falsecount="1"/>
        <line num="650" count="0" type="stmt"/>
        <line num="653" count="0" type="stmt"/>
        <line num="658" count="0" type="stmt"/>
      </file>
    </package>
    <package name="src.middleware">
      <metrics statements="106" coveredstatements="66" conditionals="58" coveredconditionals="40" methods="17" coveredmethods="12"/>
      <file name="auth.middleware.ts" path="/Users/askinguzel/Documents/dev/tsmartquality-new/backend/src/middleware/auth.middleware.ts">
        <metrics statements="30" coveredstatements="30" conditionals="17" coveredconditionals="17" methods="3" coveredmethods="3"/>
        <line num="2" count="1" type="stmt"/>
        <line num="3" count="1" type="stmt"/>
        <line num="20" count="1" type="stmt"/>
        <line num="21" count="6" type="stmt"/>
        <line num="23" count="6" type="stmt"/>
        <line num="24" count="6" type="cond" truecount="3" falsecount="0"/>
        <line num="25" count="2" type="stmt"/>
        <line num="29" count="4" type="stmt"/>
        <line num="30" count="4" type="cond" truecount="1" falsecount="0"/>
        <line num="31" count="1" type="stmt"/>
        <line num="34" count="3" type="stmt"/>
        <line num="35" count="3" type="stmt"/>
        <line num="38" count="2" type="stmt"/>
        <line num="44" count="2" type="cond" truecount="3" falsecount="0"/>
        <line num="45" count="1" type="stmt"/>
        <line num="49" count="1" type="stmt"/>
        <line num="56" count="1" type="stmt"/>
        <line num="58" count="1" type="stmt"/>
        <line num="59" count="1" type="stmt"/>
        <line num="64" count="1" type="stmt"/>
        <line num="65" count="3" type="cond" truecount="3" falsecount="0"/>
        <line num="66" count="2" type="stmt"/>
        <line num="68" count="1" type="stmt"/>
        <line num="72" count="1" type="stmt"/>
        <line num="73" count="5" type="cond" truecount="2" falsecount="0"/>
        <line num="75" count="5" type="cond" truecount="1" falsecount="0"/>
        <line num="76" count="1" type="stmt"/>
        <line num="80" count="4" type="cond" truecount="4" falsecount="0"/>
        <line num="81" count="3" type="stmt"/>
        <line num="83" count="1" type="stmt"/>
      </file>
      <file name="role.middleware.ts" path="/Users/askinguzel/Documents/dev/tsmartquality-new/backend/src/middleware/role.middleware.ts">
        <metrics statements="45" coveredstatements="24" conditionals="34" coveredconditionals="19" methods="7" coveredmethods="5"/>
        <line num="6" count="1" type="stmt"/>
        <line num="7" count="3" type="cond" truecount="3" falsecount="0"/>
        <line num="8" count="2" type="stmt"/>
        <line num="14" count="1" type="stmt"/>
        <line num="20" count="1" type="stmt"/>
        <line num="21" count="4" type="cond" truecount="4" falsecount="0"/>
        <line num="22" count="2" type="stmt"/>
        <line num="28" count="2" type="stmt"/>
        <line num="34" count="1" type="stmt"/>
        <line num="35" count="5" type="stmt"/>
        <line num="37" count="5" type="cond" truecount="3" falsecount="0"/>
        <line num="38" count="1" type="stmt"/>
        <line num="41" count="4" type="cond" truecount="1" falsecount="0"/>
        <line num="42" count="1" type="stmt"/>
        <line num="48" count="3" type="stmt"/>
        <line num="50" count="3" type="stmt"/>
        <line num="55" count="3" type="cond" truecount="4" falsecount="0"/>
        <line num="56" count="1" type="stmt"/>
        <line num="62" count="4" type="stmt"/>
        <line num="65" count="2" type="stmt"/>
        <line num="72" count="2" type="cond" truecount="4" falsecount="0"/>
        <line num="73" count="1" type="stmt"/>
        <line num="79" count="1" type="stmt"/>
        <line num="81" count="0" type="stmt"/>
        <line num="92" count="1" type="stmt"/>
        <line num="93" count="0" type="stmt"/>
        <line num="95" count="0" type="cond" truecount="0" falsecount="3"/>
        <line num="96" count="0" type="stmt"/>
        <line num="99" count="0" type="cond" truecount="0" falsecount="1"/>
        <line num="100" count="0" type="stmt"/>
        <line num="106" count="0" type="stmt"/>
        <line num="107" count="0" type="cond" truecount="0" falsecount="1"/>
        <line num="108" count="0" type="stmt"/>
        <line num="114" count="0" type="stmt"/>
        <line num="116" count="0" type="stmt"/>
        <line num="122" count="0" type="cond" truecount="0" falsecount="3"/>
        <line num="123" count="0" type="stmt"/>
        <line num="129" count="0" type="cond" truecount="0" falsecount="1"/>
        <line num="131" count="0" type="cond" truecount="0" falsecount="2"/>
        <line num="132" count="0" type="stmt"/>
        <line num="138" count="0" type="cond" truecount="0" falsecount="4"/>
        <line num="139" count="0" type="stmt"/>
        <line num="145" count="0" type="stmt"/>
        <line num="152" count="0" type="stmt"/>
        <line num="154" count="0" type="stmt"/>
      </file>
      <file name="upload.middleware.ts" path="/Users/askinguzel/Documents/dev/tsmartquality-new/backend/src/middleware/upload.middleware.ts">
        <metrics statements="19" coveredstatements="0" conditionals="3" coveredconditionals="0" methods="3" coveredmethods="0"/>
        <line num="1" count="0" type="stmt"/>
        <line num="2" count="0" type="stmt"/>
        <line num="3" count="0" type="stmt"/>
        <line num="6" count="0" type="stmt"/>
        <line num="8" count="0" type="stmt"/>
        <line num="11" count="0" type="cond" truecount="0" falsecount="1"/>
        <line num="12" count="0" type="stmt"/>
        <line num="15" count="0" type="stmt"/>
        <line num="19" count="0" type="stmt"/>
        <line num="20" count="0" type="stmt"/>
        <line num="21" count="0" type="stmt"/>
        <line num="26" count="0" type="stmt"/>
        <line num="29" count="0" type="stmt"/>
        <line num="31" count="0" type="cond" truecount="0" falsecount="2"/>
        <line num="32" count="0" type="stmt"/>
        <line num="34" count="0" type="stmt"/>
        <line num="39" count="0" type="stmt"/>
        <line num="48" count="0" type="stmt"/>
        <line num="57" count="0" type="stmt"/>
      </file>
      <file name="validation.middleware.ts" path="/Users/askinguzel/Documents/dev/tsmartquality-new/backend/src/middleware/validation.middleware.ts">
        <metrics statements="12" coveredstatements="12" conditionals="4" coveredconditionals="4" methods="4" coveredmethods="4"/>
        <line num="2" count="1" type="stmt"/>
        <line num="5" count="1" type="stmt"/>
        <line num="6" count="2" type="stmt"/>
        <line num="8" count="2" type="stmt"/>
        <line num="11" count="2" type="stmt"/>
        <line num="12" count="2" type="cond" truecount="1" falsecount="0"/>
        <line num="13" count="1" type="stmt"/>
        <line num="16" count="1" type="stmt"/>
        <line num="21" count="1" type="stmt"/>
        <line num="22" count="3" type="cond" truecount="3" falsecount="0"/>
        <line num="23" count="1" type="stmt"/>
        <line num="25" count="2" type="stmt"/>
      </file>
    </package>
    <package name="src.routes">
      <metrics statements="207" coveredstatements="0" conditionals="3" coveredconditionals="0" methods="17" coveredmethods="0"/>
      <file name="auth.routes.ts" path="/Users/askinguzel/Documents/dev/tsmartquality-new/backend/src/routes/auth.routes.ts">
        <metrics statements="12" coveredstatements="0" conditionals="0" coveredconditionals="0" methods="0" coveredmethods="0"/>
        <line num="1" count="0" type="stmt"/>
        <line num="2" count="0" type="stmt"/>
        <line num="3" count="0" type="stmt"/>
        <line num="4" count="0" type="stmt"/>
        <line num="5" count="0" type="stmt"/>
        <line num="7" count="0" type="stmt"/>
        <line num="105" count="0" type="stmt"/>
        <line num="144" count="0" type="stmt"/>
        <line num="197" count="0" type="stmt"/>
        <line num="229" count="0" type="stmt"/>
        <line num="265" count="0" type="stmt"/>
        <line num="275" count="0" type="stmt"/>
      </file>
      <file name="brand.routes.ts" path="/Users/askinguzel/Documents/dev/tsmartquality-new/backend/src/routes/brand.routes.ts">
        <metrics statements="12" coveredstatements="0" conditionals="0" coveredconditionals="0" methods="0" coveredmethods="0"/>
        <line num="1" count="0" type="stmt"/>
        <line num="2" count="0" type="stmt"/>
        <line num="3" count="0" type="stmt"/>
        <line num="4" count="0" type="stmt"/>
        <line num="5" count="0" type="stmt"/>
        <line num="7" count="0" type="stmt"/>
        <line num="66" count="0" type="stmt"/>
        <line num="93" count="0" type="stmt"/>
        <line num="122" count="0" type="stmt"/>
        <line num="154" count="0" type="stmt"/>
        <line num="186" count="0" type="stmt"/>
        <line num="193" count="0" type="stmt"/>
      </file>
      <file name="customer.routes.ts" path="/Users/askinguzel/Documents/dev/tsmartquality-new/backend/src/routes/customer.routes.ts">
        <metrics statements="15" coveredstatements="0" conditionals="0" coveredconditionals="0" methods="0" coveredmethods="0"/>
        <line num="1" count="0" type="stmt"/>
        <line num="2" count="0" type="stmt"/>
        <line num="3" count="0" type="stmt"/>
        <line num="4" count="0" type="stmt"/>
        <line num="5" count="0" type="stmt"/>
        <line num="7" count="0" type="stmt"/>
        <line num="97" count="0" type="stmt"/>
        <line num="124" count="0" type="stmt"/>
        <line num="153" count="0" type="stmt"/>
        <line num="194" count="0" type="stmt"/>
        <line num="233" count="0" type="stmt"/>
        <line num="285" count="0" type="stmt"/>
        <line num="311" count="0" type="stmt"/>
        <line num="338" count="0" type="stmt"/>
        <line num="345" count="0" type="stmt"/>
      </file>
      <file name="photo.routes.ts" path="/Users/askinguzel/Documents/dev/tsmartquality-new/backend/src/routes/photo.routes.ts">
        <metrics statements="15" coveredstatements="0" conditionals="0" coveredconditionals="0" methods="0" coveredmethods="0"/>
        <line num="1" count="0" type="stmt"/>
        <line num="2" count="0" type="stmt"/>
        <line num="3" count="0" type="stmt"/>
        <line num="4" count="0" type="stmt"/>
        <line num="5" count="0" type="stmt"/>
        <line num="6" count="0" type="stmt"/>
        <line num="8" count="0" type="stmt"/>
        <line num="44" count="0" type="stmt"/>
        <line num="78" count="0" type="stmt"/>
        <line num="123" count="0" type="stmt"/>
        <line num="174" count="0" type="stmt"/>
        <line num="209" count="0" type="stmt"/>
        <line num="253" count="0" type="stmt"/>
        <line num="298" count="0" type="stmt"/>
        <line num="308" count="0" type="stmt"/>
      </file>
      <file name="product.routes.ts" path="/Users/askinguzel/Documents/dev/tsmartquality-new/backend/src/routes/product.routes.ts">
        <metrics statements="19" coveredstatements="0" conditionals="0" coveredconditionals="0" methods="0" coveredmethods="0"/>
        <line num="1" count="0" type="stmt"/>
        <line num="2" count="0" type="stmt"/>
        <line num="3" count="0" type="stmt"/>
        <line num="4" count="0" type="stmt"/>
        <line num="5" count="0" type="stmt"/>
        <line num="7" count="0" type="stmt"/>
        <line num="139" count="0" type="stmt"/>
        <line num="166" count="0" type="stmt"/>
        <line num="196" count="0" type="stmt"/>
        <line num="251" count="0" type="stmt"/>
        <line num="304" count="0" type="stmt"/>
        <line num="330" count="0" type="stmt"/>
        <line num="349" count="0" type="stmt"/>
        <line num="367" count="0" type="stmt"/>
        <line num="398" count="0" type="stmt"/>
        <line num="463" count="0" type="stmt"/>
        <line num="491" count="0" type="stmt"/>
        <line num="509" count="0" type="stmt"/>
        <line num="515" count="0" type="stmt"/>
      </file>
      <file name="productGroup.routes.ts" path="/Users/askinguzel/Documents/dev/tsmartquality-new/backend/src/routes/productGroup.routes.ts">
        <metrics statements="16" coveredstatements="0" conditionals="0" coveredconditionals="0" methods="5" coveredmethods="0"/>
        <line num="1" count="0" type="stmt"/>
        <line num="2" count="0" type="stmt"/>
        <line num="3" count="0" type="stmt"/>
        <line num="4" count="0" type="stmt"/>
        <line num="6" count="0" type="stmt"/>
        <line num="65" count="0" type="stmt"/>
        <line num="67" count="0" type="stmt"/>
        <line num="95" count="0" type="stmt"/>
        <line num="101" count="0" type="stmt"/>
        <line num="127" count="0" type="stmt"/>
        <line num="136" count="0" type="stmt"/>
        <line num="162" count="0" type="stmt"/>
        <line num="172" count="0" type="stmt"/>
        <line num="197" count="0" type="stmt"/>
        <line num="203" count="0" type="stmt"/>
        <line num="207" count="0" type="stmt"/>
      </file>
      <file name="productType.routes.ts" path="/Users/askinguzel/Documents/dev/tsmartquality-new/backend/src/routes/productType.routes.ts">
        <metrics statements="18" coveredstatements="0" conditionals="0" coveredconditionals="0" methods="6" coveredmethods="0"/>
        <line num="1" count="0" type="stmt"/>
        <line num="2" count="0" type="stmt"/>
        <line num="3" count="0" type="stmt"/>
        <line num="4" count="0" type="stmt"/>
        <line num="6" count="0" type="stmt"/>
        <line num="61" count="0" type="stmt"/>
        <line num="63" count="0" type="stmt"/>
        <line num="91" count="0" type="stmt"/>
        <line num="97" count="0" type="stmt"/>
        <line num="123" count="0" type="stmt"/>
        <line num="133" count="0" type="stmt"/>
        <line num="163" count="0" type="stmt"/>
        <line num="174" count="0" type="stmt"/>
        <line num="201" count="0" type="stmt"/>
        <line num="207" count="0" type="stmt"/>
        <line num="236" count="0" type="stmt"/>
        <line num="242" count="0" type="stmt"/>
        <line num="246" count="0" type="stmt"/>
      </file>
      <file name="recipe.routes.ts" path="/Users/askinguzel/Documents/dev/tsmartquality-new/backend/src/routes/recipe.routes.ts">
        <metrics statements="29" coveredstatements="0" conditionals="3" coveredconditionals="0" methods="1" coveredmethods="0"/>
        <line num="1" count="0" type="stmt"/>
        <line num="2" count="0" type="stmt"/>
        <line num="3" count="0" type="stmt"/>
        <line num="4" count="0" type="stmt"/>
        <line num="5" count="0" type="stmt"/>
        <line num="7" count="0" type="stmt"/>
        <line num="95" count="0" type="stmt"/>
        <line num="130" count="0" type="stmt"/>
        <line num="165" count="0" type="stmt"/>
        <line num="193" count="0" type="stmt"/>
        <line num="225" count="0" type="stmt"/>
        <line num="230" count="0" type="stmt"/>
        <line num="231" count="0" type="stmt"/>
        <line num="232" count="0" type="cond" truecount="0" falsecount="2"/>
        <line num="234" count="0" type="stmt"/>
        <line num="242" count="0" type="cond" truecount="0" falsecount="1"/>
        <line num="243" count="0" type="stmt"/>
        <line num="246" count="0" type="stmt"/>
        <line num="254" count="0" type="stmt"/>
        <line num="255" count="0" type="stmt"/>
        <line num="294" count="0" type="stmt"/>
        <line num="345" count="0" type="stmt"/>
        <line num="380" count="0" type="stmt"/>
        <line num="408" count="0" type="stmt"/>
        <line num="440" count="0" type="stmt"/>
        <line num="482" count="0" type="stmt"/>
        <line num="534" count="0" type="stmt"/>
        <line num="569" count="0" type="stmt"/>
        <line num="576" count="0" type="stmt"/>
      </file>
      <file name="role.routes.ts" path="/Users/askinguzel/Documents/dev/tsmartquality-new/backend/src/routes/role.routes.ts">
        <metrics statements="17" coveredstatements="0" conditionals="0" coveredconditionals="0" methods="0" coveredmethods="0"/>
        <line num="1" count="0" type="stmt"/>
        <line num="2" count="0" type="stmt"/>
        <line num="3" count="0" type="stmt"/>
        <line num="4" count="0" type="stmt"/>
        <line num="5" count="0" type="stmt"/>
        <line num="6" count="0" type="stmt"/>
        <line num="8" count="0" type="stmt"/>
        <line num="91" count="0" type="stmt"/>
        <line num="131" count="0" type="stmt"/>
        <line num="180" count="0" type="stmt"/>
        <line num="236" count="0" type="stmt"/>
        <line num="273" count="0" type="stmt"/>
        <line num="315" count="0" type="stmt"/>
        <line num="358" count="0" type="stmt"/>
        <line num="398" count="0" type="stmt"/>
        <line num="432" count="0" type="stmt"/>
        <line num="434" count="0" type="stmt"/>
      </file>
      <file name="seller.routes.ts" path="/Users/askinguzel/Documents/dev/tsmartquality-new/backend/src/routes/seller.routes.ts">
        <metrics statements="16" coveredstatements="0" conditionals="0" coveredconditionals="0" methods="5" coveredmethods="0"/>
        <line num="1" count="0" type="stmt"/>
        <line num="2" count="0" type="stmt"/>
        <line num="3" count="0" type="stmt"/>
        <line num="4" count="0" type="stmt"/>
        <line num="6" count="0" type="stmt"/>
        <line num="81" count="0" type="stmt"/>
        <line num="83" count="0" type="stmt"/>
        <line num="111" count="0" type="stmt"/>
        <line num="117" count="0" type="stmt"/>
        <line num="143" count="0" type="stmt"/>
        <line num="152" count="0" type="stmt"/>
        <line num="178" count="0" type="stmt"/>
        <line num="193" count="0" type="stmt"/>
        <line num="218" count="0" type="stmt"/>
        <line num="224" count="0" type="stmt"/>
        <line num="228" count="0" type="stmt"/>
      </file>
      <file name="spec.routes.ts" path="/Users/askinguzel/Documents/dev/tsmartquality-new/backend/src/routes/spec.routes.ts">
        <metrics statements="20" coveredstatements="0" conditionals="0" coveredconditionals="0" methods="0" coveredmethods="0"/>
        <line num="1" count="0" type="stmt"/>
        <line num="2" count="0" type="stmt"/>
        <line num="3" count="0" type="stmt"/>
        <line num="4" count="0" type="stmt"/>
        <line num="5" count="0" type="stmt"/>
        <line num="7" count="0" type="stmt"/>
        <line num="155" count="0" type="stmt"/>
        <line num="190" count="0" type="stmt"/>
        <line num="221" count="0" type="stmt"/>
        <line num="258" count="0" type="stmt"/>
        <line num="296" count="0" type="stmt"/>
        <line num="341" count="0" type="stmt"/>
        <line num="392" count="0" type="stmt"/>
        <line num="425" count="0" type="stmt"/>
        <line num="465" count="0" type="stmt"/>
        <line num="497" count="0" type="stmt"/>
        <line num="550" count="0" type="stmt"/>
        <line num="617" count="0" type="stmt"/>
        <line num="654" count="0" type="stmt"/>
        <line num="661" count="0" type="stmt"/>
      </file>
      <file name="user.routes.ts" path="/Users/askinguzel/Documents/dev/tsmartquality-new/backend/src/routes/user.routes.ts">
        <metrics statements="18" coveredstatements="0" conditionals="0" coveredconditionals="0" methods="0" coveredmethods="0"/>
        <line num="1" count="0" type="stmt"/>
        <line num="2" count="0" type="stmt"/>
        <line num="3" count="0" type="stmt"/>
        <line num="4" count="0" type="stmt"/>
        <line num="5" count="0" type="stmt"/>
        <line num="8" count="0" type="stmt"/>
        <line num="111" count="0" type="stmt"/>
        <line num="142" count="0" type="stmt"/>
        <line num="177" count="0" type="stmt"/>
        <line num="251" count="0" type="stmt"/>
        <line num="298" count="0" type="stmt"/>
        <line num="334" count="0" type="stmt"/>
        <line num="376" count="0" type="stmt"/>
        <line num="409" count="0" type="stmt"/>
        <line num="453" count="0" type="stmt"/>
        <line num="493" count="0" type="stmt"/>
        <line num="531" count="0" type="stmt"/>
        <line num="540" count="0" type="stmt"/>
      </file>
    </package>
  </project>
</coverage>
