{"/Users/askinguzel/Documents/dev/tsmartquality-new/backend/src/app.ts": {"path":"/Users/askinguzel/Documents/dev/tsmartquality-new/backend/src/app.ts","statementMap":{"0":{"start":{"line":1,"column":0},"end":{"line":1,"column":76}},"1":{"start":{"line":2,"column":0},"end":{"line":2,"column":24}},"2":{"start":{"line":3,"column":0},"end":{"line":3,"column":28}},"3":{"start":{"line":4,"column":0},"end":{"line":4,"column":28}},"4":{"start":{"line":5,"column":0},"end":{"line":5,"column":28}},"5":{"start":{"line":6,"column":0},"end":{"line":6,"column":43}},"6":{"start":{"line":7,"column":0},"end":{"line":7,"column":41}},"7":{"start":{"line":8,"column":0},"end":{"line":8,"column":24}},"8":{"start":{"line":11,"column":0},"end":{"line":11,"column":16}},"9":{"start":{"line":14,"column":0},"end":{"line":14,"column":46}},"10":{"start":{"line":15,"column":0},"end":{"line":15,"column":52}},"11":{"start":{"line":16,"column":0},"end":{"line":16,"column":54}},"12":{"start":{"line":17,"column":0},"end":{"line":17,"column":48}},"13":{"start":{"line":18,"column":0},"end":{"line":18,"column":62}},"14":{"start":{"line":19,"column":0},"end":{"line":19,"column":60}},"15":{"start":{"line":20,"column":0},"end":{"line":20,"column":48}},"16":{"start":{"line":21,"column":0},"end":{"line":21,"column":50}},"17":{"start":{"line":22,"column":0},"end":{"line":22,"column":50}},"18":{"start":{"line":23,"column":0},"end":{"line":23,"column":46}},"19":{"start":{"line":24,"column":0},"end":{"line":24,"column":46}},"20":{"start":{"line":25,"column":0},"end":{"line":25,"column":46}},"21":{"start":{"line":28,"column":23},"end":{"line":44,"column":2}},"22":{"start":{"line":46,"column":20},"end":{"line":46,"column":48}},"23":{"start":{"line":49,"column":21},"end":{"line":49,"column":30}},"24":{"start":{"line":92,"column":9},"end":{"line":92,"column":12}},"25":{"start":{"line":52,"column":0},"end":{"line":52,"column":18}},"26":{"start":{"line":53,"column":0},"end":{"line":53,"column":16}},"27":{"start":{"line":54,"column":0},"end":{"line":54,"column":24}},"28":{"start":{"line":55,"column":0},"end":{"line":55,"column":48}},"29":{"start":{"line":56,"column":0},"end":{"line":56,"column":23}},"30":{"start":{"line":59,"column":0},"end":{"line":59,"column":72}},"31":{"start":{"line":62,"column":0},"end":{"line":62,"column":36}},"32":{"start":{"line":63,"column":0},"end":{"line":63,"column":43}},"33":{"start":{"line":64,"column":0},"end":{"line":64,"column":45}},"34":{"start":{"line":65,"column":0},"end":{"line":65,"column":39}},"35":{"start":{"line":66,"column":0},"end":{"line":66,"column":54}},"36":{"start":{"line":67,"column":0},"end":{"line":67,"column":52}},"37":{"start":{"line":68,"column":0},"end":{"line":68,"column":39}},"38":{"start":{"line":69,"column":0},"end":{"line":69,"column":41}},"39":{"start":{"line":70,"column":0},"end":{"line":70,"column":41}},"40":{"start":{"line":71,"column":0},"end":{"line":71,"column":37}},"41":{"start":{"line":72,"column":0},"end":{"line":72,"column":37}},"42":{"start":{"line":73,"column":0},"end":{"line":73,"column":37}},"43":{"start":{"line":76,"column":0},"end":{"line":76,"column":68}},"44":{"start":{"line":79,"column":0},"end":{"line":81,"column":3}},"45":{"start":{"line":80,"column":2},"end":{"line":80,"column":57}},"46":{"start":{"line":84,"column":0},"end":{"line":90,"column":3}},"47":{"start":{"line":85,"column":2},"end":{"line":85,"column":27}},"48":{"start":{"line":86,"column":2},"end":{"line":89,"column":5}}},"fnMap":{"0":{"name":"(anonymous_1)","decl":{"start":{"line":79,"column":13},"end":{"line":79,"column":14}},"loc":{"start":{"line":79,"column":45},"end":{"line":81,"column":1}}},"1":{"name":"(anonymous_2)","decl":{"start":{"line":84,"column":8},"end":{"line":84,"column":9}},"loc":{"start":{"line":84,"column":72},"end":{"line":90,"column":1}}}},"branchMap":{"0":{"loc":{"start":{"line":38,"column":33},"end":{"line":38,"column":57}},"type":"binary-expr","locations":[{"start":{"line":38,"column":33},"end":{"line":38,"column":49}},{"start":{"line":38,"column":53},"end":{"line":38,"column":57}}]},"1":{"loc":{"start":{"line":88,"column":11},"end":{"line":88,"column":68}},"type":"cond-expr","locations":[{"start":{"line":88,"column":52},"end":{"line":88,"column":63}},{"start":{"line":88,"column":66},"end":{"line":88,"column":68}}]}},"s":{"0":0,"1":0,"2":0,"3":0,"4":0,"5":0,"6":0,"7":0,"8":0,"9":0,"10":0,"11":0,"12":0,"13":0,"14":0,"15":0,"16":0,"17":0,"18":0,"19":0,"20":0,"21":0,"22":0,"23":0,"24":0,"25":0,"26":0,"27":0,"28":0,"29":0,"30":0,"31":0,"32":0,"33":0,"34":0,"35":0,"36":0,"37":0,"38":0,"39":0,"40":0,"41":0,"42":0,"43":0,"44":0,"45":0,"46":0,"47":0,"48":0},"f":{"0":0,"1":0},"b":{"0":[0,0],"1":[0,0]}}
,"/Users/askinguzel/Documents/dev/tsmartquality-new/backend/src/config/supabase.ts": {"path":"/Users/askinguzel/Documents/dev/tsmartquality-new/backend/src/config/supabase.ts","statementMap":{"0":{"start":{"line":1,"column":0},"end":{"line":1,"column":69}},"1":{"start":{"line":2,"column":0},"end":{"line":2,"column":28}},"2":{"start":{"line":4,"column":0},"end":{"line":4,"column":16}},"3":{"start":{"line":6,"column":20},"end":{"line":6,"column":54}},"4":{"start":{"line":7,"column":24},"end":{"line":7,"column":63}},"5":{"start":{"line":8,"column":27},"end":{"line":8,"column":59}},"6":{"start":{"line":11,"column":13},"end":{"line":11,"column":83}},"7":{"start":{"line":14,"column":13},"end":{"line":16,"column":13}},"8":{"start":{"line":18,"column":0},"end":{"line":18,"column":24}}},"fnMap":{},"branchMap":{"0":{"loc":{"start":{"line":14,"column":45},"end":{"line":16,"column":12}},"type":"cond-expr","locations":[{"start":{"line":15,"column":4},"end":{"line":15,"column":49}},{"start":{"line":16,"column":4},"end":{"line":16,"column":12}}]}},"s":{"0":0,"1":0,"2":0,"3":0,"4":0,"5":0,"6":0,"7":0,"8":0},"f":{},"b":{"0":[0,0]}}
,"/Users/askinguzel/Documents/dev/tsmartquality-new/backend/src/controllers/auth.controller.ts": {"path":"/Users/askinguzel/Documents/dev/tsmartquality-new/backend/src/controllers/auth.controller.ts","statementMap":{"0":{"start":{"line":2,"column":0},"end":{"line":2,"column":31}},"1":{"start":{"line":3,"column":0},"end":{"line":3,"column":46}},"2":{"start":{"line":6,"column":21},"end":{"line":89,"column":1}},"3":{"start":{"line":7,"column":2},"end":{"line":88,"column":3}},"4":{"start":{"line":8,"column":51},"end":{"line":8,"column":59}},"5":{"start":{"line":11,"column":49},"end":{"line":14,"column":6}},"6":{"start":{"line":16,"column":4},"end":{"line":18,"column":5}},"7":{"start":{"line":17,"column":6},"end":{"line":17,"column":70}},"8":{"start":{"line":21,"column":49},"end":{"line":25,"column":15}},"9":{"start":{"line":27,"column":4},"end":{"line":30,"column":5}},"10":{"start":{"line":28,"column":6},"end":{"line":28,"column":60}},"11":{"start":{"line":29,"column":6},"end":{"line":29,"column":75}},"12":{"start":{"line":33,"column":4},"end":{"line":35,"column":5}},"13":{"start":{"line":34,"column":6},"end":{"line":34,"column":78}},"14":{"start":{"line":38,"column":4},"end":{"line":46,"column":5}},"15":{"start":{"line":39,"column":6},"end":{"line":45,"column":11}},"16":{"start":{"line":49,"column":22},"end":{"line":49,"column":54}},"17":{"start":{"line":50,"column":18},"end":{"line":58,"column":null}},"18":{"start":{"line":62,"column":53},"end":{"line":66,"column":25}},"19":{"start":{"line":69,"column":59},"end":{"line":70,"column":65}},"20":{"start":{"line":73,"column":4},"end":{"line":84,"column":7}},"21":{"start":{"line":81,"column":45},"end":{"line":81,"column":54}},"22":{"start":{"line":86,"column":4},"end":{"line":86,"column":41}},"23":{"start":{"line":87,"column":4},"end":{"line":87,"column":60}},"24":{"start":{"line":6,"column":13},"end":{"line":6,"column":21}},"25":{"start":{"line":92,"column":24},"end":{"line":139,"column":1}},"26":{"start":{"line":93,"column":2},"end":{"line":138,"column":3}},"27":{"start":{"line":94,"column":53},"end":{"line":94,"column":61}},"28":{"start":{"line":97,"column":49},"end":{"line":100,"column":6}},"29":{"start":{"line":102,"column":4},"end":{"line":104,"column":5}},"30":{"start":{"line":103,"column":6},"end":{"line":103,"column":66}},"31":{"start":{"line":107,"column":49},"end":{"line":116,"column":15}},"32":{"start":{"line":118,"column":4},"end":{"line":124,"column":5}},"33":{"start":{"line":120,"column":6},"end":{"line":122,"column":7}},"34":{"start":{"line":121,"column":8},"end":{"line":121,"column":63}},"35":{"start":{"line":123,"column":6},"end":{"line":123,"column":66}},"36":{"start":{"line":126,"column":4},"end":{"line":134,"column":7}},"37":{"start":{"line":136,"column":4},"end":{"line":136,"column":48}},"38":{"start":{"line":137,"column":4},"end":{"line":137,"column":60}},"39":{"start":{"line":92,"column":13},"end":{"line":92,"column":24}},"40":{"start":{"line":142,"column":30},"end":{"line":183,"column":1}},"41":{"start":{"line":143,"column":2},"end":{"line":182,"column":3}},"42":{"start":{"line":144,"column":4},"end":{"line":146,"column":5}},"43":{"start":{"line":145,"column":6},"end":{"line":145,"column":68}},"44":{"start":{"line":149,"column":49},"end":{"line":153,"column":15}},"45":{"start":{"line":155,"column":4},"end":{"line":157,"column":5}},"46":{"start":{"line":156,"column":6},"end":{"line":156,"column":65}},"47":{"start":{"line":160,"column":53},"end":{"line":164,"column":25}},"48":{"start":{"line":167,"column":59},"end":{"line":168,"column":60}},"49":{"start":{"line":170,"column":4},"end":{"line":178,"column":7}},"50":{"start":{"line":176,"column":43},"end":{"line":176,"column":52}},"51":{"start":{"line":180,"column":4},"end":{"line":180,"column":52}},"52":{"start":{"line":181,"column":4},"end":{"line":181,"column":60}},"53":{"start":{"line":142,"column":13},"end":{"line":142,"column":30}},"54":{"start":{"line":186,"column":36},"end":{"line":201,"column":1}},"55":{"start":{"line":187,"column":2},"end":{"line":200,"column":3}},"56":{"start":{"line":188,"column":22},"end":{"line":188,"column":30}},"57":{"start":{"line":190,"column":28},"end":{"line":190,"column":76}},"58":{"start":{"line":192,"column":4},"end":{"line":194,"column":5}},"59":{"start":{"line":193,"column":6},"end":{"line":193,"column":62}},"60":{"start":{"line":196,"column":4},"end":{"line":196,"column":74}},"61":{"start":{"line":198,"column":4},"end":{"line":198,"column":58}},"62":{"start":{"line":199,"column":4},"end":{"line":199,"column":60}},"63":{"start":{"line":186,"column":13},"end":{"line":186,"column":36}},"64":{"start":{"line":204,"column":30},"end":{"line":236,"column":1}},"65":{"start":{"line":205,"column":2},"end":{"line":235,"column":3}},"66":{"start":{"line":206,"column":45},"end":{"line":206,"column":53}},"67":{"start":{"line":208,"column":4},"end":{"line":210,"column":5}},"68":{"start":{"line":209,"column":6},"end":{"line":209,"column":68}},"69":{"start":{"line":213,"column":49},"end":{"line":216,"column":6}},"70":{"start":{"line":218,"column":4},"end":{"line":220,"column":5}},"71":{"start":{"line":219,"column":6},"end":{"line":219,"column":80}},"72":{"start":{"line":223,"column":28},"end":{"line":225,"column":6}},"73":{"start":{"line":227,"column":4},"end":{"line":229,"column":5}},"74":{"start":{"line":228,"column":6},"end":{"line":228,"column":62}},"75":{"start":{"line":231,"column":4},"end":{"line":231,"column":78}},"76":{"start":{"line":233,"column":4},"end":{"line":233,"column":51}},"77":{"start":{"line":234,"column":4},"end":{"line":234,"column":60}},"78":{"start":{"line":204,"column":13},"end":{"line":204,"column":30}}},"fnMap":{"0":{"name":"(anonymous_1)","decl":{"start":{"line":6,"column":21},"end":{"line":6,"column":26}},"loc":{"start":{"line":6,"column":59},"end":{"line":89,"column":1}}},"1":{"name":"(anonymous_2)","decl":{"start":{"line":81,"column":32},"end":{"line":81,"column":33}},"loc":{"start":{"line":81,"column":45},"end":{"line":81,"column":54}}},"2":{"name":"(anonymous_3)","decl":{"start":{"line":92,"column":24},"end":{"line":92,"column":29}},"loc":{"start":{"line":92,"column":62},"end":{"line":139,"column":1}}},"3":{"name":"(anonymous_4)","decl":{"start":{"line":142,"column":30},"end":{"line":142,"column":35}},"loc":{"start":{"line":142,"column":68},"end":{"line":183,"column":1}}},"4":{"name":"(anonymous_5)","decl":{"start":{"line":176,"column":30},"end":{"line":176,"column":31}},"loc":{"start":{"line":176,"column":43},"end":{"line":176,"column":52}}},"5":{"name":"(anonymous_6)","decl":{"start":{"line":186,"column":36},"end":{"line":186,"column":41}},"loc":{"start":{"line":186,"column":74},"end":{"line":201,"column":1}}},"6":{"name":"(anonymous_7)","decl":{"start":{"line":204,"column":30},"end":{"line":204,"column":35}},"loc":{"start":{"line":204,"column":68},"end":{"line":236,"column":1}}}},"branchMap":{"0":{"loc":{"start":{"line":16,"column":4},"end":{"line":18,"column":5}},"type":"if","locations":[{"start":{"line":16,"column":4},"end":{"line":18,"column":5}}]},"1":{"loc":{"start":{"line":27,"column":4},"end":{"line":30,"column":5}},"type":"if","locations":[{"start":{"line":27,"column":4},"end":{"line":30,"column":5}}]},"2":{"loc":{"start":{"line":33,"column":4},"end":{"line":35,"column":5}},"type":"if","locations":[{"start":{"line":33,"column":4},"end":{"line":35,"column":5}}]},"3":{"loc":{"start":{"line":38,"column":4},"end":{"line":46,"column":5}},"type":"if","locations":[{"start":{"line":38,"column":4},"end":{"line":46,"column":5}}]},"4":{"loc":{"start":{"line":55,"column":14},"end":{"line":55,"column":42}},"type":"binary-expr","locations":[{"start":{"line":55,"column":14},"end":{"line":55,"column":32}},{"start":{"line":55,"column":36},"end":{"line":55,"column":42}}]},"5":{"loc":{"start":{"line":58,"column":19},"end":{"line":58,"column":49}},"type":"binary-expr","locations":[{"start":{"line":58,"column":19},"end":{"line":58,"column":41}},{"start":{"line":58,"column":45},"end":{"line":58,"column":49}}]},"6":{"loc":{"start":{"line":81,"column":16},"end":{"line":81,"column":61}},"type":"binary-expr","locations":[{"start":{"line":81,"column":16},"end":{"line":81,"column":55}},{"start":{"line":81,"column":59},"end":{"line":81,"column":61}}]},"7":{"loc":{"start":{"line":82,"column":21},"end":{"line":82,"column":38}},"type":"binary-expr","locations":[{"start":{"line":82,"column":21},"end":{"line":82,"column":32}},{"start":{"line":82,"column":36},"end":{"line":82,"column":38}}]},"8":{"loc":{"start":{"line":102,"column":4},"end":{"line":104,"column":5}},"type":"if","locations":[{"start":{"line":102,"column":4},"end":{"line":104,"column":5}}]},"9":{"loc":{"start":{"line":118,"column":4},"end":{"line":124,"column":5}},"type":"if","locations":[{"start":{"line":118,"column":4},"end":{"line":124,"column":5}}]},"10":{"loc":{"start":{"line":120,"column":6},"end":{"line":122,"column":7}},"type":"if","locations":[{"start":{"line":120,"column":6},"end":{"line":122,"column":7}}]},"11":{"loc":{"start":{"line":144,"column":4},"end":{"line":146,"column":5}},"type":"if","locations":[{"start":{"line":144,"column":4},"end":{"line":146,"column":5}}]},"12":{"loc":{"start":{"line":144,"column":8},"end":{"line":144,"column":33}},"type":"binary-expr","locations":[{"start":{"line":144,"column":8},"end":{"line":144,"column":17}},{"start":{"line":144,"column":21},"end":{"line":144,"column":33}}]},"13":{"loc":{"start":{"line":155,"column":4},"end":{"line":157,"column":5}},"type":"if","locations":[{"start":{"line":155,"column":4},"end":{"line":157,"column":5}}]},"14":{"loc":{"start":{"line":176,"column":14},"end":{"line":176,"column":59}},"type":"binary-expr","locations":[{"start":{"line":176,"column":14},"end":{"line":176,"column":53}},{"start":{"line":176,"column":57},"end":{"line":176,"column":59}}]},"15":{"loc":{"start":{"line":177,"column":19},"end":{"line":177,"column":36}},"type":"binary-expr","locations":[{"start":{"line":177,"column":19},"end":{"line":177,"column":30}},{"start":{"line":177,"column":34},"end":{"line":177,"column":36}}]},"16":{"loc":{"start":{"line":192,"column":4},"end":{"line":194,"column":5}},"type":"if","locations":[{"start":{"line":192,"column":4},"end":{"line":194,"column":5}}]},"17":{"loc":{"start":{"line":208,"column":4},"end":{"line":210,"column":5}},"type":"if","locations":[{"start":{"line":208,"column":4},"end":{"line":210,"column":5}}]},"18":{"loc":{"start":{"line":208,"column":8},"end":{"line":208,"column":33}},"type":"binary-expr","locations":[{"start":{"line":208,"column":8},"end":{"line":208,"column":17}},{"start":{"line":208,"column":21},"end":{"line":208,"column":33}}]},"19":{"loc":{"start":{"line":218,"column":4},"end":{"line":220,"column":5}},"type":"if","locations":[{"start":{"line":218,"column":4},"end":{"line":220,"column":5}}]},"20":{"loc":{"start":{"line":227,"column":4},"end":{"line":229,"column":5}},"type":"if","locations":[{"start":{"line":227,"column":4},"end":{"line":229,"column":5}}]}},"s":{"0":1,"1":1,"2":1,"3":3,"4":3,"5":3,"6":2,"7":1,"8":1,"9":1,"10":0,"11":0,"12":1,"13":0,"14":1,"15":0,"16":1,"17":1,"18":0,"19":0,"20":0,"21":0,"22":2,"23":2,"24":1,"25":1,"26":3,"27":3,"28":3,"29":2,"30":1,"31":1,"32":1,"33":0,"34":0,"35":0,"36":1,"37":1,"38":1,"39":1,"40":1,"41":0,"42":0,"43":0,"44":0,"45":0,"46":0,"47":0,"48":0,"49":0,"50":0,"51":0,"52":0,"53":1,"54":1,"55":0,"56":0,"57":0,"58":0,"59":0,"60":0,"61":0,"62":0,"63":1,"64":1,"65":3,"66":3,"67":3,"68":0,"69":3,"70":3,"71":1,"72":2,"73":0,"74":0,"75":0,"76":2,"77":2,"78":1},"f":{"0":3,"1":0,"2":3,"3":0,"4":0,"5":0,"6":3},"b":{"0":[1],"1":[0],"2":[0],"3":[0],"4":[1,1],"5":[1,1],"6":[0,0],"7":[0,0],"8":[1],"9":[0],"10":[0],"11":[0],"12":[0,0],"13":[0],"14":[0,0],"15":[0,0],"16":[0],"17":[0],"18":[3,3],"19":[1],"20":[0]}}
,"/Users/askinguzel/Documents/dev/tsmartquality-new/backend/src/controllers/brand.controller.ts": {"path":"/Users/askinguzel/Documents/dev/tsmartquality-new/backend/src/controllers/brand.controller.ts","statementMap":{"0":{"start":{"line":2,"column":0},"end":{"line":2,"column":46}},"1":{"start":{"line":5,"column":28},"end":{"line":20,"column":1}},"2":{"start":{"line":6,"column":2},"end":{"line":19,"column":3}},"3":{"start":{"line":7,"column":28},"end":{"line":11,"column":20}},"4":{"start":{"line":13,"column":4},"end":{"line":13,"column":27}},"5":{"start":{"line":13,"column":15},"end":{"line":13,"column":27}},"6":{"start":{"line":15,"column":4},"end":{"line":15,"column":38}},"7":{"start":{"line":17,"column":4},"end":{"line":17,"column":51}},"8":{"start":{"line":18,"column":4},"end":{"line":18,"column":60}},"9":{"start":{"line":5,"column":13},"end":{"line":5,"column":28}},"10":{"start":{"line":23,"column":28},"end":{"line":46,"column":1}},"11":{"start":{"line":24,"column":2},"end":{"line":45,"column":3}},"12":{"start":{"line":25,"column":19},"end":{"line":25,"column":29}},"13":{"start":{"line":27,"column":28},"end":{"line":32,"column":15}},"14":{"start":{"line":34,"column":4},"end":{"line":39,"column":5}},"15":{"start":{"line":35,"column":6},"end":{"line":37,"column":7}},"16":{"start":{"line":36,"column":8},"end":{"line":36,"column":68}},"17":{"start":{"line":38,"column":6},"end":{"line":38,"column":18}},"18":{"start":{"line":41,"column":4},"end":{"line":41,"column":38}},"19":{"start":{"line":43,"column":4},"end":{"line":43,"column":50}},"20":{"start":{"line":44,"column":4},"end":{"line":44,"column":60}},"21":{"start":{"line":23,"column":13},"end":{"line":23,"column":28}},"22":{"start":{"line":49,"column":27},"end":{"line":70,"column":1}},"23":{"start":{"line":50,"column":2},"end":{"line":69,"column":3}},"24":{"start":{"line":51,"column":22},"end":{"line":51,"column":30}},"25":{"start":{"line":54,"column":4},"end":{"line":54,"column":40}},"26":{"start":{"line":55,"column":4},"end":{"line":55,"column":28}},"27":{"start":{"line":57,"column":28},"end":{"line":61,"column":15}},"28":{"start":{"line":63,"column":4},"end":{"line":63,"column":27}},"29":{"start":{"line":63,"column":15},"end":{"line":63,"column":27}},"30":{"start":{"line":65,"column":4},"end":{"line":65,"column":38}},"31":{"start":{"line":67,"column":4},"end":{"line":67,"column":50}},"32":{"start":{"line":68,"column":4},"end":{"line":68,"column":60}},"33":{"start":{"line":49,"column":13},"end":{"line":49,"column":27}},"34":{"start":{"line":73,"column":27},"end":{"line":95,"column":1}},"35":{"start":{"line":74,"column":2},"end":{"line":94,"column":3}},"36":{"start":{"line":75,"column":22},"end":{"line":75,"column":30}},"37":{"start":{"line":78,"column":4},"end":{"line":78,"column":40}},"38":{"start":{"line":79,"column":4},"end":{"line":79,"column":38}},"39":{"start":{"line":81,"column":28},"end":{"line":86,"column":15}},"40":{"start":{"line":88,"column":4},"end":{"line":88,"column":27}},"41":{"start":{"line":88,"column":15},"end":{"line":88,"column":27}},"42":{"start":{"line":90,"column":4},"end":{"line":90,"column":38}},"43":{"start":{"line":92,"column":4},"end":{"line":92,"column":50}},"44":{"start":{"line":93,"column":4},"end":{"line":93,"column":60}},"45":{"start":{"line":73,"column":13},"end":{"line":73,"column":27}},"46":{"start":{"line":98,"column":27},"end":{"line":136,"column":1}},"47":{"start":{"line":99,"column":2},"end":{"line":135,"column":3}},"48":{"start":{"line":100,"column":19},"end":{"line":100,"column":29}},"49":{"start":{"line":103,"column":41},"end":{"line":107,"column":25}},"50":{"start":{"line":109,"column":4},"end":{"line":109,"column":37}},"51":{"start":{"line":109,"column":20},"end":{"line":109,"column":37}},"52":{"start":{"line":111,"column":4},"end":{"line":115,"column":5}},"53":{"start":{"line":112,"column":6},"end":{"line":114,"column":9}},"54":{"start":{"line":118,"column":28},"end":{"line":127,"column":15}},"55":{"start":{"line":129,"column":4},"end":{"line":129,"column":27}},"56":{"start":{"line":129,"column":15},"end":{"line":129,"column":27}},"57":{"start":{"line":131,"column":4},"end":{"line":131,"column":75}},"58":{"start":{"line":133,"column":4},"end":{"line":133,"column":50}},"59":{"start":{"line":134,"column":4},"end":{"line":134,"column":60}},"60":{"start":{"line":98,"column":13},"end":{"line":98,"column":27}}},"fnMap":{"0":{"name":"(anonymous_0)","decl":{"start":{"line":5,"column":28},"end":{"line":5,"column":33}},"loc":{"start":{"line":5,"column":66},"end":{"line":20,"column":1}}},"1":{"name":"(anonymous_1)","decl":{"start":{"line":23,"column":28},"end":{"line":23,"column":33}},"loc":{"start":{"line":23,"column":66},"end":{"line":46,"column":1}}},"2":{"name":"(anonymous_2)","decl":{"start":{"line":49,"column":27},"end":{"line":49,"column":32}},"loc":{"start":{"line":49,"column":65},"end":{"line":70,"column":1}}},"3":{"name":"(anonymous_3)","decl":{"start":{"line":73,"column":27},"end":{"line":73,"column":32}},"loc":{"start":{"line":73,"column":65},"end":{"line":95,"column":1}}},"4":{"name":"(anonymous_4)","decl":{"start":{"line":98,"column":27},"end":{"line":98,"column":32}},"loc":{"start":{"line":98,"column":65},"end":{"line":136,"column":1}}}},"branchMap":{"0":{"loc":{"start":{"line":13,"column":4},"end":{"line":13,"column":27}},"type":"if","locations":[{"start":{"line":13,"column":4},"end":{"line":13,"column":27}}]},"1":{"loc":{"start":{"line":34,"column":4},"end":{"line":39,"column":5}},"type":"if","locations":[{"start":{"line":34,"column":4},"end":{"line":39,"column":5}}]},"2":{"loc":{"start":{"line":35,"column":6},"end":{"line":37,"column":7}},"type":"if","locations":[{"start":{"line":35,"column":6},"end":{"line":37,"column":7}}]},"3":{"loc":{"start":{"line":63,"column":4},"end":{"line":63,"column":27}},"type":"if","locations":[{"start":{"line":63,"column":4},"end":{"line":63,"column":27}}]},"4":{"loc":{"start":{"line":88,"column":4},"end":{"line":88,"column":27}},"type":"if","locations":[{"start":{"line":88,"column":4},"end":{"line":88,"column":27}}]},"5":{"loc":{"start":{"line":109,"column":4},"end":{"line":109,"column":37}},"type":"if","locations":[{"start":{"line":109,"column":4},"end":{"line":109,"column":37}}]},"6":{"loc":{"start":{"line":111,"column":4},"end":{"line":115,"column":5}},"type":"if","locations":[{"start":{"line":111,"column":4},"end":{"line":115,"column":5}}]},"7":{"loc":{"start":{"line":111,"column":8},"end":{"line":111,"column":26}},"type":"binary-expr","locations":[{"start":{"line":111,"column":8},"end":{"line":111,"column":13}},{"start":{"line":111,"column":17},"end":{"line":111,"column":26}}]},"8":{"loc":{"start":{"line":129,"column":4},"end":{"line":129,"column":27}},"type":"if","locations":[{"start":{"line":129,"column":4},"end":{"line":129,"column":27}}]}},"s":{"0":0,"1":0,"2":0,"3":0,"4":0,"5":0,"6":0,"7":0,"8":0,"9":0,"10":0,"11":0,"12":0,"13":0,"14":0,"15":0,"16":0,"17":0,"18":0,"19":0,"20":0,"21":0,"22":0,"23":0,"24":0,"25":0,"26":0,"27":0,"28":0,"29":0,"30":0,"31":0,"32":0,"33":0,"34":0,"35":0,"36":0,"37":0,"38":0,"39":0,"40":0,"41":0,"42":0,"43":0,"44":0,"45":0,"46":0,"47":0,"48":0,"49":0,"50":0,"51":0,"52":0,"53":0,"54":0,"55":0,"56":0,"57":0,"58":0,"59":0,"60":0},"f":{"0":0,"1":0,"2":0,"3":0,"4":0},"b":{"0":[0],"1":[0],"2":[0],"3":[0],"4":[0],"5":[0],"6":[0],"7":[0,0],"8":[0]}}
,"/Users/askinguzel/Documents/dev/tsmartquality-new/backend/src/controllers/customer.controller.ts": {"path":"/Users/askinguzel/Documents/dev/tsmartquality-new/backend/src/controllers/customer.controller.ts","statementMap":{"0":{"start":{"line":2,"column":0},"end":{"line":2,"column":46}},"1":{"start":{"line":5,"column":31},"end":{"line":20,"column":1}},"2":{"start":{"line":6,"column":2},"end":{"line":19,"column":3}},"3":{"start":{"line":7,"column":28},"end":{"line":11,"column":48}},"4":{"start":{"line":13,"column":4},"end":{"line":13,"column":27}},"5":{"start":{"line":13,"column":15},"end":{"line":13,"column":27}},"6":{"start":{"line":15,"column":4},"end":{"line":15,"column":38}},"7":{"start":{"line":17,"column":4},"end":{"line":17,"column":54}},"8":{"start":{"line":18,"column":4},"end":{"line":18,"column":60}},"9":{"start":{"line":5,"column":13},"end":{"line":5,"column":31}},"10":{"start":{"line":23,"column":31},"end":{"line":46,"column":1}},"11":{"start":{"line":24,"column":2},"end":{"line":45,"column":3}},"12":{"start":{"line":25,"column":19},"end":{"line":25,"column":29}},"13":{"start":{"line":27,"column":28},"end":{"line":32,"column":15}},"14":{"start":{"line":34,"column":4},"end":{"line":39,"column":5}},"15":{"start":{"line":35,"column":6},"end":{"line":37,"column":7}},"16":{"start":{"line":36,"column":8},"end":{"line":36,"column":71}},"17":{"start":{"line":38,"column":6},"end":{"line":38,"column":18}},"18":{"start":{"line":41,"column":4},"end":{"line":41,"column":38}},"19":{"start":{"line":43,"column":4},"end":{"line":43,"column":53}},"20":{"start":{"line":44,"column":4},"end":{"line":44,"column":60}},"21":{"start":{"line":23,"column":13},"end":{"line":23,"column":31}},"22":{"start":{"line":49,"column":30},"end":{"line":70,"column":1}},"23":{"start":{"line":50,"column":2},"end":{"line":69,"column":3}},"24":{"start":{"line":51,"column":25},"end":{"line":51,"column":33}},"25":{"start":{"line":54,"column":4},"end":{"line":54,"column":43}},"26":{"start":{"line":55,"column":4},"end":{"line":55,"column":31}},"27":{"start":{"line":57,"column":28},"end":{"line":61,"column":15}},"28":{"start":{"line":63,"column":4},"end":{"line":63,"column":27}},"29":{"start":{"line":63,"column":15},"end":{"line":63,"column":27}},"30":{"start":{"line":65,"column":4},"end":{"line":65,"column":38}},"31":{"start":{"line":67,"column":4},"end":{"line":67,"column":53}},"32":{"start":{"line":68,"column":4},"end":{"line":68,"column":60}},"33":{"start":{"line":49,"column":13},"end":{"line":49,"column":30}},"34":{"start":{"line":73,"column":30},"end":{"line":95,"column":1}},"35":{"start":{"line":74,"column":2},"end":{"line":94,"column":3}},"36":{"start":{"line":75,"column":25},"end":{"line":75,"column":33}},"37":{"start":{"line":78,"column":4},"end":{"line":78,"column":43}},"38":{"start":{"line":79,"column":4},"end":{"line":79,"column":41}},"39":{"start":{"line":81,"column":28},"end":{"line":86,"column":15}},"40":{"start":{"line":88,"column":4},"end":{"line":88,"column":27}},"41":{"start":{"line":88,"column":15},"end":{"line":88,"column":27}},"42":{"start":{"line":90,"column":4},"end":{"line":90,"column":38}},"43":{"start":{"line":92,"column":4},"end":{"line":92,"column":53}},"44":{"start":{"line":93,"column":4},"end":{"line":93,"column":60}},"45":{"start":{"line":73,"column":13},"end":{"line":73,"column":30}},"46":{"start":{"line":98,"column":30},"end":{"line":121,"column":1}},"47":{"start":{"line":99,"column":2},"end":{"line":120,"column":3}},"48":{"start":{"line":100,"column":19},"end":{"line":100,"column":29}},"49":{"start":{"line":103,"column":28},"end":{"line":112,"column":15}},"50":{"start":{"line":114,"column":4},"end":{"line":114,"column":27}},"51":{"start":{"line":114,"column":15},"end":{"line":114,"column":27}},"52":{"start":{"line":116,"column":4},"end":{"line":116,"column":78}},"53":{"start":{"line":118,"column":4},"end":{"line":118,"column":53}},"54":{"start":{"line":119,"column":4},"end":{"line":119,"column":60}},"55":{"start":{"line":98,"column":13},"end":{"line":98,"column":30}},"56":{"start":{"line":124,"column":36},"end":{"line":179,"column":1}},"57":{"start":{"line":125,"column":2},"end":{"line":178,"column":3}},"58":{"start":{"line":126,"column":18},"end":{"line":126,"column":50}},"59":{"start":{"line":127,"column":19},"end":{"line":127,"column":51}},"60":{"start":{"line":133,"column":8},"end":{"line":133,"column":17}},"61":{"start":{"line":135,"column":16},"end":{"line":138,"column":25}},"62":{"start":{"line":141,"column":4},"end":{"line":143,"column":5}},"63":{"start":{"line":142,"column":6},"end":{"line":142,"column":145}},"64":{"start":{"line":145,"column":4},"end":{"line":147,"column":5}},"65":{"start":{"line":146,"column":6},"end":{"line":146,"column":45}},"66":{"start":{"line":149,"column":4},"end":{"line":151,"column":5}},"67":{"start":{"line":150,"column":6},"end":{"line":150,"column":41}},"68":{"start":{"line":153,"column":4},"end":{"line":155,"column":5}},"69":{"start":{"line":154,"column":6},"end":{"line":154,"column":58}},"70":{"start":{"line":158,"column":53},"end":{"line":158,"column":108}},"71":{"start":{"line":160,"column":4},"end":{"line":160,"column":37}},"72":{"start":{"line":160,"column":20},"end":{"line":160,"column":37}},"73":{"start":{"line":163,"column":28},"end":{"line":165,"column":40}},"74":{"start":{"line":167,"column":4},"end":{"line":167,"column":27}},"75":{"start":{"line":167,"column":15},"end":{"line":167,"column":27}},"76":{"start":{"line":169,"column":4},"end":{"line":174,"column":7}},"77":{"start":{"line":176,"column":4},"end":{"line":176,"column":63}},"78":{"start":{"line":177,"column":4},"end":{"line":177,"column":60}},"79":{"start":{"line":124,"column":13},"end":{"line":124,"column":36}},"80":{"start":{"line":182,"column":38},"end":{"line":220,"column":1}},"81":{"start":{"line":183,"column":2},"end":{"line":219,"column":3}},"82":{"start":{"line":185,"column":57},"end":{"line":190,"column":24}},"83":{"start":{"line":192,"column":4},"end":{"line":192,"column":43}},"84":{"start":{"line":192,"column":23},"end":{"line":192,"column":43}},"85":{"start":{"line":195,"column":23},"end":{"line":195,"column":76}},"86":{"start":{"line":195,"column":60},"end":{"line":195,"column":73}},"87":{"start":{"line":198,"column":24},"end":{"line":213,"column":6}},"88":{"start":{"line":199,"column":46},"end":{"line":204,"column":8}},"89":{"start":{"line":202,"column":10},"end":{"line":202,"column":54}},"90":{"start":{"line":205,"column":46},"end":{"line":208,"column":8}},"91":{"start":{"line":215,"column":4},"end":{"line":215,"column":45}},"92":{"start":{"line":217,"column":4},"end":{"line":217,"column":66}},"93":{"start":{"line":218,"column":4},"end":{"line":218,"column":60}},"94":{"start":{"line":182,"column":13},"end":{"line":182,"column":38}},"95":{"start":{"line":223,"column":39},"end":{"line":272,"column":1}},"96":{"start":{"line":224,"column":2},"end":{"line":271,"column":3}},"97":{"start":{"line":225,"column":19},"end":{"line":225,"column":29}},"98":{"start":{"line":228,"column":53},"end":{"line":233,"column":15}},"99":{"start":{"line":235,"column":4},"end":{"line":240,"column":5}},"100":{"start":{"line":236,"column":6},"end":{"line":238,"column":7}},"101":{"start":{"line":237,"column":8},"end":{"line":237,"column":71}},"102":{"start":{"line":239,"column":6},"end":{"line":239,"column":26}},"103":{"start":{"line":243,"column":61},"end":{"line":257,"column":25}},"104":{"start":{"line":259,"column":4},"end":{"line":259,"column":43}},"105":{"start":{"line":259,"column":23},"end":{"line":259,"column":43}},"106":{"start":{"line":262,"column":19},"end":{"line":265,"column":6}},"107":{"start":{"line":267,"column":4},"end":{"line":267,"column":40}},"108":{"start":{"line":269,"column":4},"end":{"line":269,"column":67}},"109":{"start":{"line":270,"column":4},"end":{"line":270,"column":60}},"110":{"start":{"line":223,"column":13},"end":{"line":223,"column":39}}},"fnMap":{"0":{"name":"(anonymous_0)","decl":{"start":{"line":5,"column":31},"end":{"line":5,"column":36}},"loc":{"start":{"line":5,"column":69},"end":{"line":20,"column":1}}},"1":{"name":"(anonymous_1)","decl":{"start":{"line":23,"column":31},"end":{"line":23,"column":36}},"loc":{"start":{"line":23,"column":69},"end":{"line":46,"column":1}}},"2":{"name":"(anonymous_2)","decl":{"start":{"line":49,"column":30},"end":{"line":49,"column":35}},"loc":{"start":{"line":49,"column":68},"end":{"line":70,"column":1}}},"3":{"name":"(anonymous_3)","decl":{"start":{"line":73,"column":30},"end":{"line":73,"column":35}},"loc":{"start":{"line":73,"column":68},"end":{"line":95,"column":1}}},"4":{"name":"(anonymous_4)","decl":{"start":{"line":98,"column":30},"end":{"line":98,"column":35}},"loc":{"start":{"line":98,"column":68},"end":{"line":121,"column":1}}},"5":{"name":"(anonymous_5)","decl":{"start":{"line":124,"column":36},"end":{"line":124,"column":41}},"loc":{"start":{"line":124,"column":74},"end":{"line":179,"column":1}}},"6":{"name":"(anonymous_6)","decl":{"start":{"line":182,"column":38},"end":{"line":182,"column":43}},"loc":{"start":{"line":182,"column":76},"end":{"line":220,"column":1}}},"7":{"name":"(anonymous_7)","decl":{"start":{"line":195,"column":52},"end":{"line":195,"column":56}},"loc":{"start":{"line":195,"column":60},"end":{"line":195,"column":73}}},"8":{"name":"(anonymous_8)","decl":{"start":{"line":199,"column":33},"end":{"line":199,"column":41}},"loc":{"start":{"line":199,"column":46},"end":{"line":204,"column":8}}},"9":{"name":"(anonymous_9)","decl":{"start":{"line":201,"column":38},"end":{"line":201,"column":42}},"loc":{"start":{"line":202,"column":10},"end":{"line":202,"column":54}}},"10":{"name":"(anonymous_10)","decl":{"start":{"line":205,"column":35},"end":{"line":205,"column":41}},"loc":{"start":{"line":205,"column":46},"end":{"line":208,"column":8}}},"11":{"name":"(anonymous_11)","decl":{"start":{"line":223,"column":39},"end":{"line":223,"column":44}},"loc":{"start":{"line":223,"column":77},"end":{"line":272,"column":1}}}},"branchMap":{"0":{"loc":{"start":{"line":13,"column":4},"end":{"line":13,"column":27}},"type":"if","locations":[{"start":{"line":13,"column":4},"end":{"line":13,"column":27}}]},"1":{"loc":{"start":{"line":34,"column":4},"end":{"line":39,"column":5}},"type":"if","locations":[{"start":{"line":34,"column":4},"end":{"line":39,"column":5}}]},"2":{"loc":{"start":{"line":35,"column":6},"end":{"line":37,"column":7}},"type":"if","locations":[{"start":{"line":35,"column":6},"end":{"line":37,"column":7}}]},"3":{"loc":{"start":{"line":63,"column":4},"end":{"line":63,"column":27}},"type":"if","locations":[{"start":{"line":63,"column":4},"end":{"line":63,"column":27}}]},"4":{"loc":{"start":{"line":88,"column":4},"end":{"line":88,"column":27}},"type":"if","locations":[{"start":{"line":88,"column":4},"end":{"line":88,"column":27}}]},"5":{"loc":{"start":{"line":114,"column":4},"end":{"line":114,"column":27}},"type":"if","locations":[{"start":{"line":114,"column":4},"end":{"line":114,"column":27}}]},"6":{"loc":{"start":{"line":126,"column":18},"end":{"line":126,"column":50}},"type":"binary-expr","locations":[{"start":{"line":126,"column":18},"end":{"line":126,"column":44}},{"start":{"line":126,"column":48},"end":{"line":126,"column":50}}]},"7":{"loc":{"start":{"line":127,"column":19},"end":{"line":127,"column":51}},"type":"binary-expr","locations":[{"start":{"line":127,"column":19},"end":{"line":127,"column":46}},{"start":{"line":127,"column":50},"end":{"line":127,"column":51}}]},"8":{"loc":{"start":{"line":141,"column":4},"end":{"line":143,"column":5}},"type":"if","locations":[{"start":{"line":141,"column":4},"end":{"line":143,"column":5}}]},"9":{"loc":{"start":{"line":145,"column":4},"end":{"line":147,"column":5}},"type":"if","locations":[{"start":{"line":145,"column":4},"end":{"line":147,"column":5}}]},"10":{"loc":{"start":{"line":149,"column":4},"end":{"line":151,"column":5}},"type":"if","locations":[{"start":{"line":149,"column":4},"end":{"line":151,"column":5}}]},"11":{"loc":{"start":{"line":153,"column":4},"end":{"line":155,"column":5}},"type":"if","locations":[{"start":{"line":153,"column":4},"end":{"line":155,"column":5}}]},"12":{"loc":{"start":{"line":160,"column":4},"end":{"line":160,"column":37}},"type":"if","locations":[{"start":{"line":160,"column":4},"end":{"line":160,"column":37}}]},"13":{"loc":{"start":{"line":167,"column":4},"end":{"line":167,"column":27}},"type":"if","locations":[{"start":{"line":167,"column":4},"end":{"line":167,"column":27}}]},"14":{"loc":{"start":{"line":192,"column":4},"end":{"line":192,"column":43}},"type":"if","locations":[{"start":{"line":192,"column":4},"end":{"line":192,"column":43}}]},"15":{"loc":{"start":{"line":207,"column":31},"end":{"line":207,"column":52}},"type":"cond-expr","locations":[{"start":{"line":207,"column":44},"end":{"line":207,"column":47}},{"start":{"line":207,"column":50},"end":{"line":207,"column":52}}]},"16":{"loc":{"start":{"line":235,"column":4},"end":{"line":240,"column":5}},"type":"if","locations":[{"start":{"line":235,"column":4},"end":{"line":240,"column":5}}]},"17":{"loc":{"start":{"line":236,"column":6},"end":{"line":238,"column":7}},"type":"if","locations":[{"start":{"line":236,"column":6},"end":{"line":238,"column":7}}]},"18":{"loc":{"start":{"line":259,"column":4},"end":{"line":259,"column":43}},"type":"if","locations":[{"start":{"line":259,"column":4},"end":{"line":259,"column":43}}]}},"s":{"0":0,"1":0,"2":0,"3":0,"4":0,"5":0,"6":0,"7":0,"8":0,"9":0,"10":0,"11":0,"12":0,"13":0,"14":0,"15":0,"16":0,"17":0,"18":0,"19":0,"20":0,"21":0,"22":0,"23":0,"24":0,"25":0,"26":0,"27":0,"28":0,"29":0,"30":0,"31":0,"32":0,"33":0,"34":0,"35":0,"36":0,"37":0,"38":0,"39":0,"40":0,"41":0,"42":0,"43":0,"44":0,"45":0,"46":0,"47":0,"48":0,"49":0,"50":0,"51":0,"52":0,"53":0,"54":0,"55":0,"56":0,"57":0,"58":0,"59":0,"60":0,"61":0,"62":0,"63":0,"64":0,"65":0,"66":0,"67":0,"68":0,"69":0,"70":0,"71":0,"72":0,"73":0,"74":0,"75":0,"76":0,"77":0,"78":0,"79":0,"80":0,"81":0,"82":0,"83":0,"84":0,"85":0,"86":0,"87":0,"88":0,"89":0,"90":0,"91":0,"92":0,"93":0,"94":0,"95":0,"96":0,"97":0,"98":0,"99":0,"100":0,"101":0,"102":0,"103":0,"104":0,"105":0,"106":0,"107":0,"108":0,"109":0,"110":0},"f":{"0":0,"1":0,"2":0,"3":0,"4":0,"5":0,"6":0,"7":0,"8":0,"9":0,"10":0,"11":0},"b":{"0":[0],"1":[0],"2":[0],"3":[0],"4":[0],"5":[0],"6":[0,0],"7":[0,0],"8":[0],"9":[0],"10":[0],"11":[0],"12":[0],"13":[0],"14":[0],"15":[0,0],"16":[0],"17":[0],"18":[0]}}
,"/Users/askinguzel/Documents/dev/tsmartquality-new/backend/src/controllers/photo.controller.ts": {"path":"/Users/askinguzel/Documents/dev/tsmartquality-new/backend/src/controllers/photo.controller.ts","statementMap":{"0":{"start":{"line":2,"column":0},"end":{"line":2,"column":46}},"1":{"start":{"line":4,"column":0},"end":{"line":4,"column":40}},"2":{"start":{"line":5,"column":0},"end":{"line":5,"column":24}},"3":{"start":{"line":8,"column":15},"end":{"line":8,"column":53}},"4":{"start":{"line":13,"column":28},"end":{"line":45,"column":1}},"5":{"start":{"line":14,"column":2},"end":{"line":44,"column":3}},"6":{"start":{"line":15,"column":50},"end":{"line":15,"column":59}},"7":{"start":{"line":17,"column":16},"end":{"line":21,"column":48}},"8":{"start":{"line":23,"column":4},"end":{"line":25,"column":5}},"9":{"start":{"line":24,"column":6},"end":{"line":24,"column":48}},"10":{"start":{"line":27,"column":35},"end":{"line":29,"column":38}},"11":{"start":{"line":31,"column":4},"end":{"line":33,"column":5}},"12":{"start":{"line":32,"column":6},"end":{"line":32,"column":76}},"13":{"start":{"line":35,"column":4},"end":{"line":41,"column":7}},"14":{"start":{"line":43,"column":4},"end":{"line":43,"column":74}},"15":{"start":{"line":13,"column":13},"end":{"line":13,"column":28}},"16":{"start":{"line":50,"column":28},"end":{"line":69,"column":1}},"17":{"start":{"line":51,"column":2},"end":{"line":68,"column":3}},"18":{"start":{"line":52,"column":19},"end":{"line":52,"column":29}},"19":{"start":{"line":54,"column":28},"end":{"line":59,"column":15}},"20":{"start":{"line":61,"column":4},"end":{"line":63,"column":5}},"21":{"start":{"line":62,"column":6},"end":{"line":62,"column":80}},"22":{"start":{"line":65,"column":4},"end":{"line":65,"column":57}},"23":{"start":{"line":67,"column":4},"end":{"line":67,"column":74}},"24":{"start":{"line":50,"column":13},"end":{"line":50,"column":28}},"25":{"start":{"line":74,"column":27},"end":{"line":139,"column":1}},"26":{"start":{"line":75,"column":2},"end":{"line":138,"column":3}},"27":{"start":{"line":76,"column":4},"end":{"line":78,"column":5}},"28":{"start":{"line":77,"column":6},"end":{"line":77,"column":81}},"29":{"start":{"line":80,"column":46},"end":{"line":80,"column":54}},"30":{"start":{"line":81,"column":17},"end":{"line":81,"column":25}},"31":{"start":{"line":84,"column":20},"end":{"line":84,"column":51}},"32":{"start":{"line":85,"column":21},"end":{"line":85,"column":44}},"33":{"start":{"line":88,"column":53},"end":{"line":94,"column":8}},"34":{"start":{"line":96,"column":4},"end":{"line":98,"column":5}},"35":{"start":{"line":97,"column":6},"end":{"line":97,"column":82}},"36":{"start":{"line":101,"column":30},"end":{"line":104,"column":57}},"37":{"start":{"line":107,"column":28},"end":{"line":123,"column":15}},"38":{"start":{"line":125,"column":4},"end":{"line":133,"column":5}},"39":{"start":{"line":127,"column":6},"end":{"line":130,"column":56}},"40":{"start":{"line":132,"column":6},"end":{"line":132,"column":76}},"41":{"start":{"line":135,"column":4},"end":{"line":135,"column":57}},"42":{"start":{"line":137,"column":4},"end":{"line":137,"column":74}},"43":{"start":{"line":74,"column":13},"end":{"line":74,"column":27}},"44":{"start":{"line":144,"column":27},"end":{"line":187,"column":1}},"45":{"start":{"line":145,"column":2},"end":{"line":186,"column":3}},"46":{"start":{"line":146,"column":50},"end":{"line":146,"column":58}},"47":{"start":{"line":148,"column":4},"end":{"line":150,"column":5}},"48":{"start":{"line":149,"column":6},"end":{"line":149,"column":85}},"49":{"start":{"line":153,"column":55},"end":{"line":158,"column":15}},"50":{"start":{"line":160,"column":4},"end":{"line":162,"column":5}},"51":{"start":{"line":161,"column":6},"end":{"line":161,"column":80}},"52":{"start":{"line":165,"column":28},"end":{"line":177,"column":15}},"53":{"start":{"line":179,"column":4},"end":{"line":181,"column":5}},"54":{"start":{"line":180,"column":6},"end":{"line":180,"column":76}},"55":{"start":{"line":183,"column":4},"end":{"line":183,"column":57}},"56":{"start":{"line":185,"column":4},"end":{"line":185,"column":74}},"57":{"start":{"line":144,"column":13},"end":{"line":144,"column":27}},"58":{"start":{"line":192,"column":27},"end":{"line":234,"column":1}},"59":{"start":{"line":193,"column":2},"end":{"line":233,"column":3}},"60":{"start":{"line":194,"column":19},"end":{"line":194,"column":29}},"61":{"start":{"line":197,"column":47},"end":{"line":202,"column":15}},"62":{"start":{"line":204,"column":4},"end":{"line":206,"column":5}},"63":{"start":{"line":205,"column":6},"end":{"line":205,"column":80}},"64":{"start":{"line":209,"column":36},"end":{"line":212,"column":32}},"65":{"start":{"line":214,"column":4},"end":{"line":217,"column":5}},"66":{"start":{"line":215,"column":6},"end":{"line":215,"column":59}},"67":{"start":{"line":220,"column":22},"end":{"line":224,"column":44}},"68":{"start":{"line":226,"column":4},"end":{"line":228,"column":5}},"69":{"start":{"line":227,"column":6},"end":{"line":227,"column":76}},"70":{"start":{"line":230,"column":4},"end":{"line":230,"column":90}},"71":{"start":{"line":232,"column":4},"end":{"line":232,"column":74}},"72":{"start":{"line":192,"column":13},"end":{"line":192,"column":27}},"73":{"start":{"line":239,"column":36},"end":{"line":266,"column":1}},"74":{"start":{"line":240,"column":2},"end":{"line":265,"column":3}},"75":{"start":{"line":241,"column":26},"end":{"line":241,"column":36}},"76":{"start":{"line":242,"column":39},"end":{"line":242,"column":48}},"77":{"start":{"line":244,"column":35},"end":{"line":250,"column":64}},"78":{"start":{"line":252,"column":4},"end":{"line":254,"column":5}},"79":{"start":{"line":253,"column":6},"end":{"line":253,"column":76}},"80":{"start":{"line":256,"column":4},"end":{"line":262,"column":7}},"81":{"start":{"line":264,"column":4},"end":{"line":264,"column":74}},"82":{"start":{"line":239,"column":13},"end":{"line":239,"column":36}},"83":{"start":{"line":271,"column":41},"end":{"line":324,"column":1}},"84":{"start":{"line":272,"column":2},"end":{"line":323,"column":3}},"85":{"start":{"line":273,"column":35},"end":{"line":273,"column":43}},"86":{"start":{"line":275,"column":4},"end":{"line":277,"column":5}},"87":{"start":{"line":276,"column":6},"end":{"line":276,"column":101}},"88":{"start":{"line":280,"column":55},"end":{"line":285,"column":15}},"89":{"start":{"line":287,"column":4},"end":{"line":289,"column":5}},"90":{"start":{"line":288,"column":6},"end":{"line":288,"column":80}},"91":{"start":{"line":292,"column":59},"end":{"line":297,"column":15}},"92":{"start":{"line":299,"column":4},"end":{"line":301,"column":5}},"93":{"start":{"line":300,"column":6},"end":{"line":300,"column":82}},"94":{"start":{"line":304,"column":28},"end":{"line":314,"column":15}},"95":{"start":{"line":316,"column":4},"end":{"line":318,"column":5}},"96":{"start":{"line":317,"column":6},"end":{"line":317,"column":76}},"97":{"start":{"line":320,"column":4},"end":{"line":320,"column":57}},"98":{"start":{"line":322,"column":4},"end":{"line":322,"column":74}},"99":{"start":{"line":271,"column":13},"end":{"line":271,"column":41}}},"fnMap":{"0":{"name":"(anonymous_1)","decl":{"start":{"line":13,"column":28},"end":{"line":13,"column":33}},"loc":{"start":{"line":13,"column":66},"end":{"line":45,"column":1}}},"1":{"name":"(anonymous_2)","decl":{"start":{"line":50,"column":28},"end":{"line":50,"column":33}},"loc":{"start":{"line":50,"column":66},"end":{"line":69,"column":1}}},"2":{"name":"(anonymous_3)","decl":{"start":{"line":74,"column":27},"end":{"line":74,"column":32}},"loc":{"start":{"line":74,"column":65},"end":{"line":139,"column":1}}},"3":{"name":"(anonymous_4)","decl":{"start":{"line":144,"column":27},"end":{"line":144,"column":32}},"loc":{"start":{"line":144,"column":65},"end":{"line":187,"column":1}}},"4":{"name":"(anonymous_5)","decl":{"start":{"line":192,"column":27},"end":{"line":192,"column":32}},"loc":{"start":{"line":192,"column":65},"end":{"line":234,"column":1}}},"5":{"name":"(anonymous_6)","decl":{"start":{"line":239,"column":36},"end":{"line":239,"column":41}},"loc":{"start":{"line":239,"column":74},"end":{"line":266,"column":1}}},"6":{"name":"(anonymous_7)","decl":{"start":{"line":271,"column":41},"end":{"line":271,"column":46}},"loc":{"start":{"line":271,"column":79},"end":{"line":324,"column":1}}}},"branchMap":{"0":{"loc":{"start":{"line":15,"column":12},"end":{"line":15,"column":22}},"type":"default-arg","locations":[{"start":{"line":15,"column":20},"end":{"line":15,"column":22}}]},"1":{"loc":{"start":{"line":15,"column":24},"end":{"line":15,"column":34}},"type":"default-arg","locations":[{"start":{"line":15,"column":33},"end":{"line":15,"column":34}}]},"2":{"loc":{"start":{"line":23,"column":4},"end":{"line":25,"column":5}},"type":"if","locations":[{"start":{"line":23,"column":4},"end":{"line":25,"column":5}}]},"3":{"loc":{"start":{"line":31,"column":4},"end":{"line":33,"column":5}},"type":"if","locations":[{"start":{"line":31,"column":4},"end":{"line":33,"column":5}}]},"4":{"loc":{"start":{"line":61,"column":4},"end":{"line":63,"column":5}},"type":"if","locations":[{"start":{"line":61,"column":4},"end":{"line":63,"column":5}}]},"5":{"loc":{"start":{"line":76,"column":4},"end":{"line":78,"column":5}},"type":"if","locations":[{"start":{"line":76,"column":4},"end":{"line":78,"column":5}}]},"6":{"loc":{"start":{"line":96,"column":4},"end":{"line":98,"column":5}},"type":"if","locations":[{"start":{"line":96,"column":4},"end":{"line":98,"column":5}}]},"7":{"loc":{"start":{"line":110,"column":20},"end":{"line":110,"column":37}},"type":"binary-expr","locations":[{"start":{"line":110,"column":20},"end":{"line":110,"column":29}},{"start":{"line":110,"column":33},"end":{"line":110,"column":37}}]},"8":{"loc":{"start":{"line":112,"column":15},"end":{"line":112,"column":41}},"type":"binary-expr","locations":[{"start":{"line":112,"column":15},"end":{"line":112,"column":20}},{"start":{"line":112,"column":24},"end":{"line":112,"column":41}}]},"9":{"loc":{"start":{"line":113,"column":21},"end":{"line":113,"column":38}},"type":"binary-expr","locations":[{"start":{"line":113,"column":21},"end":{"line":113,"column":32}},{"start":{"line":113,"column":36},"end":{"line":113,"column":38}}]},"10":{"loc":{"start":{"line":125,"column":4},"end":{"line":133,"column":5}},"type":"if","locations":[{"start":{"line":125,"column":4},"end":{"line":133,"column":5}}]},"11":{"loc":{"start":{"line":148,"column":4},"end":{"line":150,"column":5}},"type":"if","locations":[{"start":{"line":148,"column":4},"end":{"line":150,"column":5}}]},"12":{"loc":{"start":{"line":160,"column":4},"end":{"line":162,"column":5}},"type":"if","locations":[{"start":{"line":160,"column":4},"end":{"line":162,"column":5}}]},"13":{"loc":{"start":{"line":168,"column":15},"end":{"line":168,"column":43}},"type":"binary-expr","locations":[{"start":{"line":168,"column":15},"end":{"line":168,"column":20}},{"start":{"line":168,"column":24},"end":{"line":168,"column":43}}]},"14":{"loc":{"start":{"line":169,"column":21},"end":{"line":169,"column":88}},"type":"cond-expr","locations":[{"start":{"line":169,"column":49},"end":{"line":169,"column":60}},{"start":{"line":169,"column":63},"end":{"line":169,"column":88}}]},"15":{"loc":{"start":{"line":170,"column":20},"end":{"line":170,"column":82}},"type":"cond-expr","locations":[{"start":{"line":170,"column":46},"end":{"line":170,"column":55}},{"start":{"line":170,"column":58},"end":{"line":170,"column":82}}]},"16":{"loc":{"start":{"line":179,"column":4},"end":{"line":181,"column":5}},"type":"if","locations":[{"start":{"line":179,"column":4},"end":{"line":181,"column":5}}]},"17":{"loc":{"start":{"line":204,"column":4},"end":{"line":206,"column":5}},"type":"if","locations":[{"start":{"line":204,"column":4},"end":{"line":206,"column":5}}]},"18":{"loc":{"start":{"line":214,"column":4},"end":{"line":217,"column":5}},"type":"if","locations":[{"start":{"line":214,"column":4},"end":{"line":217,"column":5}}]},"19":{"loc":{"start":{"line":226,"column":4},"end":{"line":228,"column":5}},"type":"if","locations":[{"start":{"line":226,"column":4},"end":{"line":228,"column":5}}]},"20":{"loc":{"start":{"line":242,"column":12},"end":{"line":242,"column":22}},"type":"default-arg","locations":[{"start":{"line":242,"column":20},"end":{"line":242,"column":22}}]},"21":{"loc":{"start":{"line":242,"column":24},"end":{"line":242,"column":34}},"type":"default-arg","locations":[{"start":{"line":242,"column":33},"end":{"line":242,"column":34}}]},"22":{"loc":{"start":{"line":252,"column":4},"end":{"line":254,"column":5}},"type":"if","locations":[{"start":{"line":252,"column":4},"end":{"line":254,"column":5}}]},"23":{"loc":{"start":{"line":275,"column":4},"end":{"line":277,"column":5}},"type":"if","locations":[{"start":{"line":275,"column":4},"end":{"line":277,"column":5}}]},"24":{"loc":{"start":{"line":275,"column":8},"end":{"line":275,"column":30}},"type":"binary-expr","locations":[{"start":{"line":275,"column":8},"end":{"line":275,"column":16}},{"start":{"line":275,"column":20},"end":{"line":275,"column":30}}]},"25":{"loc":{"start":{"line":287,"column":4},"end":{"line":289,"column":5}},"type":"if","locations":[{"start":{"line":287,"column":4},"end":{"line":289,"column":5}}]},"26":{"loc":{"start":{"line":299,"column":4},"end":{"line":301,"column":5}},"type":"if","locations":[{"start":{"line":299,"column":4},"end":{"line":301,"column":5}}]},"27":{"loc":{"start":{"line":316,"column":4},"end":{"line":318,"column":5}},"type":"if","locations":[{"start":{"line":316,"column":4},"end":{"line":318,"column":5}}]}},"s":{"0":0,"1":0,"2":0,"3":0,"4":0,"5":0,"6":0,"7":0,"8":0,"9":0,"10":0,"11":0,"12":0,"13":0,"14":0,"15":0,"16":0,"17":0,"18":0,"19":0,"20":0,"21":0,"22":0,"23":0,"24":0,"25":0,"26":0,"27":0,"28":0,"29":0,"30":0,"31":0,"32":0,"33":0,"34":0,"35":0,"36":0,"37":0,"38":0,"39":0,"40":0,"41":0,"42":0,"43":0,"44":0,"45":0,"46":0,"47":0,"48":0,"49":0,"50":0,"51":0,"52":0,"53":0,"54":0,"55":0,"56":0,"57":0,"58":0,"59":0,"60":0,"61":0,"62":0,"63":0,"64":0,"65":0,"66":0,"67":0,"68":0,"69":0,"70":0,"71":0,"72":0,"73":0,"74":0,"75":0,"76":0,"77":0,"78":0,"79":0,"80":0,"81":0,"82":0,"83":0,"84":0,"85":0,"86":0,"87":0,"88":0,"89":0,"90":0,"91":0,"92":0,"93":0,"94":0,"95":0,"96":0,"97":0,"98":0,"99":0},"f":{"0":0,"1":0,"2":0,"3":0,"4":0,"5":0,"6":0},"b":{"0":[0],"1":[0],"2":[0],"3":[0],"4":[0],"5":[0],"6":[0],"7":[0,0],"8":[0,0],"9":[0,0],"10":[0],"11":[0],"12":[0],"13":[0,0],"14":[0,0],"15":[0,0],"16":[0],"17":[0],"18":[0],"19":[0],"20":[0],"21":[0],"22":[0],"23":[0],"24":[0,0],"25":[0],"26":[0],"27":[0]}}
,"/Users/askinguzel/Documents/dev/tsmartquality-new/backend/src/controllers/product.controller.ts": {"path":"/Users/askinguzel/Documents/dev/tsmartquality-new/backend/src/controllers/product.controller.ts","statementMap":{"0":{"start":{"line":2,"column":0},"end":{"line":2,"column":46}},"1":{"start":{"line":5,"column":30},"end":{"line":20,"column":1}},"2":{"start":{"line":6,"column":2},"end":{"line":19,"column":3}},"3":{"start":{"line":7,"column":28},"end":{"line":11,"column":48}},"4":{"start":{"line":13,"column":4},"end":{"line":13,"column":27}},"5":{"start":{"line":13,"column":15},"end":{"line":13,"column":27}},"6":{"start":{"line":15,"column":4},"end":{"line":15,"column":38}},"7":{"start":{"line":17,"column":4},"end":{"line":17,"column":53}},"8":{"start":{"line":18,"column":4},"end":{"line":18,"column":60}},"9":{"start":{"line":5,"column":13},"end":{"line":5,"column":30}},"10":{"start":{"line":23,"column":30},"end":{"line":46,"column":1}},"11":{"start":{"line":24,"column":2},"end":{"line":45,"column":3}},"12":{"start":{"line":25,"column":19},"end":{"line":25,"column":29}},"13":{"start":{"line":27,"column":28},"end":{"line":32,"column":15}},"14":{"start":{"line":34,"column":4},"end":{"line":39,"column":5}},"15":{"start":{"line":35,"column":6},"end":{"line":37,"column":7}},"16":{"start":{"line":36,"column":8},"end":{"line":36,"column":70}},"17":{"start":{"line":38,"column":6},"end":{"line":38,"column":18}},"18":{"start":{"line":41,"column":4},"end":{"line":41,"column":38}},"19":{"start":{"line":43,"column":4},"end":{"line":43,"column":52}},"20":{"start":{"line":44,"column":4},"end":{"line":44,"column":60}},"21":{"start":{"line":23,"column":13},"end":{"line":23,"column":30}},"22":{"start":{"line":49,"column":29},"end":{"line":70,"column":1}},"23":{"start":{"line":50,"column":2},"end":{"line":69,"column":3}},"24":{"start":{"line":51,"column":24},"end":{"line":51,"column":32}},"25":{"start":{"line":54,"column":4},"end":{"line":54,"column":42}},"26":{"start":{"line":55,"column":4},"end":{"line":55,"column":30}},"27":{"start":{"line":57,"column":28},"end":{"line":61,"column":15}},"28":{"start":{"line":63,"column":4},"end":{"line":63,"column":27}},"29":{"start":{"line":63,"column":15},"end":{"line":63,"column":27}},"30":{"start":{"line":65,"column":4},"end":{"line":65,"column":38}},"31":{"start":{"line":67,"column":4},"end":{"line":67,"column":52}},"32":{"start":{"line":68,"column":4},"end":{"line":68,"column":60}},"33":{"start":{"line":49,"column":13},"end":{"line":49,"column":29}},"34":{"start":{"line":73,"column":29},"end":{"line":95,"column":1}},"35":{"start":{"line":74,"column":2},"end":{"line":94,"column":3}},"36":{"start":{"line":75,"column":24},"end":{"line":75,"column":32}},"37":{"start":{"line":78,"column":4},"end":{"line":78,"column":42}},"38":{"start":{"line":79,"column":4},"end":{"line":79,"column":40}},"39":{"start":{"line":81,"column":28},"end":{"line":86,"column":15}},"40":{"start":{"line":88,"column":4},"end":{"line":88,"column":27}},"41":{"start":{"line":88,"column":15},"end":{"line":88,"column":27}},"42":{"start":{"line":90,"column":4},"end":{"line":90,"column":38}},"43":{"start":{"line":92,"column":4},"end":{"line":92,"column":52}},"44":{"start":{"line":93,"column":4},"end":{"line":93,"column":60}},"45":{"start":{"line":73,"column":13},"end":{"line":73,"column":29}},"46":{"start":{"line":98,"column":29},"end":{"line":133,"column":1}},"47":{"start":{"line":99,"column":2},"end":{"line":132,"column":3}},"48":{"start":{"line":100,"column":19},"end":{"line":100,"column":29}},"49":{"start":{"line":103,"column":28},"end":{"line":112,"column":15}},"50":{"start":{"line":114,"column":4},"end":{"line":114,"column":27}},"51":{"start":{"line":114,"column":15},"end":{"line":114,"column":27}},"52":{"start":{"line":117,"column":4},"end":{"line":126,"column":9}},"53":{"start":{"line":128,"column":4},"end":{"line":128,"column":77}},"54":{"start":{"line":130,"column":4},"end":{"line":130,"column":52}},"55":{"start":{"line":131,"column":4},"end":{"line":131,"column":60}},"56":{"start":{"line":98,"column":13},"end":{"line":98,"column":29}},"57":{"start":{"line":136,"column":37},"end":{"line":193,"column":1}},"58":{"start":{"line":137,"column":2},"end":{"line":192,"column":3}},"59":{"start":{"line":138,"column":19},"end":{"line":138,"column":29}},"60":{"start":{"line":140,"column":28},"end":{"line":157,"column":15}},"61":{"start":{"line":159,"column":4},"end":{"line":164,"column":5}},"62":{"start":{"line":160,"column":6},"end":{"line":162,"column":7}},"63":{"start":{"line":161,"column":8},"end":{"line":161,"column":70}},"64":{"start":{"line":163,"column":6},"end":{"line":163,"column":18}},"65":{"start":{"line":167,"column":4},"end":{"line":186,"column":5}},"66":{"start":{"line":168,"column":26},"end":{"line":168,"column":84}},"67":{"start":{"line":168,"column":69},"end":{"line":168,"column":83}},"68":{"start":{"line":170,"column":56},"end":{"line":174,"column":27}},"69":{"start":{"line":176,"column":6},"end":{"line":185,"column":7}},"70":{"start":{"line":178,"column":8},"end":{"line":184,"column":11}},"71":{"start":{"line":179,"column":27},"end":{"line":179,"column":78}},"72":{"start":{"line":179,"column":54},"end":{"line":179,"column":77}},"73":{"start":{"line":180,"column":10},"end":{"line":183,"column":12}},"74":{"start":{"line":188,"column":4},"end":{"line":188,"column":38}},"75":{"start":{"line":190,"column":4},"end":{"line":190,"column":60}},"76":{"start":{"line":191,"column":4},"end":{"line":191,"column":60}},"77":{"start":{"line":136,"column":13},"end":{"line":136,"column":37}},"78":{"start":{"line":196,"column":41},"end":{"line":216,"column":1}},"79":{"start":{"line":197,"column":2},"end":{"line":215,"column":3}},"80":{"start":{"line":198,"column":28},"end":{"line":207,"column":48}},"81":{"start":{"line":209,"column":4},"end":{"line":209,"column":27}},"82":{"start":{"line":209,"column":15},"end":{"line":209,"column":27}},"83":{"start":{"line":211,"column":4},"end":{"line":211,"column":38}},"84":{"start":{"line":213,"column":4},"end":{"line":213,"column":66}},"85":{"start":{"line":214,"column":4},"end":{"line":214,"column":60}},"86":{"start":{"line":196,"column":13},"end":{"line":196,"column":41}},"87":{"start":{"line":219,"column":47},"end":{"line":249,"column":1}},"88":{"start":{"line":220,"column":2},"end":{"line":248,"column":3}},"89":{"start":{"line":221,"column":28},"end":{"line":231,"column":48}},"90":{"start":{"line":233,"column":4},"end":{"line":233,"column":27}},"91":{"start":{"line":233,"column":15},"end":{"line":233,"column":27}},"92":{"start":{"line":236,"column":26},"end":{"line":242,"column":6}},"93":{"start":{"line":237,"column":6},"end":{"line":241,"column":8}},"94":{"start":{"line":244,"column":4},"end":{"line":244,"column":47}},"95":{"start":{"line":246,"column":4},"end":{"line":246,"column":61}},"96":{"start":{"line":247,"column":4},"end":{"line":247,"column":60}},"97":{"start":{"line":219,"column":13},"end":{"line":219,"column":47}},"98":{"start":{"line":252,"column":47},"end":{"line":290,"column":1}},"99":{"start":{"line":253,"column":2},"end":{"line":289,"column":3}},"100":{"start":{"line":254,"column":18},"end":{"line":254,"column":50}},"101":{"start":{"line":255,"column":19},"end":{"line":255,"column":51}},"102":{"start":{"line":258,"column":53},"end":{"line":261,"column":25}},"103":{"start":{"line":263,"column":4},"end":{"line":263,"column":37}},"104":{"start":{"line":263,"column":20},"end":{"line":263,"column":37}},"105":{"start":{"line":266,"column":28},"end":{"line":276,"column":40}},"106":{"start":{"line":278,"column":4},"end":{"line":278,"column":27}},"107":{"start":{"line":278,"column":15},"end":{"line":278,"column":27}},"108":{"start":{"line":280,"column":4},"end":{"line":285,"column":7}},"109":{"start":{"line":287,"column":4},"end":{"line":287,"column":63}},"110":{"start":{"line":288,"column":4},"end":{"line":288,"column":60}},"111":{"start":{"line":252,"column":13},"end":{"line":252,"column":47}},"112":{"start":{"line":293,"column":46},"end":{"line":364,"column":1}},"113":{"start":{"line":294,"column":2},"end":{"line":363,"column":3}},"114":{"start":{"line":295,"column":18},"end":{"line":295,"column":50}},"115":{"start":{"line":296,"column":19},"end":{"line":296,"column":51}},"116":{"start":{"line":304,"column":8},"end":{"line":304,"column":17}},"117":{"start":{"line":306,"column":16},"end":{"line":315,"column":25}},"118":{"start":{"line":318,"column":4},"end":{"line":320,"column":5}},"119":{"start":{"line":319,"column":6},"end":{"line":319,"column":80}},"120":{"start":{"line":322,"column":4},"end":{"line":324,"column":5}},"121":{"start":{"line":323,"column":6},"end":{"line":323,"column":44}},"122":{"start":{"line":326,"column":4},"end":{"line":328,"column":5}},"123":{"start":{"line":327,"column":6},"end":{"line":327,"column":59}},"124":{"start":{"line":330,"column":4},"end":{"line":332,"column":5}},"125":{"start":{"line":331,"column":6},"end":{"line":331,"column":57}},"126":{"start":{"line":334,"column":4},"end":{"line":336,"column":5}},"127":{"start":{"line":335,"column":6},"end":{"line":335,"column":46}},"128":{"start":{"line":338,"column":4},"end":{"line":340,"column":5}},"129":{"start":{"line":339,"column":6},"end":{"line":339,"column":48}},"130":{"start":{"line":343,"column":53},"end":{"line":343,"column":108}},"131":{"start":{"line":345,"column":4},"end":{"line":345,"column":37}},"132":{"start":{"line":345,"column":20},"end":{"line":345,"column":37}},"133":{"start":{"line":348,"column":28},"end":{"line":350,"column":40}},"134":{"start":{"line":352,"column":4},"end":{"line":352,"column":27}},"135":{"start":{"line":352,"column":15},"end":{"line":352,"column":27}},"136":{"start":{"line":354,"column":4},"end":{"line":359,"column":7}},"137":{"start":{"line":361,"column":4},"end":{"line":361,"column":62}},"138":{"start":{"line":362,"column":4},"end":{"line":362,"column":60}},"139":{"start":{"line":293,"column":13},"end":{"line":293,"column":46}},"140":{"start":{"line":367,"column":37},"end":{"line":405,"column":1}},"141":{"start":{"line":368,"column":2},"end":{"line":404,"column":3}},"142":{"start":{"line":376,"column":8},"end":{"line":382,"column":6}},"143":{"start":{"line":385,"column":4},"end":{"line":385,"column":55}},"144":{"start":{"line":385,"column":29},"end":{"line":385,"column":55}},"145":{"start":{"line":386,"column":4},"end":{"line":386,"column":69}},"146":{"start":{"line":386,"column":36},"end":{"line":386,"column":69}},"147":{"start":{"line":387,"column":4},"end":{"line":387,"column":67}},"148":{"start":{"line":387,"column":35},"end":{"line":387,"column":67}},"149":{"start":{"line":388,"column":4},"end":{"line":388,"column":57}},"150":{"start":{"line":388,"column":30},"end":{"line":388,"column":57}},"151":{"start":{"line":389,"column":4},"end":{"line":389,"column":77}},"152":{"start":{"line":389,"column":40},"end":{"line":389,"column":77}},"153":{"start":{"line":392,"column":24},"end":{"line":398,"column":6}},"154":{"start":{"line":400,"column":4},"end":{"line":400,"column":45}},"155":{"start":{"line":402,"column":4},"end":{"line":402,"column":65}},"156":{"start":{"line":403,"column":4},"end":{"line":403,"column":60}},"157":{"start":{"line":367,"column":13},"end":{"line":367,"column":37}},"158":{"start":{"line":408,"column":35},"end":{"line":480,"column":1}},"159":{"start":{"line":409,"column":2},"end":{"line":479,"column":3}},"160":{"start":{"line":411,"column":22},"end":{"line":411,"column":41}},"161":{"start":{"line":414,"column":56},"end":{"line":418,"column":61}},"162":{"start":{"line":420,"column":4},"end":{"line":420,"column":37}},"163":{"start":{"line":420,"column":20},"end":{"line":420,"column":37}},"164":{"start":{"line":423,"column":57},"end":{"line":431,"column":70}},"165":{"start":{"line":433,"column":4},"end":{"line":433,"column":37}},"166":{"start":{"line":433,"column":20},"end":{"line":433,"column":37}},"167":{"start":{"line":436,"column":57},"end":{"line":444,"column":46}},"168":{"start":{"line":446,"column":4},"end":{"line":446,"column":37}},"169":{"start":{"line":446,"column":20},"end":{"line":446,"column":37}},"170":{"start":{"line":449,"column":57},"end":{"line":457,"column":15}},"171":{"start":{"line":459,"column":4},"end":{"line":459,"column":39}},"172":{"start":{"line":459,"column":21},"end":{"line":459,"column":39}},"173":{"start":{"line":462,"column":22},"end":{"line":473,"column":6}},"174":{"start":{"line":464,"column":59},"end":{"line":467,"column":8}},"175":{"start":{"line":468,"column":59},"end":{"line":471,"column":8}},"176":{"start":{"line":475,"column":4},"end":{"line":475,"column":43}},"177":{"start":{"line":477,"column":4},"end":{"line":477,"column":67}},"178":{"start":{"line":478,"column":4},"end":{"line":478,"column":60}},"179":{"start":{"line":408,"column":13},"end":{"line":408,"column":35}}},"fnMap":{"0":{"name":"(anonymous_0)","decl":{"start":{"line":5,"column":30},"end":{"line":5,"column":35}},"loc":{"start":{"line":5,"column":68},"end":{"line":20,"column":1}}},"1":{"name":"(anonymous_1)","decl":{"start":{"line":23,"column":30},"end":{"line":23,"column":35}},"loc":{"start":{"line":23,"column":68},"end":{"line":46,"column":1}}},"2":{"name":"(anonymous_2)","decl":{"start":{"line":49,"column":29},"end":{"line":49,"column":34}},"loc":{"start":{"line":49,"column":67},"end":{"line":70,"column":1}}},"3":{"name":"(anonymous_3)","decl":{"start":{"line":73,"column":29},"end":{"line":73,"column":34}},"loc":{"start":{"line":73,"column":67},"end":{"line":95,"column":1}}},"4":{"name":"(anonymous_4)","decl":{"start":{"line":98,"column":29},"end":{"line":98,"column":34}},"loc":{"start":{"line":98,"column":67},"end":{"line":133,"column":1}}},"5":{"name":"(anonymous_5)","decl":{"start":{"line":136,"column":37},"end":{"line":136,"column":42}},"loc":{"start":{"line":136,"column":75},"end":{"line":193,"column":1}}},"6":{"name":"(anonymous_6)","decl":{"start":{"line":168,"column":56},"end":{"line":168,"column":57}},"loc":{"start":{"line":168,"column":69},"end":{"line":168,"column":83}}},"7":{"name":"(anonymous_7)","decl":{"start":{"line":178,"column":66},"end":{"line":178,"column":67}},"loc":{"start":{"line":178,"column":78},"end":{"line":184,"column":9}}},"8":{"name":"(anonymous_8)","decl":{"start":{"line":179,"column":42},"end":{"line":179,"column":43}},"loc":{"start":{"line":179,"column":54},"end":{"line":179,"column":77}}},"9":{"name":"(anonymous_9)","decl":{"start":{"line":196,"column":41},"end":{"line":196,"column":46}},"loc":{"start":{"line":196,"column":79},"end":{"line":216,"column":1}}},"10":{"name":"(anonymous_10)","decl":{"start":{"line":219,"column":47},"end":{"line":219,"column":52}},"loc":{"start":{"line":219,"column":85},"end":{"line":249,"column":1}}},"11":{"name":"(anonymous_11)","decl":{"start":{"line":236,"column":35},"end":{"line":236,"column":36}},"loc":{"start":{"line":236,"column":52},"end":{"line":242,"column":5}}},"12":{"name":"(anonymous_12)","decl":{"start":{"line":252,"column":47},"end":{"line":252,"column":52}},"loc":{"start":{"line":252,"column":85},"end":{"line":290,"column":1}}},"13":{"name":"(anonymous_13)","decl":{"start":{"line":293,"column":46},"end":{"line":293,"column":51}},"loc":{"start":{"line":293,"column":84},"end":{"line":364,"column":1}}},"14":{"name":"(anonymous_14)","decl":{"start":{"line":367,"column":37},"end":{"line":367,"column":42}},"loc":{"start":{"line":367,"column":75},"end":{"line":405,"column":1}}},"15":{"name":"(anonymous_15)","decl":{"start":{"line":408,"column":35},"end":{"line":408,"column":40}},"loc":{"start":{"line":408,"column":73},"end":{"line":480,"column":1}}},"16":{"name":"(anonymous_16)","decl":{"start":{"line":464,"column":43},"end":{"line":464,"column":44}},"loc":{"start":{"line":464,"column":59},"end":{"line":467,"column":8}}},"17":{"name":"(anonymous_17)","decl":{"start":{"line":468,"column":43},"end":{"line":468,"column":44}},"loc":{"start":{"line":468,"column":59},"end":{"line":471,"column":8}}}},"branchMap":{"0":{"loc":{"start":{"line":13,"column":4},"end":{"line":13,"column":27}},"type":"if","locations":[{"start":{"line":13,"column":4},"end":{"line":13,"column":27}}]},"1":{"loc":{"start":{"line":34,"column":4},"end":{"line":39,"column":5}},"type":"if","locations":[{"start":{"line":34,"column":4},"end":{"line":39,"column":5}}]},"2":{"loc":{"start":{"line":35,"column":6},"end":{"line":37,"column":7}},"type":"if","locations":[{"start":{"line":35,"column":6},"end":{"line":37,"column":7}}]},"3":{"loc":{"start":{"line":63,"column":4},"end":{"line":63,"column":27}},"type":"if","locations":[{"start":{"line":63,"column":4},"end":{"line":63,"column":27}}]},"4":{"loc":{"start":{"line":88,"column":4},"end":{"line":88,"column":27}},"type":"if","locations":[{"start":{"line":88,"column":4},"end":{"line":88,"column":27}}]},"5":{"loc":{"start":{"line":114,"column":4},"end":{"line":114,"column":27}},"type":"if","locations":[{"start":{"line":114,"column":4},"end":{"line":114,"column":27}}]},"6":{"loc":{"start":{"line":159,"column":4},"end":{"line":164,"column":5}},"type":"if","locations":[{"start":{"line":159,"column":4},"end":{"line":164,"column":5}}]},"7":{"loc":{"start":{"line":160,"column":6},"end":{"line":162,"column":7}},"type":"if","locations":[{"start":{"line":160,"column":6},"end":{"line":162,"column":7}}]},"8":{"loc":{"start":{"line":167,"column":4},"end":{"line":186,"column":5}},"type":"if","locations":[{"start":{"line":167,"column":4},"end":{"line":186,"column":5}}]},"9":{"loc":{"start":{"line":167,"column":8},"end":{"line":167,"column":81}},"type":"binary-expr","locations":[{"start":{"line":167,"column":8},"end":{"line":167,"column":12}},{"start":{"line":167,"column":16},"end":{"line":167,"column":41}},{"start":{"line":167,"column":45},"end":{"line":167,"column":81}}]},"10":{"loc":{"start":{"line":176,"column":6},"end":{"line":185,"column":7}},"type":"if","locations":[{"start":{"line":176,"column":6},"end":{"line":185,"column":7}}]},"11":{"loc":{"start":{"line":176,"column":10},"end":{"line":176,"column":37}},"type":"binary-expr","locations":[{"start":{"line":176,"column":10},"end":{"line":176,"column":24}},{"start":{"line":176,"column":28},"end":{"line":176,"column":37}}]},"12":{"loc":{"start":{"line":209,"column":4},"end":{"line":209,"column":27}},"type":"if","locations":[{"start":{"line":209,"column":4},"end":{"line":209,"column":27}}]},"13":{"loc":{"start":{"line":233,"column":4},"end":{"line":233,"column":27}},"type":"if","locations":[{"start":{"line":233,"column":4},"end":{"line":233,"column":27}}]},"14":{"loc":{"start":{"line":239,"column":15},"end":{"line":239,"column":95}},"type":"cond-expr","locations":[{"start":{"line":239,"column":61},"end":{"line":239,"column":88}},{"start":{"line":239,"column":91},"end":{"line":239,"column":95}}]},"15":{"loc":{"start":{"line":239,"column":15},"end":{"line":239,"column":58}},"type":"binary-expr","locations":[{"start":{"line":239,"column":15},"end":{"line":239,"column":29}},{"start":{"line":239,"column":33},"end":{"line":239,"column":58}}]},"16":{"loc":{"start":{"line":254,"column":18},"end":{"line":254,"column":50}},"type":"binary-expr","locations":[{"start":{"line":254,"column":18},"end":{"line":254,"column":44}},{"start":{"line":254,"column":48},"end":{"line":254,"column":50}}]},"17":{"loc":{"start":{"line":255,"column":19},"end":{"line":255,"column":51}},"type":"binary-expr","locations":[{"start":{"line":255,"column":19},"end":{"line":255,"column":46}},{"start":{"line":255,"column":50},"end":{"line":255,"column":51}}]},"18":{"loc":{"start":{"line":263,"column":4},"end":{"line":263,"column":37}},"type":"if","locations":[{"start":{"line":263,"column":4},"end":{"line":263,"column":37}}]},"19":{"loc":{"start":{"line":278,"column":4},"end":{"line":278,"column":27}},"type":"if","locations":[{"start":{"line":278,"column":4},"end":{"line":278,"column":27}}]},"20":{"loc":{"start":{"line":295,"column":18},"end":{"line":295,"column":50}},"type":"binary-expr","locations":[{"start":{"line":295,"column":18},"end":{"line":295,"column":44}},{"start":{"line":295,"column":48},"end":{"line":295,"column":50}}]},"21":{"loc":{"start":{"line":296,"column":19},"end":{"line":296,"column":51}},"type":"binary-expr","locations":[{"start":{"line":296,"column":19},"end":{"line":296,"column":46}},{"start":{"line":296,"column":50},"end":{"line":296,"column":51}}]},"22":{"loc":{"start":{"line":318,"column":4},"end":{"line":320,"column":5}},"type":"if","locations":[{"start":{"line":318,"column":4},"end":{"line":320,"column":5}}]},"23":{"loc":{"start":{"line":322,"column":4},"end":{"line":324,"column":5}},"type":"if","locations":[{"start":{"line":322,"column":4},"end":{"line":324,"column":5}}]},"24":{"loc":{"start":{"line":326,"column":4},"end":{"line":328,"column":5}},"type":"if","locations":[{"start":{"line":326,"column":4},"end":{"line":328,"column":5}}]},"25":{"loc":{"start":{"line":330,"column":4},"end":{"line":332,"column":5}},"type":"if","locations":[{"start":{"line":330,"column":4},"end":{"line":332,"column":5}}]},"26":{"loc":{"start":{"line":334,"column":4},"end":{"line":336,"column":5}},"type":"if","locations":[{"start":{"line":334,"column":4},"end":{"line":336,"column":5}}]},"27":{"loc":{"start":{"line":338,"column":4},"end":{"line":340,"column":5}},"type":"if","locations":[{"start":{"line":338,"column":4},"end":{"line":340,"column":5}}]},"28":{"loc":{"start":{"line":345,"column":4},"end":{"line":345,"column":37}},"type":"if","locations":[{"start":{"line":345,"column":4},"end":{"line":345,"column":37}}]},"29":{"loc":{"start":{"line":352,"column":4},"end":{"line":352,"column":27}},"type":"if","locations":[{"start":{"line":352,"column":4},"end":{"line":352,"column":27}}]},"30":{"loc":{"start":{"line":385,"column":4},"end":{"line":385,"column":55}},"type":"if","locations":[{"start":{"line":385,"column":4},"end":{"line":385,"column":55}}]},"31":{"loc":{"start":{"line":386,"column":4},"end":{"line":386,"column":69}},"type":"if","locations":[{"start":{"line":386,"column":4},"end":{"line":386,"column":69}}]},"32":{"loc":{"start":{"line":387,"column":4},"end":{"line":387,"column":67}},"type":"if","locations":[{"start":{"line":387,"column":4},"end":{"line":387,"column":67}}]},"33":{"loc":{"start":{"line":388,"column":4},"end":{"line":388,"column":57}},"type":"if","locations":[{"start":{"line":388,"column":4},"end":{"line":388,"column":57}}]},"34":{"loc":{"start":{"line":389,"column":4},"end":{"line":389,"column":77}},"type":"if","locations":[{"start":{"line":389,"column":4},"end":{"line":389,"column":77}}]},"35":{"loc":{"start":{"line":418,"column":10},"end":{"line":418,"column":41}},"type":"cond-expr","locations":[{"start":{"line":418,"column":22},"end":{"line":418,"column":34}},{"start":{"line":418,"column":37},"end":{"line":418,"column":41}}]},"36":{"loc":{"start":{"line":418,"column":43},"end":{"line":418,"column":60}},"type":"binary-expr","locations":[{"start":{"line":418,"column":43},"end":{"line":418,"column":52}},{"start":{"line":418,"column":56},"end":{"line":418,"column":60}}]},"37":{"loc":{"start":{"line":420,"column":4},"end":{"line":420,"column":37}},"type":"if","locations":[{"start":{"line":420,"column":4},"end":{"line":420,"column":37}}]},"38":{"loc":{"start":{"line":430,"column":10},"end":{"line":430,"column":41}},"type":"cond-expr","locations":[{"start":{"line":430,"column":22},"end":{"line":430,"column":34}},{"start":{"line":430,"column":37},"end":{"line":430,"column":41}}]},"39":{"loc":{"start":{"line":430,"column":43},"end":{"line":430,"column":60}},"type":"binary-expr","locations":[{"start":{"line":430,"column":43},"end":{"line":430,"column":52}},{"start":{"line":430,"column":56},"end":{"line":430,"column":60}}]},"40":{"loc":{"start":{"line":433,"column":4},"end":{"line":433,"column":37}},"type":"if","locations":[{"start":{"line":433,"column":4},"end":{"line":433,"column":37}}]},"41":{"loc":{"start":{"line":443,"column":10},"end":{"line":443,"column":41}},"type":"cond-expr","locations":[{"start":{"line":443,"column":22},"end":{"line":443,"column":34}},{"start":{"line":443,"column":37},"end":{"line":443,"column":41}}]},"42":{"loc":{"start":{"line":443,"column":43},"end":{"line":443,"column":60}},"type":"binary-expr","locations":[{"start":{"line":443,"column":43},"end":{"line":443,"column":52}},{"start":{"line":443,"column":56},"end":{"line":443,"column":60}}]},"43":{"loc":{"start":{"line":446,"column":4},"end":{"line":446,"column":37}},"type":"if","locations":[{"start":{"line":446,"column":4},"end":{"line":446,"column":37}}]},"44":{"loc":{"start":{"line":455,"column":10},"end":{"line":455,"column":41}},"type":"cond-expr","locations":[{"start":{"line":455,"column":22},"end":{"line":455,"column":34}},{"start":{"line":455,"column":37},"end":{"line":455,"column":41}}]},"45":{"loc":{"start":{"line":455,"column":43},"end":{"line":455,"column":60}},"type":"binary-expr","locations":[{"start":{"line":455,"column":43},"end":{"line":455,"column":52}},{"start":{"line":455,"column":56},"end":{"line":455,"column":60}}]},"46":{"loc":{"start":{"line":459,"column":4},"end":{"line":459,"column":39}},"type":"if","locations":[{"start":{"line":459,"column":4},"end":{"line":459,"column":39}}]},"47":{"loc":{"start":{"line":465,"column":15},"end":{"line":465,"column":71}},"type":"cond-expr","locations":[{"start":{"line":465,"column":36},"end":{"line":465,"column":59}},{"start":{"line":465,"column":62},"end":{"line":465,"column":71}}]},"48":{"loc":{"start":{"line":469,"column":15},"end":{"line":469,"column":55}},"type":"cond-expr","locations":[{"start":{"line":469,"column":28},"end":{"line":469,"column":43}},{"start":{"line":469,"column":46},"end":{"line":469,"column":55}}]}},"s":{"0":0,"1":0,"2":0,"3":0,"4":0,"5":0,"6":0,"7":0,"8":0,"9":0,"10":0,"11":0,"12":0,"13":0,"14":0,"15":0,"16":0,"17":0,"18":0,"19":0,"20":0,"21":0,"22":0,"23":0,"24":0,"25":0,"26":0,"27":0,"28":0,"29":0,"30":0,"31":0,"32":0,"33":0,"34":0,"35":0,"36":0,"37":0,"38":0,"39":0,"40":0,"41":0,"42":0,"43":0,"44":0,"45":0,"46":0,"47":0,"48":0,"49":0,"50":0,"51":0,"52":0,"53":0,"54":0,
[...]
,"/Users/askinguzel/Documents/dev/tsmartquality-new/backend/src/routes/customer.routes.ts": {"path":"/Users/askinguzel/Documents/dev/tsmartquality-new/backend/src/routes/customer.routes.ts","statementMap":{"0":{"start":{"line":1,"column":0},"end":{"line":1,"column":30}},"1":{"start":{"line":2,"column":0},"end":{"line":2,"column":55}},"2":{"start":{"line":3,"column":0},"end":{"line":3,"column":61}},"3":{"start":{"line":4,"column":0},"end":{"line":4,"column":63}},"4":{"start":{"line":5,"column":0},"end":{"line":5,"column":73}},"5":{"start":{"line":7,"column":15},"end":{"line":7,"column":31}},"6":{"start":{"line":97,"column":0},"end":{"line":97,"column":66}},"7":{"start":{"line":124,"column":0},"end":{"line":129,"column":2}},"8":{"start":{"line":153,"column":0},"end":{"line":170,"column":2}},"9":{"start":{"line":194,"column":0},"end":{"line":212,"column":2}},"10":{"start":{"line":233,"column":0},"end":{"line":238,"column":2}},"11":{"start":{"line":285,"column":0},"end":{"line":297,"column":2}},"12":{"start":{"line":311,"column":0},"end":{"line":315,"column":2}},"13":{"start":{"line":338,"column":0},"end":{"line":343,"column":2}},"14":{"start":{"line":345,"column":0},"end":{"line":345,"column":22}}},"fnMap":{},"branchMap":{},"s":{"0":0,"1":0,"2":0,"3":0,"4":0,"5":0,"6":0,"7":0,"8":0,"9":0,"10":0,"11":0,"12":0,"13":0,"14":0},"f":{},"b":{}}
,"/Users/askinguzel/Documents/dev/tsmartquality-new/backend/src/routes/photo.routes.ts": {"path":"/Users/askinguzel/Documents/dev/tsmartquality-new/backend/src/routes/photo.routes.ts","statementMap":{"0":{"start":{"line":1,"column":0},"end":{"line":1,"column":33}},"1":{"start":{"line":2,"column":0},"end":{"line":2,"column":61}},"2":{"start":{"line":3,"column":0},"end":{"line":3,"column":61}},"3":{"start":{"line":4,"column":0},"end":{"line":4,"column":67}},"4":{"start":{"line":5,"column":0},"end":{"line":5,"column":55}},"5":{"start":{"line":6,"column":0},"end":{"line":6,"column":67}},"6":{"start":{"line":8,"column":15},"end":{"line":8,"column":23}},"7":{"start":{"line":44,"column":0},"end":{"line":53,"column":2}},"8":{"start":{"line":78,"column":0},"end":{"line":85,"column":2}},"9":{"start":{"line":123,"column":0},"end":{"line":133,"column":2}},"10":{"start":{"line":174,"column":0},"end":{"line":184,"column":2}},"11":{"start":{"line":209,"column":0},"end":{"line":216,"column":2}},"12":{"start":{"line":253,"column":0},"end":{"line":262,"column":2}},"13":{"start":{"line":298,"column":0},"end":{"line":306,"column":2}},"14":{"start":{"line":308,"column":0},"end":{"line":308,"column":22}}},"fnMap":{},"branchMap":{},"s":{"0":0,"1":0,"2":0,"3":0,"4":0,"5":0,"6":0,"7":0,"8":0,"9":0,"10":0,"11":0,"12":0,"13":0,"14":0},"f":{},"b":{}}
,"/Users/askinguzel/Documents/dev/tsmartquality-new/backend/src/routes/product.routes.ts": {"path":"/Users/askinguzel/Documents/dev/tsmartquality-new/backend/src/routes/product.routes.ts","statementMap":{"0":{"start":{"line":1,"column":0},"end":{"line":1,"column":30}},"1":{"start":{"line":2,"column":0},"end":{"line":2,"column":55}},"2":{"start":{"line":3,"column":0},"end":{"line":3,"column":61}},"3":{"start":{"line":4,"column":0},"end":{"line":4,"column":63}},"4":{"start":{"line":5,"column":0},"end":{"line":5,"column":71}},"5":{"start":{"line":7,"column":15},"end":{"line":7,"column":31}},"6":{"start":{"line":139,"column":0},"end":{"line":139,"column":64}},"7":{"start":{"line":166,"column":0},"end":{"line":172,"column":2}},"8":{"start":{"line":196,"column":0},"end":{"line":227,"column":2}},"9":{"start":{"line":251,"column":0},"end":{"line":283,"column":2}},"10":{"start":{"line":304,"column":0},"end":{"line":309,"column":2}},"11":{"start":{"line":330,"column":0},"end":{"line":335,"column":2}},"12":{"start":{"line":349,"column":0},"end":{"line":353,"column":2}},"13":{"start":{"line":367,"column":0},"end":{"line":371,"column":2}},"14":{"start":{"line":398,"column":0},"end":{"line":406,"column":2}},"15":{"start":{"line":463,"column":0},"end":{"line":477,"column":2}},"16":{"start":{"line":491,"column":0},"end":{"line":495,"column":2}},"17":{"start":{"line":509,"column":0},"end":{"line":513,"column":2}},"18":{"start":{"line":515,"column":0},"end":{"line":515,"column":22}}},"fnMap":{},"branchMap":{},"s":{"0":0,"1":0,"2":0,"3":0,"4":0,"5":0,"6":0,"7":0,"8":0,"9":0,"10":0,"11":0,"12":0,"13":0,"14":0,"15":0,"16":0,"17":0,"18":0},"f":{},"b":{}}
,"/Users/askinguzel/Documents/dev/tsmartquality-new/backend/src/routes/productGroup.routes.ts": {"path":"/Users/askinguzel/Documents/dev/tsmartquality-new/backend/src/routes/productGroup.routes.ts","statementMap":{"0":{"start":{"line":1,"column":0},"end":{"line":1,"column":53}},"1":{"start":{"line":2,"column":0},"end":{"line":2,"column":48}},"2":{"start":{"line":3,"column":0},"end":{"line":3,"column":61}},"3":{"start":{"line":4,"column":0},"end":{"line":4,"column":63}},"4":{"start":{"line":6,"column":15},"end":{"line":6,"column":31}},"5":{"start":{"line":65,"column":0},"end":{"line":68,"column":3}},"6":{"start":{"line":67,"column":2},"end":{"line":67,"column":27}},"7":{"start":{"line":95,"column":0},"end":{"line":103,"column":2}},"8":{"start":{"line":101,"column":4},"end":{"line":101,"column":65}},"9":{"start":{"line":127,"column":0},"end":{"line":138,"column":2}},"10":{"start":{"line":136,"column":4},"end":{"line":136,"column":49}},"11":{"start":{"line":162,"column":0},"end":{"line":174,"column":2}},"12":{"start":{"line":172,"column":4},"end":{"line":172,"column":35}},"13":{"start":{"line":197,"column":0},"end":{"line":205,"column":2}},"14":{"start":{"line":203,"column":4},"end":{"line":203,"column":76}},"15":{"start":{"line":207,"column":0},"end":{"line":207,"column":22}}},"fnMap":{"0":{"name":"(anonymous_1)","decl":{"start":{"line":65,"column":30},"end":{"line":65,"column":31}},"loc":{"start":{"line":65,"column":68},"end":{"line":68,"column":1}}},"1":{"name":"(anonymous_2)","decl":{"start":{"line":99,"column":2},"end":{"line":99,"column":3}},"loc":{"start":{"line":99,"column":34},"end":{"line":102,"column":3}}},"2":{"name":"(anonymous_3)","decl":{"start":{"line":134,"column":2},"end":{"line":134,"column":3}},"loc":{"start":{"line":134,"column":34},"end":{"line":137,"column":3}}},"3":{"name":"(anonymous_4)","decl":{"start":{"line":170,"column":2},"end":{"line":170,"column":3}},"loc":{"start":{"line":170,"column":34},"end":{"line":173,"column":3}}},"4":{"name":"(anonymous_5)","decl":{"start":{"line":201,"column":2},"end":{"line":201,"column":3}},"loc":{"start":{"line":201,"column":40},"end":{"line":204,"column":3}}}},"branchMap":{},"s":{"0":0,"1":0,"2":0,"3":0,"4":0,"5":0,"6":0,"7":0,"8":0,"9":0,"10":0,"11":0,"12":0,"13":0,"14":0,"15":0},"f":{"0":0,"1":0,"2":0,"3":0,"4":0},"b":{}}
,"/Users/askinguzel/Documents/dev/tsmartquality-new/backend/src/routes/productType.routes.ts": {"path":"/Users/askinguzel/Documents/dev/tsmartquality-new/backend/src/routes/productType.routes.ts","statementMap":{"0":{"start":{"line":1,"column":0},"end":{"line":1,"column":53}},"1":{"start":{"line":2,"column":0},"end":{"line":2,"column":48}},"2":{"start":{"line":3,"column":0},"end":{"line":3,"column":61}},"3":{"start":{"line":4,"column":0},"end":{"line":4,"column":63}},"4":{"start":{"line":6,"column":15},"end":{"line":6,"column":31}},"5":{"start":{"line":61,"column":0},"end":{"line":64,"column":3}},"6":{"start":{"line":63,"column":2},"end":{"line":63,"column":27}},"7":{"start":{"line":91,"column":0},"end":{"line":99,"column":2}},"8":{"start":{"line":97,"column":4},"end":{"line":97,"column":64}},"9":{"start":{"line":123,"column":0},"end":{"line":135,"column":2}},"10":{"start":{"line":133,"column":4},"end":{"line":133,"column":49}},"11":{"start":{"line":163,"column":0},"end":{"line":176,"column":2}},"12":{"start":{"line":174,"column":4},"end":{"line":174,"column":35}},"13":{"start":{"line":201,"column":0},"end":{"line":209,"column":2}},"14":{"start":{"line":207,"column":4},"end":{"line":207,"column":75}},"15":{"start":{"line":236,"column":0},"end":{"line":244,"column":2}},"16":{"start":{"line":242,"column":4},"end":{"line":242,"column":29}},"17":{"start":{"line":246,"column":0},"end":{"line":246,"column":22}}},"fnMap":{"0":{"name":"(anonymous_1)","decl":{"start":{"line":61,"column":30},"end":{"line":61,"column":39}},"loc":{"start":{"line":61,"column":66},"end":{"line":64,"column":1}}},"1":{"name":"(anonymous_2)","decl":{"start":{"line":95,"column":2},"end":{"line":95,"column":11}},"loc":{"start":{"line":95,"column":38},"end":{"line":98,"column":3}}},"2":{"name":"(anonymous_3)","decl":{"start":{"line":131,"column":2},"end":{"line":131,"column":11}},"loc":{"start":{"line":131,"column":38},"end":{"line":134,"column":3}}},"3":{"name":"(anonymous_4)","decl":{"start":{"line":172,"column":2},"end":{"line":172,"column":11}},"loc":{"start":{"line":172,"column":38},"end":{"line":175,"column":3}}},"4":{"name":"(anonymous_5)","decl":{"start":{"line":205,"column":2},"end":{"line":205,"column":11}},"loc":{"start":{"line":205,"column":38},"end":{"line":208,"column":3}}},"5":{"name":"(anonymous_6)","decl":{"start":{"line":240,"column":2},"end":{"line":240,"column":11}},"loc":{"start":{"line":240,"column":38},"end":{"line":243,"column":3}}}},"branchMap":{},"s":{"0":0,"1":0,"2":0,"3":0,"4":0,"5":0,"6":0,"7":0,"8":0,"9":0,"10":0,"11":0,"12":0,"13":0,"14":0,"15":0,"16":0,"17":0},"f":{"0":0,"1":0,"2":0,"3":0,"4":0,"5":0},"b":{}}
,"/Users/askinguzel/Documents/dev/tsmartquality-new/backend/src/routes/recipe.routes.ts": {"path":"/Users/askinguzel/Documents/dev/tsmartquality-new/backend/src/routes/recipe.routes.ts","statementMap":{"0":{"start":{"line":1,"column":0},"end":{"line":1,"column":53}},"1":{"start":{"line":2,"column":0},"end":{"line":2,"column":55}},"2":{"start":{"line":3,"column":0},"end":{"line":3,"column":61}},"3":{"start":{"line":4,"column":0},"end":{"line":4,"column":63}},"4":{"start":{"line":5,"column":0},"end":{"line":5,"column":69}},"5":{"start":{"line":7,"column":15},"end":{"line":7,"column":31}},"6":{"start":{"line":95,"column":0},"end":{"line":103,"column":2}},"7":{"start":{"line":130,"column":0},"end":{"line":138,"column":2}},"8":{"start":{"line":165,"column":0},"end":{"line":170,"column":2}},"9":{"start":{"line":193,"column":0},"end":{"line":198,"column":2}},"10":{"start":{"line":225,"column":0},"end":{"line":258,"column":2}},"11":{"start":{"line":230,"column":4},"end":{"line":256,"column":5}},"12":{"start":{"line":231,"column":28},"end":{"line":231,"column":38}},"13":{"start":{"line":232,"column":41},"end":{"line":232,"column":50}},"14":{"start":{"line":234,"column":37},"end":{"line":240,"column":66}},"15":{"start":{"line":242,"column":6},"end":{"line":244,"column":7}},"16":{"start":{"line":243,"column":8},"end":{"line":243,"column":78}},"17":{"start":{"line":246,"column":6},"end":{"line":252,"column":9}},"18":{"start":{"line":254,"column":6},"end":{"line":254,"column":65}},"19":{"start":{"line":255,"column":6},"end":{"line":255,"column":55}},"20":{"start":{"line":294,"column":0},"end":{"line":306,"column":2}},"21":{"start":{"line":345,"column":0},"end":{"line":359,"column":2}},"22":{"start":{"line":380,"column":0},"end":{"line":385,"column":2}},"23":{"start":{"line":408,"column":0},"end":{"line":417,"column":2}},"24":{"start":{"line":440,"column":0},"end":{"line":445,"column":2}},"25":{"start":{"line":482,"column":0},"end":{"line":494,"column":2}},"26":{"start":{"line":534,"column":0},"end":{"line":548,"column":2}},"27":{"start":{"line":569,"column":0},"end":{"line":574,"column":2}},"28":{"start":{"line":576,"column":0},"end":{"line":576,"column":22}}},"fnMap":{"0":{"name":"(anonymous_10)","decl":{"start":{"line":229,"column":2},"end":{"line":229,"column":7}},"loc":{"start":{"line":229,"column":40},"end":{"line":257,"column":3}}}},"branchMap":{"0":{"loc":{"start":{"line":232,"column":14},"end":{"line":232,"column":24}},"type":"default-arg","locations":[{"start":{"line":232,"column":22},"end":{"line":232,"column":24}}]},"1":{"loc":{"start":{"line":232,"column":26},"end":{"line":232,"column":36}},"type":"default-arg","locations":[{"start":{"line":232,"column":35},"end":{"line":232,"column":36}}]},"2":{"loc":{"start":{"line":242,"column":6},"end":{"line":244,"column":7}},"type":"if","locations":[{"start":{"line":242,"column":6},"end":{"line":244,"column":7}}]}},"s":{"0":0,"1":0,"2":0,"3":0,"4":0,"5":0,"6":0,"7":0,"8":0,"9":0,"10":0,"11":0,"12":0,"13":0,"14":0,"15":0,"16":0,"17":0,"18":0,"19":0,"20":0,"21":0,"22":0,"23":0,"24":0,"25":0,"26":0,"27":0,"28":0},"f":{"0":0},"b":{"0":[0],"1":[0],"2":[0]}}
,"/Users/askinguzel/Documents/dev/tsmartquality-new/backend/src/routes/role.routes.ts": {"path":"/Users/askinguzel/Documents/dev/tsmartquality-new/backend/src/routes/role.routes.ts","statementMap":{"0":{"start":{"line":1,"column":0},"end":{"line":1,"column":30}},"1":{"start":{"line":2,"column":0},"end":{"line":2,"column":55}},"2":{"start":{"line":3,"column":0},"end":{"line":3,"column":61}},"3":{"start":{"line":4,"column":0},"end":{"line":4,"column":63}},"4":{"start":{"line":5,"column":0},"end":{"line":5,"column":72}},"5":{"start":{"line":6,"column":0},"end":{"line":6,"column":65}},"6":{"start":{"line":8,"column":15},"end":{"line":8,"column":31}},"7":{"start":{"line":91,"column":0},"end":{"line":99,"column":2}},"8":{"start":{"line":131,"column":0},"end":{"line":138,"column":2}},"9":{"start":{"line":180,"column":0},"end":{"line":189,"column":2}},"10":{"start":{"line":236,"column":0},"end":{"line":246,"column":2}},"11":{"start":{"line":273,"column":0},"end":{"line":281,"column":2}},"12":{"start":{"line":315,"column":0},"end":{"line":322,"column":2}},"13":{"start":{"line":358,"column":0},"end":{"line":367,"column":2}},"14":{"start":{"line":398,"column":0},"end":{"line":407,"column":2}},"15":{"start":{"line":432,"column":0},"end":{"line":432,"column":79}},"16":{"start":{"line":434,"column":0},"end":{"line":434,"column":22}}},"fnMap":{},"branchMap":{},"s":{"0":0,"1":0,"2":0,"3":0,"4":0,"5":0,"6":0,"7":0,"8":0,"9":0,"10":0,"11":0,"12":0,"13":0,"14":0,"15":0,"16":0},"f":{},"b":{}}
,"/Users/askinguzel/Documents/dev/tsmartquality-new/backend/src/routes/seller.routes.ts": {"path":"/Users/askinguzel/Documents/dev/tsmartquality-new/backend/src/routes/seller.routes.ts","statementMap":{"0":{"start":{"line":1,"column":0},"end":{"line":1,"column":53}},"1":{"start":{"line":2,"column":0},"end":{"line":2,"column":48}},"2":{"start":{"line":3,"column":0},"end":{"line":3,"column":61}},"3":{"start":{"line":4,"column":0},"end":{"line":4,"column":63}},"4":{"start":{"line":6,"column":15},"end":{"line":6,"column":31}},"5":{"start":{"line":81,"column":0},"end":{"line":84,"column":3}},"6":{"start":{"line":83,"column":2},"end":{"line":83,"column":27}},"7":{"start":{"line":111,"column":0},"end":{"line":119,"column":2}},"8":{"start":{"line":117,"column":4},"end":{"line":117,"column":29}},"9":{"start":{"line":143,"column":0},"end":{"line":154,"column":2}},"10":{"start":{"line":152,"column":4},"end":{"line":152,"column":29}},"11":{"start":{"line":178,"column":0},"end":{"line":195,"column":2}},"12":{"start":{"line":193,"column":4},"end":{"line":193,"column":35}},"13":{"start":{"line":218,"column":0},"end":{"line":226,"column":2}},"14":{"start":{"line":224,"column":4},"end":{"line":224,"column":69}},"15":{"start":{"line":228,"column":0},"end":{"line":228,"column":22}}},"fnMap":{"0":{"name":"(anonymous_1)","decl":{"start":{"line":81,"column":30},"end":{"line":81,"column":31}},"loc":{"start":{"line":81,"column":68},"end":{"line":84,"column":1}}},"1":{"name":"(anonymous_2)","decl":{"start":{"line":115,"column":2},"end":{"line":115,"column":3}},"loc":{"start":{"line":115,"column":40},"end":{"line":118,"column":3}}},"2":{"name":"(anonymous_3)","decl":{"start":{"line":150,"column":2},"end":{"line":150,"column":3}},"loc":{"start":{"line":150,"column":40},"end":{"line":153,"column":3}}},"3":{"name":"(anonymous_4)","decl":{"start":{"line":191,"column":2},"end":{"line":191,"column":3}},"loc":{"start":{"line":191,"column":40},"end":{"line":194,"column":3}}},"4":{"name":"(anonymous_5)","decl":{"start":{"line":222,"column":2},"end":{"line":222,"column":3}},"loc":{"start":{"line":222,"column":40},"end":{"line":225,"column":3}}}},"branchMap":{},"s":{"0":0,"1":0,"2":0,"3":0,"4":0,"5":0,"6":0,"7":0,"8":0,"9":0,"10":0,"11":0,"12":0,"13":0,"14":0,"15":0},"f":{"0":0,"1":0,"2":0,"3":0,"4":0},"b":{}}
,"/Users/askinguzel/Documents/dev/tsmartquality-new/backend/src/routes/spec.routes.ts": {"path":"/Users/askinguzel/Documents/dev/tsmartquality-new/backend/src/routes/spec.routes.ts","statementMap":{"0":{"start":{"line":1,"column":0},"end":{"line":1,"column":53}},"1":{"start":{"line":2,"column":0},"end":{"line":2,"column":55}},"2":{"start":{"line":3,"column":0},"end":{"line":3,"column":61}},"3":{"start":{"line":4,"column":0},"end":{"line":4,"column":63}},"4":{"start":{"line":5,"column":0},"end":{"line":5,"column":65}},"5":{"start":{"line":7,"column":15},"end":{"line":7,"column":31}},"6":{"start":{"line":155,"column":0},"end":{"line":163,"column":2}},"7":{"start":{"line":190,"column":0},"end":{"line":198,"column":2}},"8":{"start":{"line":221,"column":0},"end":{"line":226,"column":2}},"9":{"start":{"line":258,"column":0},"end":{"line":263,"column":2}},"10":{"start":{"line":296,"column":0},"end":{"line":305,"column":2}},"11":{"start":{"line":341,"column":0},"end":{"line":351,"column":2}},"12":{"start":{"line":392,"column":0},"end":{"line":404,"column":2}},"13":{"start":{"line":425,"column":0},"end":{"line":430,"column":2}},"14":{"start":{"line":465,"column":0},"end":{"line":474,"column":2}},"15":{"start":{"line":497,"column":0},"end":{"line":502,"column":2}},"16":{"start":{"line":550,"column":0},"end":{"line":564,"column":2}},"17":{"start":{"line":617,"column":0},"end":{"line":633,"column":2}},"18":{"start":{"line":654,"column":0},"end":{"line":659,"column":2}},"19":{"start":{"line":661,"column":0},"end":{"line":661,"column":22}}},"fnMap":{},"branchMap":{},"s":{"0":0,"1":0,"2":0,"3":0,"4":0,"5":0,"6":0,"7":0,"8":0,"9":0,"10":0,"11":0,"12":0,"13":0,"14":0,"15":0,"16":0,"17":0,"18":0,"19":0},"f":{},"b":{}}
,"/Users/askinguzel/Documents/dev/tsmartquality-new/backend/src/routes/user.routes.ts": {"path":"/Users/askinguzel/Documents/dev/tsmartquality-new/backend/src/routes/user.routes.ts","statementMap":{"0":{"start":{"line":1,"column":0},"end":{"line":1,"column":30}},"1":{"start":{"line":2,"column":0},"end":{"line":2,"column":55}},"2":{"start":{"line":3,"column":0},"end":{"line":3,"column":61}},"3":{"start":{"line":4,"column":0},"end":{"line":4,"column":63}},"4":{"start":{"line":5,"column":0},"end":{"line":5,"column":65}},"5":{"start":{"line":8,"column":15},"end":{"line":8,"column":31}},"6":{"start":{"line":111,"column":0},"end":{"line":119,"column":2}},"7":{"start":{"line":142,"column":0},"end":{"line":142,"column":63}},"8":{"start":{"line":177,"column":0},"end":{"line":184,"column":2}},"9":{"start":{"line":251,"column":0},"end":{"line":266,"column":2}},"10":{"start":{"line":298,"column":0},"end":{"line":306,"column":2}},"11":{"start":{"line":334,"column":0},"end":{"line":341,"column":2}},"12":{"start":{"line":376,"column":0},"end":{"line":385,"column":2}},"13":{"start":{"line":409,"column":0},"end":{"line":416,"column":2}},"14":{"start":{"line":453,"column":0},"end":{"line":461,"column":2}},"15":{"start":{"line":493,"column":0},"end":{"line":501,"column":2}},"16":{"start":{"line":531,"column":0},"end":{"line":538,"column":2}},"17":{"start":{"line":540,"column":0},"end":{"line":540,"column":22}}},"fnMap":{},"branchMap":{},"s":{"0":0,"1":0,"2":0,"3":0,"4":0,"5":0,"6":0,"7":0,"8":0,"9":0,"10":0,"11":0,"12":0,"13":0,"14":0,"15":0,"16":0,"17":0},"f":{},"b":{}}
}
