TN:
SF:src/app.ts
FN:79,(anonymous_1)
FN:84,(anonymous_2)
FNF:2
FNH:0
FNDA:0,(anonymous_1)
FNDA:0,(anonymous_2)
DA:1,0
DA:2,0
DA:3,0
DA:4,0
DA:5,0
DA:6,0
DA:7,0
DA:8,0
DA:11,0
DA:14,0
DA:15,0
DA:16,0
DA:17,0
DA:18,0
DA:19,0
DA:20,0
DA:21,0
DA:22,0
DA:23,0
DA:24,0
DA:25,0
DA:28,0
DA:46,0
DA:49,0
DA:52,0
DA:53,0
DA:54,0
DA:55,0
DA:56,0
DA:59,0
DA:62,0
DA:63,0
DA:64,0
DA:65,0
DA:66,0
DA:67,0
DA:68,0
DA:69,0
DA:70,0
DA:71,0
DA:72,0
DA:73,0
DA:76,0
DA:79,0
DA:80,0
DA:84,0
DA:85,0
DA:86,0
DA:92,0
LF:49
LH:0
BRDA:38,0,0,0
BRDA:38,0,1,0
BRDA:88,1,0,0
BRDA:88,1,1,0
BRF:4
BRH:0
end_of_record
TN:
SF:src/config/supabase.ts
FNF:0
FNH:0
DA:1,0
DA:2,0
DA:4,0
DA:6,0
DA:7,0
DA:8,0
DA:11,0
DA:14,0
DA:18,0
LF:9
LH:0
BRDA:14,0,0,0
BRDA:14,0,1,0
BRF:2
BRH:0
end_of_record
TN:
SF:src/controllers/auth.controller.ts
FN:6,(anonymous_1)
FN:81,(anonymous_2)
FN:92,(anonymous_3)
FN:142,(anonymous_4)
FN:176,(anonymous_5)
FN:186,(anonymous_6)
FN:204,(anonymous_7)
FNF:7
FNH:3
FNDA:3,(anonymous_1)
FNDA:0,(anonymous_2)
FNDA:3,(anonymous_3)
FNDA:0,(anonymous_4)
FNDA:0,(anonymous_5)
FNDA:0,(anonymous_6)
FNDA:3,(anonymous_7)
DA:2,1
DA:3,1
DA:6,1
DA:7,3
DA:8,3
DA:11,3
DA:16,2
DA:17,1
DA:21,1
DA:27,1
DA:28,0
DA:29,0
DA:33,1
DA:34,0
DA:38,1
DA:39,0
DA:49,1
DA:50,1
DA:62,0
DA:69,0
DA:73,0
DA:81,0
DA:86,2
DA:87,2
DA:92,1
DA:93,3
DA:94,3
DA:97,3
DA:102,2
DA:103,1
DA:107,1
DA:118,1
DA:120,0
DA:121,0
DA:123,0
DA:126,1
DA:136,1
DA:137,1
DA:142,1
DA:143,0
DA:144,0
DA:145,0
DA:149,0
DA:155,0
DA:156,0
DA:160,0
DA:167,0
DA:170,0
DA:176,0
DA:180,0
DA:181,0
DA:186,1
DA:187,0
DA:188,0
DA:190,0
DA:192,0
DA:193,0
DA:196,0
DA:198,0
DA:199,0
DA:204,1
DA:205,3
DA:206,3
DA:208,3
DA:209,0
DA:213,3
DA:218,3
DA:219,1
DA:223,2
DA:227,0
DA:228,0
DA:231,0
DA:233,2
DA:234,2
LF:74
LH:39
BRDA:16,0,0,1
BRDA:27,1,0,0
BRDA:33,2,0,0
BRDA:38,3,0,0
BRDA:55,4,0,1
BRDA:55,4,1,1
BRDA:58,5,0,1
BRDA:58,5,1,1
BRDA:81,6,0,0
BRDA:81,6,1,0
BRDA:82,7,0,0
BRDA:82,7,1,0
BRDA:102,8,0,1
BRDA:118,9,0,0
BRDA:120,10,0,0
BRDA:144,11,0,0
BRDA:144,12,0,0
BRDA:144,12,1,0
BRDA:155,13,0,0
BRDA:176,14,0,0
BRDA:176,14,1,0
BRDA:177,15,0,0
BRDA:177,15,1,0
BRDA:192,16,0,0
BRDA:208,17,0,0
BRDA:208,18,0,3
BRDA:208,18,1,3
BRDA:218,19,0,1
BRDA:227,20,0,0
BRF:29
BRH:9
end_of_record
TN:
SF:src/controllers/brand.controller.ts
FN:5,(anonymous_0)
FN:23,(anonymous_1)
FN:49,(anonymous_2)
FN:73,(anonymous_3)
FN:98,(anonymous_4)
FNF:5
FNH:0
FNDA:0,(anonymous_0)
FNDA:0,(anonymous_1)
FNDA:0,(anonymous_2)
FNDA:0,(anonymous_3)
FNDA:0,(anonymous_4)
DA:2,0
DA:5,0
DA:6,0
DA:7,0
DA:13,0
DA:15,0
DA:17,0
DA:18,0
DA:23,0
DA:24,0
DA:25,0
DA:27,0
DA:34,0
DA:35,0
DA:36,0
DA:38,0
DA:41,0
DA:43,0
DA:44,0
DA:49,0
DA:50,0
DA:51,0
DA:54,0
DA:55,0
DA:57,0
DA:63,0
DA:65,0
DA:67,0
DA:68,0
DA:73,0
DA:74,0
DA:75,0
DA:78,0
DA:79,0
DA:81,0
DA:88,0
DA:90,0
DA:92,0
DA:93,0
DA:98,0
DA:99,0
DA:100,0
DA:103,0
DA:109,0
DA:111,0
DA:112,0
DA:118,0
DA:129,0
DA:131,0
DA:133,0
DA:134,0
LF:51
LH:0
BRDA:13,0,0,0
BRDA:34,1,0,0
BRDA:35,2,0,0
BRDA:63,3,0,0
BRDA:88,4,0,0
BRDA:109,5,0,0
BRDA:111,6,0,0
BRDA:111,7,0,0
BRDA:111,7,1,0
BRDA:129,8,0,0
BRF:10
BRH:0
end_of_record
TN:
SF:src/controllers/customer.controller.ts
FN:5,(anonymous_0)
FN:23,(anonymous_1)
FN:49,(anonymous_2)
FN:73,(anonymous_3)
FN:98,(anonymous_4)
FN:124,(anonymous_5)
FN:182,(anonymous_6)
FN:195,(anonymous_7)
FN:199,(anonymous_8)
FN:201,(anonymous_9)
FN:205,(anonymous_10)
FN:223,(anonymous_11)
FNF:12
FNH:0
FNDA:0,(anonymous_0)
FNDA:0,(anonymous_1)
FNDA:0,(anonymous_2)
FNDA:0,(anonymous_3)
FNDA:0,(anonymous_4)
FNDA:0,(anonymous_5)
FNDA:0,(anonymous_6)
FNDA:0,(anonymous_7)
FNDA:0,(anonymous_8)
FNDA:0,(anonymous_9)
FNDA:0,(anonymous_10)
FNDA:0,(anonymous_11)
DA:2,0
DA:5,0
DA:6,0
DA:7,0
DA:13,0
DA:15,0
DA:17,0
DA:18,0
DA:23,0
DA:24,0
DA:25,0
DA:27,0
DA:34,0
DA:35,0
DA:36,0
DA:38,0
DA:41,0
DA:43,0
DA:44,0
DA:49,0
DA:50,0
DA:51,0
DA:54,0
DA:55,0
DA:57,0
DA:63,0
DA:65,0
DA:67,0
DA:68,0
DA:73,0
DA:74,0
DA:75,0
DA:78,0
DA:79,0
DA:81,0
DA:88,0
DA:90,0
DA:92,0
DA:93,0
DA:98,0
DA:99,0
DA:100,0
DA:103,0
DA:114,0
DA:116,0
DA:118,0
DA:119,0
DA:124,0
DA:125,0
DA:126,0
DA:127,0
DA:133,0
DA:135,0
DA:141,0
DA:142,0
DA:145,0
DA:146,0
DA:149,0
DA:150,0
DA:153,0
DA:154,0
DA:158,0
DA:160,0
DA:163,0
DA:167,0
DA:169,0
DA:176,0
DA:177,0
DA:182,0
DA:183,0
DA:185,0
DA:192,0
DA:195,0
DA:198,0
DA:199,0
DA:202,0
DA:205,0
DA:215,0
DA:217,0
DA:218,0
DA:223,0
DA:224,0
DA:225,0
DA:228,0
DA:235,0
DA:236,0
DA:237,0
DA:239,0
DA:243,0
DA:259,0
DA:262,0
DA:267,0
DA:269,0
DA:270,0
LF:94
LH:0
BRDA:13,0,0,0
BRDA:34,1,0,0
BRDA:35,2,0,0
BRDA:63,3,0,0
BRDA:88,4,0,0
BRDA:114,5,0,0
BRDA:126,6,0,0
BRDA:126,6,1,0
BRDA:127,7,0,0
BRDA:127,7,1,0
BRDA:141,8,0,0
BRDA:145,9,0,0
BRDA:149,10,0,0
BRDA:153,11,0,0
BRDA:160,12,0,0
BRDA:167,13,0,0
BRDA:192,14,0,0
BRDA:207,15,0,0
BRDA:207,15,1,0
BRDA:235,16,0,0
BRDA:236,17,0,0
BRDA:259,18,0,0
BRF:22
BRH:0
end_of_record
TN:
SF:src/controllers/photo.controller.ts
FN:13,(anonymous_1)
FN:50,(anonymous_2)
FN:74,(anonymous_3)
FN:144,(anonymous_4)
FN:192,(anonymous_5)
FN:239,(anonymous_6)
FN:271,(anonymous_7)
FNF:7
FNH:0
FNDA:0,(anonymous_1)
FNDA:0,(anonymous_2)
FNDA:0,(anonymous_3)
FNDA:0,(anonymous_4)
FNDA:0,(anonymous_5)
FNDA:0,(anonymous_6)
FNDA:0,(anonymous_7)
DA:2,0
DA:4,0
DA:5,0
DA:8,0
DA:13,0
DA:14,0
DA:15,0
DA:17,0
DA:23,0
DA:24,0
DA:27,0
DA:31,0
DA:32,0
DA:35,0
DA:43,0
DA:50,0
DA:51,0
DA:52,0
DA:54,0
DA:61,0
DA:62,0
DA:65,0
DA:67,0
DA:74,0
DA:75,0
DA:76,0
DA:77,0
DA:80,0
DA:81,0
DA:84,0
DA:85,0
DA:88,0
DA:96,0
DA:97,0
DA:101,0
DA:107,0
DA:125,0
DA:127,0
DA:132,0
DA:135,0
DA:137,0
DA:144,0
DA:145,0
DA:146,0
DA:148,0
DA:149,0
DA:153,0
DA:160,0
DA:161,0
DA:165,0
DA:179,0
DA:180,0
DA:183,0
DA:185,0
DA:192,0
DA:193,0
DA:194,0
DA:197,0
DA:204,0
DA:205,0
DA:209,0
DA:214,0
DA:215,0
DA:220,0
DA:226,0
DA:227,0
DA:230,0
DA:232,0
DA:239,0
DA:240,0
DA:241,0
DA:242,0
DA:244,0
DA:252,0
DA:253,0
DA:256,0
DA:264,0
DA:271,0
DA:272,0
DA:273,0
DA:275,0
DA:276,0
DA:280,0
DA:287,0
DA:288,0
DA:292,0
DA:299,0
DA:300,0
DA:304,0
DA:316,0
DA:317,0
DA:320,0
DA:322,0
LF:93
LH:0
BRDA:15,0,0,0
BRDA:15,1,0,0
BRDA:23,2,0,0
BRDA:31,3,0,0
BRDA:61,4,0,0
BRDA:76,5,0,0
BRDA:96,6,0,0
BRDA:110,7,0,0
BRDA:110,7,1,0
BRDA:112,8,0,0
BRDA:112,8,1,0
BRDA:113,9,0,0
BRDA:113,9,1,0
BRDA:125,10,0,0
BRDA:148,11,0,0
BRDA:160,12,0,0
BRDA:168,13,0,0
BRDA:168,13,1,0
BRDA:169,14,0,0
BRDA:169,14,1,0
BRDA:170,15,0,0
BRDA:170,15,1,0
BRDA:179,16,0,0
BRDA:204,17,0,0
BRDA:214,18,0,0
BRDA:226,19,0,0
BRDA:242,20,0,0
BRDA:242,21,0,0
BRDA:252,22,0,0
BRDA:275,23,0,0
BRDA:275,24,0,0
BRDA:275,24,1,0
BRDA:287,25,0,0
BRDA:299,26,0,0
BRDA:316,27,0,0
BRF:35
BRH:0
end_of_record
TN:
SF:src/controllers/product.controller.ts
FN:5,(anonymous_0)
FN:23,(anonymous_1)
FN:49,(anonymous_2)
FN:73,(anonymous_3)
FN:98,(anonymous_4)
FN:136,(anonymous_5)
FN:168,(anonymous_6)
FN:178,(anonymous_7)
FN:179,(anonymous_8)
FN:196,(anonymous_9)
FN:219,(anonymous_10)
FN:236,(anonymous_11)
FN:252,(anonymous_12)
FN:293,(anonymous_13)
FN:367,(anonymous_14)
FN:408,(anonymous_15)
FN:464,(anonymous_16)
FN:468,(anonymous_17)
FNF:18
FNH:0
FNDA:0,(anonymous_0)
FNDA:0,(anonymous_1)
FNDA:0,(anonymous_2)
FNDA:0,(anonymous_3)
FNDA:0,(anonymous_4)
FNDA:0,(anonymous_5)
FNDA:0,(anonymous_6)
FNDA:0,(anonymous_7)
FNDA:0,(anonymous_8)
FNDA:0,(anonymous_9)
FNDA:0,(anonymous_10)
FNDA:0,(anonymous_11)
FNDA:0,(anonymous_12)
FNDA:0,(anonymous_13)
FNDA:0,(anonymous_14)
FNDA:0,(anonymous_15)
FNDA:0,(anonymous_16)
FNDA:0,(anonymous_17)
DA:2,0
DA:5,0
DA:6,0
DA:7,0
DA:13,0
DA:15,0
DA:17,0
DA:18,0
DA:23,0
DA:24,0
DA:25,0
DA:27,0
DA:34,0
DA:35,0
DA:36,0
DA:38,0
DA:41,0
DA:43,0
DA:44,0
DA:49,0
DA:50,0
DA:51,0
DA:54,0
DA:55,0
DA:57,0
DA:63,0
DA:65,0
DA:67,0
DA:68,0
DA:73,0
DA:74,0
DA:75,0
DA:78,0
DA:79,0
DA:81,0
DA:88,0
DA:90,0
DA:92,0
DA:93,0
DA:98,0
DA:99,0
DA:100,0
DA:103,0
DA:114,0
DA:117,0
DA:128,0
DA:130,0
DA:131,0
DA:136,0
DA:137,0
DA:138,0
DA:140,0
DA:159,0
DA:160,0
DA:161,0
DA:163,0
DA:167,0
DA:168,0
DA:170,0
DA:176,0
DA:178,0
DA:179,0
DA:180,0
DA:188,0
DA:190,0
DA:191,0
DA:196,0
DA:197,0
DA:198,0
DA:209,0
DA:211,0
DA:213,0
DA:214,0
DA:219,0
DA:220,0
DA:221,0
DA:233,0
DA:236,0
DA:237,0
DA:244,0
DA:246,0
DA:247,0
DA:252,0
DA:253,0
DA:254,0
DA:255,0
DA:258,0
DA:263,0
DA:266,0
DA:278,0
DA:280,0
DA:287,0
DA:288,0
DA:293,0
DA:294,0
DA:295,0
DA:296,0
DA:304,0
DA:306,0
DA:318,0
DA:319,0
DA:322,0
DA:323,0
DA:326,0
DA:327,0
DA:330,0
DA:331,0
DA:334,0
DA:335,0
DA:338,0
DA:339,0
DA:343,0
DA:345,0
DA:348,0
DA:352,0
DA:354,0
DA:361,0
DA:362,0
DA:367,0
DA:368,0
DA:376,0
DA:385,0
DA:386,0
DA:387,0
DA:388,0
DA:389,0
DA:392,0
DA:400,0
DA:402,0
DA:403,0
DA:408,0
DA:409,0
DA:411,0
DA:414,0
DA:420,0
DA:423,0
DA:433,0
DA:436,0
DA:446,0
DA:449,0
DA:459,0
DA:462,0
DA:464,0
DA:468,0
DA:475,0
DA:477,0
DA:478,0
LF:147
LH:0
BRDA:13,0,0,0
BRDA:34,1,0,0
BRDA:35,2,0,0
BRDA:63,3,0,0
BRDA:88,4,0,0
BRDA:114,5,0,0
BRDA:159,6,0,0
BRDA:160,7,0,0
BRDA:167,8,0,0
BRDA:167,9,0,0
BRDA:167,9,1,0
BRDA:167,9,2,0
BRDA:176,10,0,0
BRDA:176,11,0,0
BRDA:176,11,1,0
BRDA:209,12,0,0
BRDA:233,13,0,0
BRDA:239,14,0,0
BRDA:239,14,1,0
BRDA:239,15,0,0
BRDA:239,15,1,0
BRDA:254,16,0,0
BRDA:254,16,1,0
BRDA:255,17,0,0
BRDA:255,17,1,0
BRDA:263,18,0,0
BRDA:278,19,0,0
BRDA:295,20,0,0
BRDA:295,20,1,0
BRDA:296,21,0,0
BRDA:296,21,1,0
BRDA:318,22,0,0
BRDA:322,23,0,0
BRDA:326,24,0,0
BRDA:330,25,0,0
BRDA:334,26,0,0
BRDA:338,27,0,0
BRDA:345,28,0,0
BRDA:352,29,0,0
BRDA:385,30,0,0
BRDA:386,31,0,0
BRDA:387,32,0,0
BRDA:388,33,0,0
BRDA:389,34,0,0
BRDA:418,35,0,0
BRDA:418,35,1,0
BRDA:418,36,0,0
BRDA:418,36,1,0
BRDA:420,37,0,0
BRDA:430,38,0,0
BRDA:430,38,1,0
BRDA:430,39,0,0
BRDA:430,39,1,0
BRDA:433,40,0,0
BRDA:443,41,0,0
BRDA:443,41,1,0
BRDA:443,42,0,0
BRDA:443,42,1,0
BRDA:446,43,0,0
BRDA:455,44,0,0
BRDA:455,44,1,0
BRDA:455,45,0,0
BRDA:455,45,1,0
BRDA:459,46,0,0
BRDA:465,47,0,0
BRDA:465,47,1,0
BRDA:469,48,0,0
BRDA:469,48,1,0
BRF:68
BRH:0
end_of_record
TN:
SF:src/controllers/recipe.controller.ts
FN:7,(anonymous_0)
FN:37,(anonymous_1)
FN:64,(anonymous_2)
FN:86,(anonymous_3)
FN:86,(anonymous_4)
FN:92,(anonymous_5)
FN:92,(anonymous_6)
FN:102,(anonymous_7)
FN:107,(anonymous_8)
FN:113,(anonymous_9)
FN:122,(anonymous_10)
FN:144,(anonymous_11)
FN:225,(anonymous_12)
FN:249,(anonymous_13)
FN:297,(anonymous_14)
FN:366,(anonymous_15)
FN:415,(anonymous_16)
FN:464,(anonymous_17)
FN:492,(anonymous_18)
FN:599,(anonymous_19)
FN:713,(anonymous_20)
FNF:21
FNH:7
FNDA:2,(anonymous_0)
FNDA:0,(anonymous_1)
FNDA:0,(anonymous_2)
FNDA:0,(anonymous_3)
FNDA:0,(anonymous_4)
FNDA:0,(anonymous_5)
FNDA:0,(anonymous_6)
FNDA:0,(anonymous_7)
FNDA:0,(anonymous_8)
FNDA:0,(anonymous_9)
FNDA:0,(anonymous_10)
FNDA:2,(anonymous_11)
FNDA:2,(anonymous_12)
FNDA:3,(anonymous_13)
FNDA:3,(anonymous_14)
FNDA:2,(anonymous_15)
FNDA:0,(anonymous_16)
FNDA:0,(anonymous_17)
FNDA:3,(anonymous_18)
FNDA:0,(anonymous_19)
FNDA:0,(anonymous_20)
DA:2,1
DA:7,1
DA:8,2
DA:9,2
DA:11,2
DA:18,2
DA:19,1
DA:22,1
DA:30,0
DA:37,1
DA:38,0
DA:39,0
DA:42,0
DA:49,0
DA:50,0
DA:53,0
DA:54,0
DA:64,0
DA:67,0
DA:77,0
DA:78,0
DA:82,0
DA:86,0
DA:88,0
DA:92,0
DA:94,0
DA:95,0
DA:102,0
DA:103,0
DA:104,0
DA:107,0
DA:108,0
DA:109,0
DA:113,0
DA:114,0
DA:115,0
DA:117,0
DA:118,0
DA:122,0
DA:129,0
DA:137,0
DA:144,1
DA:145,2
DA:146,2
DA:149,2
DA:156,1
DA:157,0
DA:161,1
DA:171,0
DA:172,0
DA:176,0
DA:177,0
DA:179,0
DA:180,0
DA:187,0
DA:188,0
DA:192,0
DA:193,0
DA:200,0
DA:201,0
DA:206,0
DA:213,0
DA:218,2
DA:225,1
DA:226,2
DA:227,2
DA:229,2
DA:236,2
DA:237,1
DA:240,1
DA:242,0
DA:249,1
DA:250,3
DA:258,3
DA:261,3
DA:262,2
DA:269,1
DA:284,1
DA:285,0
DA:288,1
DA:290,0
DA:297,1
DA:298,3
DA:308,3
DA:310,3
DA:311,1
DA:315,2
DA:316,0
DA:323,2
DA:330,2
DA:331,1
DA:335,1
DA:353,1
DA:354,0
DA:357,1
DA:359,0
DA:366,1
DA:367,2
DA:368,2
DA:371,2
DA:378,2
DA:379,0
DA:383,2
DA:384,1
DA:390,0
DA:391,0
DA:396,1
DA:402,0
DA:403,0
DA:406,0
DA:408,2
DA:415,1
DA:416,0
DA:417,0
DA:418,0
DA:421,0
DA:428,0
DA:429,0
DA:433,0
DA:445,0
DA:446,0
DA:449,0
DA:457,0
DA:464,1
DA:465,0
DA:466,0
DA:468,0
DA:479,0
DA:480,0
DA:483,0
DA:485,0
DA:492,1
DA:493,3
DA:501,3
DA:504,3
DA:505,1
DA:509,2
DA:510,1
DA:517,1
DA:524,1
DA:525,0
DA:529,1
DA:530,1
DA:537,1
DA:538,0
DA:543,1
DA:544,0
DA:551,0
DA:552,0
DA:557,1
DA:558,1
DA:559,1
DA:567,1
DA:571,1
DA:586,1
DA:587,0
DA:590,1
DA:592,0
DA:599,1
DA:600,0
DA:610,0
DA:612,0
DA:613,0
DA:617,0
DA:618,0
DA:622,0
DA:623,0
DA:630,0
DA:637,0
DA:638,0
DA:642,0
DA:649,0
DA:650,0
DA:654,0
DA:655,0
DA:662,0
DA:663,0
DA:668,0
DA:669,0
DA:676,0
DA:677,0
DA:682,0
DA:700,0
DA:701,0
DA:704,0
DA:706,0
DA:713,1
DA:714,0
DA:715,0
DA:717,0
DA:723,0
DA:724,0
DA:727,0
DA:729,0
LF:194
LH:76
BRDA:9,0,0,0
BRDA:9,1,0,0
BRDA:18,2,0,1
BRDA:39,3,0,0
BRDA:39,4,0,0
BRDA:49,5,0,0
BRDA:53,6,0,0
BRDA:53,7,0,0
BRDA:53,7,1,0
BRDA:77,8,0,0
BRDA:94,9,0,0
BRDA:94,10,0,0
BRDA:94,10,1,0
BRDA:97,11,0,0
BRDA:97,11,1,0
BRDA:102,12,0,0
BRDA:102,12,1,0
BRDA:107,13,0,0
BRDA:107,13,1,0
BRDA:113,14,0,0
BRDA:113,14,1,0
BRDA:114,15,0,0
BRDA:124,16,0,0
BRDA:124,16,1,0
BRDA:125,17,0,0
BRDA:125,17,1,0
BRDA:126,18,0,0
BRDA:126,18,1,0
BRDA:156,19,0,0
BRDA:171,20,0,0
BRDA:179,21,0,0
BRDA:187,22,0,0
BRDA:192,23,0,0
BRDA:200,24,0,0
BRDA:210,25,0,0
BRDA:210,25,1,0
BRDA:236,26,0,1
BRDA:261,27,0,2
BRDA:261,28,0,3
BRDA:261,28,1,2
BRDA:261,28,2,2
BRDA:261,28,3,1
BRDA:275,29,0,1
BRDA:275,29,1,0
BRDA:276,30,0,1
BRDA:276,30,1,1
BRDA:284,31,0,0
BRDA:310,32,0,1
BRDA:315,33,0,0
BRDA:315,34,0,2
BRDA:315,34,1,0
BRDA:330,35,0,1
BRDA:338,36,0,1
BRDA:338,36,1,1
BRDA:339,37,0,1
BRDA:339,37,1,0
BRDA:340,38,0,1
BRDA:340,38,1,0
BRDA:341,39,0,0
BRDA:341,39,1,1
BRDA:342,40,0,0
BRDA:342,40,1,1
BRDA:343,41,0,0
BRDA:343,41,1,1
BRDA:344,42,0,1
BRDA:344,42,1,0
BRDA:353,43,0,0
BRDA:378,44,0,0
BRDA:383,45,0,1
BRDA:383,46,0,2
BRDA:383,46,1,2
BRDA:390,47,0,0
BRDA:402,48,0,0
BRDA:418,49,0,0
BRDA:418,50,0,0
BRDA:428,51,0,0
BRDA:445,52,0,0
BRDA:479,53,0,0
BRDA:504,54,0,1
BRDA:509,55,0,1
BRDA:509,56,0,2
BRDA:509,56,1,2
BRDA:509,56,2,1
BRDA:509,56,3,0
BRDA:524,57,0,0
BRDA:529,58,0,1
BRDA:537,59,0,0
BRDA:543,60,0,0
BRDA:551,61,0,0
BRDA:558,62,0,1
BRDA:567,63,0,1
BRDA:567,63,1,0
BRDA:567,64,0,1
BRDA:567,64,1,1
BRDA:575,65,0,1
BRDA:575,65,1,0
BRDA:576,66,0,1
BRDA:576,66,1,1
BRDA:586,67,0,0
BRDA:612,68,0,0
BRDA:617,69,0,0
BRDA:622,70,0,0
BRDA:622,71,0,0
BRDA:622,71,1,0
BRDA:637,72,0,0
BRDA:649,73,0,0
BRDA:654,74,0,0
BRDA:662,75,0,0
BRDA:668,76,0,0
BRDA:676,77,0,0
BRDA:686,78,0,0
BRDA:686,78,1,0
BRDA:687,79,0,0
BRDA:687,79,1,0
BRDA:688,80,0,0
BRDA:688,80,1,0
BRDA:689,81,0,0
BRDA:689,81,1,0
BRDA:690,82,0,0
BRDA:690,82,1,0
BRDA:691,83,0,0
BRDA:691,83,1,0
BRDA:700,84,0,0
BRDA:723,85,0,0
BRF:124
BRH:37
end_of_record
TN:
SF:src/controllers/role.controller.ts
FN:7,(anonymous_0)
FN:43,(anonymous_1)
FN:72,(anonymous_2)
FN:124,(anonymous_3)
FN:200,(anonymous_4)
FN:274,(anonymous_5)
FN:308,(anonymous_6)
FN:319,(anonymous_7)
FN:391,(anonymous_8)
FN:453,(anonymous_9)
FNF:10
FNH:6
FNDA:2,(anonymous_0)
FNDA:2,(anonymous_1)
FNDA:3,(anonymous_2)
FNDA:3,(anonymous_3)
FNDA:0,(anonymous_4)
FNDA:2,(anonymous_5)
FNDA:0,(anonymous_6)
FNDA:3,(anonymous_7)
FNDA:0,(anonymous_8)
FNDA:0,(anonymous_9)
DA:2,1
DA:7,1
DA:8,2
DA:9,2
DA:11,2
DA:16,2
DA:17,1
DA:20,2
DA:24,2
DA:25,0
DA:28,2
DA:36,0
DA:43,1
DA:44,2
DA:45,2
DA:47,2
DA:53,2
DA:54,1
DA:57,2
DA:59,2
DA:60,0
DA:63,2
DA:65,0
DA:72,1
DA:73,3
DA:74,3
DA:77,3
DA:78,1
DA:85,2
DA:92,2
DA:93,1
DA:100,1
DA:111,1
DA:112,0
DA:115,1
DA:117,0
DA:124,1
DA:125,3
DA:126,3
DA:129,3
DA:130,1
DA:137,2
DA:143,2
DA:144,2
DA:147,2
DA:149,2
DA:150,1
DA:157,1
DA:158,1
DA:166,1
DA:167,0
DA:175,1
DA:187,1
DA:188,0
DA:191,1
DA:193,0
DA:200,1
DA:201,0
DA:202,0
DA:205,0
DA:206,0
DA:213,0
DA:219,0
DA:220,0
DA:223,0
DA:225,0
DA:226,0
DA:233,0
DA:239,0
DA:240,0
DA:247,0
DA:253,0
DA:258,0
DA:259,0
DA:262,0
DA:267,0
DA:274,1
DA:275,2
DA:276,2
DA:279,2
DA:285,2
DA:286,2
DA:289,1
DA:291,1
DA:292,0
DA:299,1
DA:304,1
DA:305,0
DA:308,1
DA:310,0
DA:312,2
DA:319,1
DA:320,3
DA:321,3
DA:324,3
DA:325,1
DA:332,2
DA:338,2
DA:339,2
DA:342,2
DA:344,2
DA:345,0
DA:352,2
DA:359,2
DA:360,1
DA:367,1
DA:378,1
DA:379,0
DA:382,1
DA:384,0
DA:391,1
DA:392,0
DA:393,0
DA:396,0
DA:397,0
DA:404,0
DA:410,0
DA:411,0
DA:414,0
DA:416,0
DA:417,0
DA:424,0
DA:431,0
DA:432,0
DA:435,0
DA:437,0
DA:438,0
DA:441,0
DA:446,0
DA:453,1
DA:454,0
DA:459,0
DA:494,0
DA:499,0
LF:134
LH:78
BRDA:9,0,0,0
BRDA:9,1,0,0
BRDA:16,2,0,1
BRDA:24,3,0,0
BRDA:53,4,0,1
BRDA:59,5,0,0
BRDA:77,6,0,1
BRDA:77,7,0,3
BRDA:77,7,1,3
BRDA:92,8,0,1
BRDA:92,9,0,2
BRDA:92,9,1,2
BRDA:111,10,0,0
BRDA:129,11,0,1
BRDA:129,12,0,3
BRDA:129,12,1,3
BRDA:143,13,0,2
BRDA:149,14,0,1
BRDA:157,15,0,1
BRDA:157,16,0,1
BRDA:157,16,1,1
BRDA:166,17,0,0
BRDA:166,18,0,1
BRDA:166,18,1,1
BRDA:178,19,0,1
BRDA:178,19,1,0
BRDA:179,20,0,1
BRDA:179,20,1,0
BRDA:187,21,0,0
BRDA:205,22,0,0
BRDA:205,23,0,0
BRDA:205,23,1,0
BRDA:219,24,0,0
BRDA:225,25,0,0
BRDA:239,26,0,0
BRDA:239,27,0,0
BRDA:239,27,1,0
BRDA:258,28,0,0
BRDA:285,29,0,2
BRDA:291,30,0,0
BRDA:304,31,0,0
BRDA:324,32,0,1
BRDA:324,33,0,3
BRDA:324,33,1,3
BRDA:338,34,0,2
BRDA:344,35,0,0
BRDA:359,36,0,1
BRDA:359,37,0,2
BRDA:359,37,1,2
BRDA:378,38,0,0
BRDA:396,39,0,0
BRDA:396,40,0,0
BRDA:396,40,1,0
BRDA:410,41,0,0
BRDA:416,42,0,0
BRDA:431,43,0,0
BRDA:437,44,0,0
BRF:57
BRH:28
end_of_record
TN:
SF:src/controllers/spec.controller.ts
FN:7,(anonymous_0)
FN:37,(anonymous_1)
FN:64,(anonymous_2)
FN:82,(anonymous_3)
FN:82,(anonymous_4)
FN:92,(anonymous_5)
FN:98,(anonymous_6)
FN:107,(anonymous_7)
FN:128,(anonymous_8)
FN:191,(anonymous_9)
FN:215,(anonymous_10)
FN:251,(anonymous_11)
FN:308,(anonymous_12)
FN:357,(anonymous_13)
FN:389,(anonymous_14)
FN:434,(anonymous_15)
FN:458,(anonymous_16)
FN:533,(anonymous_17)
FN:612,(anonymous_18)
FNF:19
FNH:8
FNDA:2,(anonymous_0)
FNDA:0,(anonymous_1)
FNDA:0,(anonymous_2)
FNDA:0,(anonymous_3)
FNDA:0,(anonymous_4)
FNDA:0,(anonymous_5)
FNDA:0,(anonymous_6)
FNDA:0,(anonymous_7)
FNDA:0,(anonymous_8)
FNDA:2,(anonymous_9)
FNDA:2,(anonymous_10)
FNDA:3,(anonymous_11)
FNDA:2,(anonymous_12)
FNDA:1,(anonymous_13)
FNDA:0,(anonymous_14)
FNDA:0,(anonymous_15)
FNDA:3,(anonymous_16)
FNDA:2,(anonymous_17)
FNDA:0,(anonymous_18)
DA:2,1
DA:7,1
DA:8,2
DA:9,2
DA:11,2
DA:18,2
DA:19,1
DA:22,1
DA:30,0
DA:37,1
DA:38,0
DA:39,0
DA:42,0
DA:49,0
DA:50,0
DA:53,0
DA:54,0
DA:64,0
DA:67,0
DA:73,0
DA:74,0
DA:78,0
DA:82,0
DA:84,0
DA:85,0
DA:92,0
DA:93,0
DA:94,0
DA:98,0
DA:99,0
DA:100,0
DA:102,0
DA:103,0
DA:107,0
DA:113,0
DA:121,0
DA:128,1
DA:129,0
DA:130,0
DA:133,0
DA:140,0
DA:141,0
DA:145,0
DA:152,0
DA:153,0
DA:157,0
DA:159,0
DA:160,0
DA:167,0
DA:168,0
DA:173,0
DA:179,0
DA:184,0
DA:191,1
DA:192,2
DA:193,2
DA:195,2
DA:202,2
DA:203,1
DA:206,1
DA:208,0
DA:215,1
DA:216,2
DA:222,2
DA:225,2
DA:238,2
DA:239,1
DA:242,1
DA:244,0
DA:251,1
DA:252,3
DA:260,3
DA:262,3
DA:263,1
DA:267,2
DA:274,2
DA:275,1
DA:279,1
DA:295,1
DA:296,0
DA:299,1
DA:301,0
DA:308,1
DA:309,2
DA:310,2
DA:313,2
DA:320,2
DA:321,0
DA:325,2
DA:326,1
DA:332,0
DA:333,0
DA:338,1
DA:344,0
DA:345,0
DA:348,0
DA:350,2
DA:357,1
DA:358,1
DA:359,1
DA:360,1
DA:362,1
DA:370,0
DA:371,0
DA:374,0
DA:382,1
DA:389,1
DA:390,0
DA:391,0
DA:392,0
DA:395,0
DA:402,0
DA:403,0
DA:407,0
DA:415,0
DA:416,0
DA:419,0
DA:427,0
DA:434,1
DA:435,0
DA:436,0
DA:438,0
DA:445,0
DA:446,0
DA:449,0
DA:451,0
DA:458,1
DA:459,3
DA:469,3
DA:472,3
DA:473,1
DA:477,2
DA:484,2
DA:485,1
DA:489,1
DA:490,1
DA:491,1
DA:499,1
DA:503,1
DA:520,1
DA:521,0
DA:524,1
DA:526,0
DA:533,1
DA:534,2
DA:546,2
DA:548,2
DA:549,1
DA:553,1
DA:560,1
DA:561,0
DA:565,1
DA:566,0
DA:573,0
DA:574,0
DA:579,1
DA:599,1
DA:600,0
DA:603,1
DA:605,0
DA:612,1
DA:613,0
DA:614,0
DA:616,0
DA:622,0
DA:623,0
DA:626,0
DA:628,0
LF:168
LH:79
BRDA:9,0,0,0
BRDA:9,1,0,0
BRDA:18,2,0,1
BRDA:39,3,0,0
BRDA:39,4,0,0
BRDA:49,5,0,0
BRDA:53,6,0,0
BRDA:53,7,0,0
BRDA:53,7,1,0
BRDA:73,8,0,0
BRDA:84,9,0,0
BRDA:92,10,0,0
BRDA:92,10,1,0
BRDA:98,11,0,0
BRDA:98,11,1,0
BRDA:99,12,0,0
BRDA:109,13,0,0
BRDA:109,13,1,0
BRDA:110,14,0,0
BRDA:110,14,1,0
BRDA:140,15,0,0
BRDA:152,16,0,0
BRDA:159,17,0,0
BRDA:167,18,0,0
BRDA:176,19,0,0
BRDA:176,19,1,0
BRDA:202,20,0,1
BRDA:231,21,0,2
BRDA:231,21,1,0
BRDA:238,22,0,1
BRDA:262,23,0,1
BRDA:274,24,0,1
BRDA:282,25,0,1
BRDA:282,25,1,1
BRDA:283,26,0,1
BRDA:283,26,1,0
BRDA:284,27,0,1
BRDA:284,27,1,0
BRDA:285,28,0,0
BRDA:285,28,1,1
BRDA:286,29,0,1
BRDA:286,29,1,0
BRDA:295,30,0,0
BRDA:320,31,0,0
BRDA:325,32,0,1
BRDA:325,33,0,2
BRDA:325,33,1,2
BRDA:332,34,0,0
BRDA:344,35,0,0
BRDA:360,36,0,0
BRDA:360,37,0,0
BRDA:370,38,0,0
BRDA:392,39,0,0
BRDA:392,40,0,0
BRDA:402,41,0,0
BRDA:415,42,0,0
BRDA:445,43,0,0
BRDA:472,44,0,1
BRDA:484,45,0,1
BRDA:490,46,0,1
BRDA:499,47,0,1
BRDA:499,47,1,0
BRDA:499,48,0,1
BRDA:499,48,1,1
BRDA:508,49,0,1
BRDA:508,49,1,0
BRDA:509,50,0,1
BRDA:509,50,1,0
BRDA:510,51,0,1
BRDA:510,51,1,0
BRDA:511,52,0,1
BRDA:511,52,1,0
BRDA:512,53,0,1
BRDA:512,53,1,0
BRDA:520,54,0,0
BRDA:548,55,0,1
BRDA:560,56,0,0
BRDA:565,57,0,0
BRDA:565,58,0,1
BRDA:565,58,1,0
BRDA:573,59,0,0
BRDA:582,60,0,1
BRDA:582,60,1,1
BRDA:583,61,0,1
BRDA:583,61,1,0
BRDA:584,62,0,1
BRDA:584,62,1,0
BRDA:585,63,0,1
BRDA:585,63,1,0
BRDA:586,64,0,0
BRDA:586,64,1,1
BRDA:587,65,0,0
BRDA:587,65,1,1
BRDA:588,66,0,1
BRDA:588,66,1,0
BRDA:589,67,0,0
BRDA:589,67,1,1
BRDA:590,68,0,0
BRDA:590,68,1,1
BRDA:599,69,0,0
BRDA:622,70,0,0
BRF:101
BRH:38
end_of_record
TN:
SF:src/controllers/user.controller.ts
FN:7,(anonymous_0)
FN:37,(anonymous_1)
FN:57,(anonymous_2)
FN:97,(anonymous_3)
FN:121,(anonymous_4)
FN:248,(anonymous_5)
FN:311,(anonymous_6)
FN:357,(anonymous_7)
FN:382,(anonymous_8)
FN:402,(anonymous_9)
FN:494,(anonymous_10)
FN:556,(anonymous_11)
FN:614,(anonymous_12)
FN:639,(anonymous_13)
FNF:14
FNH:5
FNDA:3,(anonymous_0)
FNDA:4,(anonymous_1)
FNDA:3,(anonymous_2)
FNDA:2,(anonymous_3)
FNDA:3,(anonymous_4)
FNDA:0,(anonymous_5)
FNDA:0,(anonymous_6)
FNDA:0,(anonymous_7)
FNDA:0,(anonymous_8)
FNDA:0,(anonymous_9)
FNDA:0,(anonymous_10)
FNDA:0,(anonymous_11)
FNDA:0,(anonymous_12)
FNDA:0,(anonymous_13)
DA:2,1
DA:7,1
DA:8,3
DA:9,3
DA:12,3
DA:13,1
DA:19,2
DA:24,2
DA:25,1
DA:28,2
DA:32,2
DA:33,0
DA:37,2
DA:38,4
DA:39,4
DA:42,2
DA:50,0
DA:57,1
DA:58,3
DA:59,3
DA:62,3
DA:63,1
DA:69,2
DA:75,2
DA:76,1
DA:79,2
DA:81,2
DA:82,0
DA:86,2
DA:88,2
DA:90,0
DA:97,1
DA:98,2
DA:99,2
DA:105,2
DA:106,1
DA:110,1
DA:112,1
DA:114,0
DA:121,1
DA:122,3
DA:133,3
DA:135,3
DA:136,1
DA:142,2
DA:143,1
DA:144,1
DA:151,0
DA:157,0
DA:158,0
DA:166,1
DA:172,1
DA:173,0
DA:177,1
DA:178,0
DA:185,0
DA:186,0
DA:190,0
DA:195,0
DA:196,0
DA:201,1
DA:203,1
DA:204,1
DA:205,1
DA:206,1
DA:207,1
DA:210,1
DA:211,0
DA:214,0
DA:215,0
DA:216,0
DA:221,1
DA:222,1
DA:225,1
DA:232,1
DA:233,0
DA:237,1
DA:239,1
DA:241,0
DA:248,1
DA:249,0
DA:250,0
DA:253,0
DA:254,0
DA:261,0
DA:262,0
DA:269,0
DA:275,0
DA:276,0
DA:279,0
DA:281,0
DA:282,0
DA:286,0
DA:295,0
DA:296,0
DA:299,0
DA:304,0
DA:311,1
DA:312,0
DA:313,0
DA:315,0
DA:316,0
DA:323,0
DA:328,0
DA:329,0
DA:336,0
DA:341,0
DA:342,0
DA:345,0
DA:350,0
DA:357,1
DA:358,0
DA:359,0
DA:360,0
DA:363,0
DA:364,0
DA:370,0
DA:377,0
DA:378,0
DA:382,0
DA:383,0
DA:384,0
DA:387,0
DA:395,0
DA:402,1
DA:403,0
DA:404,0
DA:407,0
DA:408,0
DA:415,0
DA:421,0
DA:422,0
DA:425,0
DA:427,0
DA:428,0
DA:435,0
DA:441,0
DA:442,0
DA:445,0
DA:447,0
DA:448,0
DA:455,0
DA:462,0
DA:463,0
DA:470,0
DA:481,0
DA:482,0
DA:485,0
DA:487,0
DA:494,1
DA:495,0
DA:496,0
DA:499,0
DA:500,0
DA:507,0
DA:511,0
DA:513,0
DA:521,0
DA:522,0
DA:528,0
DA:533,0
DA:538,0
DA:540,0
DA:541,0
DA:544,0
DA:549,0
DA:556,1
DA:557,0
DA:558,0
DA:562,0
DA:564,0
DA:565,0
DA:572,0
DA:579,0
DA:580,0
DA:588,0
DA:601,0
DA:602,0
DA:605,0
DA:607,0
DA:614,1
DA:615,0
DA:616,0
DA:619,0
DA:620,0
DA:627,0
DA:632,0
DA:633,0
DA:639,0
DA:642,0
DA:649,0
DA:650,0
DA:653,0
DA:658,0
LF:194
LH:65
BRDA:9,0,0,1
BRDA:9,1,0,1
BRDA:12,2,0,1
BRDA:12,3,0,3
BRDA:12,3,1,2
BRDA:24,4,0,1
BRDA:32,5,0,0
BRDA:62,6,0,1
BRDA:62,7,0,3
BRDA:62,7,1,2
BRDA:62,7,2,2
BRDA:75,8,0,1
BRDA:75,9,0,2
BRDA:75,9,1,2
BRDA:81,10,0,0
BRDA:105,11,0,1
BRDA:135,12,0,1
BRDA:142,13,0,1
BRDA:142,14,0,2
BRDA:142,14,1,1
BRDA:143,15,0,1
BRDA:157,16,0,0
BRDA:157,17,0,0
BRDA:157,17,1,0
BRDA:172,18,0,0
BRDA:177,19,0,0
BRDA:177,20,0,1
BRDA:177,20,1,0
BRDA:185,21,0,0
BRDA:185,22,0,0
BRDA:185,22,1,0
BRDA:195,23,0,0
BRDA:203,24,0,1
BRDA:204,25,0,0
BRDA:205,26,0,1
BRDA:206,27,0,1
BRDA:207,28,0,0
BRDA:210,29,0,0
BRDA:210,30,0,1
BRDA:210,30,1,1
BRDA:211,31,0,0
BRDA:214,32,0,0
BRDA:215,33,0,0
BRDA:216,34,0,0
BRDA:232,35,0,0
BRDA:253,36,0,0
BRDA:253,37,0,0
BRDA:253,37,1,0
BRDA:261,38,0,0
BRDA:275,39,0,0
BRDA:281,40,0,0
BRDA:295,41,0,0
BRDA:315,42,0,0
BRDA:315,43,0,0
BRDA:315,43,1,0
BRDA:328,44,0,0
BRDA:341,45,0,0
BRDA:360,46,0,0
BRDA:360,47,0,0
BRDA:363,48,0,0
BRDA:363,49,0,0
BRDA:363,49,1,0
BRDA:363,50,0,0
BRDA:363,50,1,0
BRDA:377,51,0,0
BRDA:407,52,0,0
BRDA:407,53,0,0
BRDA:407,53,1,0
BRDA:421,54,0,0
BRDA:427,55,0,0
BRDA:441,56,0,0
BRDA:447,57,0,0
BRDA:462,58,0,0
BRDA:462,59,0,0
BRDA:462,59,1,0
BRDA:481,60,0,0
BRDA:499,61,0,0
BRDA:499,62,0,0
BRDA:499,62,1,0
BRDA:511,63,0,0
BRDA:511,63,1,0
BRDA:521,64,0,0
BRDA:540,65,0,0
BRDA:562,66,0,0
BRDA:562,67,0,0
BRDA:562,67,1,0
BRDA:564,68,0,0
BRDA:579,69,0,0
BRDA:601,70,0,0
BRDA:619,71,0,0
BRDA:632,72,0,0
BRDA:632,73,0,0
BRDA:632,73,1,0
BRDA:632,73,2,0
BRDA:649,74,0,0
BRDA:655,75,0,0
BRDA:655,75,1,0
BRF:97
BRH:25
end_of_record
TN:
SF:src/middleware/auth.middleware.ts
FN:20,(anonymous_1)
FN:64,(anonymous_2)
FN:72,(anonymous_3)
FNF:3
FNH:3
FNDA:6,(anonymous_1)
FNDA:3,(anonymous_2)
FNDA:5,(anonymous_3)
DA:2,1
DA:3,1
DA:20,1
DA:21,6
DA:23,6
DA:24,6
DA:25,2
DA:29,4
DA:30,4
DA:31,1
DA:34,3
DA:35,3
DA:38,2
DA:44,2
DA:45,1
DA:49,1
DA:56,1
DA:58,1
DA:59,1
DA:64,1
DA:65,3
DA:66,2
DA:68,1
DA:72,1
DA:73,5
DA:75,5
DA:76,1
DA:80,4
DA:81,3
DA:83,1
LF:30
LH:30
BRDA:24,0,0,2
BRDA:24,1,0,6
BRDA:24,1,1,5
BRDA:30,2,0,1
BRDA:44,3,0,1
BRDA:44,4,0,2
BRDA:44,4,1,1
BRDA:65,5,0,2
BRDA:65,6,0,3
BRDA:65,6,1,2
BRDA:73,7,0,5
BRDA:73,7,1,1
BRDA:75,8,0,1
BRDA:80,9,0,3
BRDA:80,9,1,1
BRDA:80,10,0,4
BRDA:80,10,1,3
BRF:17
BRH:17
end_of_record
TN:
SF:src/middleware/role.middleware.ts
FN:6,(anonymous_0)
FN:20,(anonymous_1)
FN:34,(anonymous_2)
FN:35,(anonymous_3)
FN:62,(anonymous_4)
FN:92,(anonymous_5)
FN:93,(anonymous_6)
FNF:7
FNH:5
FNDA:3,(anonymous_0)
FNDA:4,(anonymous_1)
FNDA:5,(anonymous_2)
FNDA:5,(anonymous_3)
FNDA:4,(anonymous_4)
FNDA:0,(anonymous_5)
FNDA:0,(anonymous_6)
DA:6,1
DA:7,3
DA:8,2
DA:14,1
DA:20,1
DA:21,4
DA:22,2
DA:28,2
DA:34,1
DA:35,5
DA:37,5
DA:38,1
DA:41,4
DA:42,1
DA:48,3
DA:50,3
DA:55,3
DA:56,1
DA:62,4
DA:65,2
DA:72,2
DA:73,1
DA:79,1
DA:81,0
DA:92,1
DA:93,0
DA:95,0
DA:96,0
DA:99,0
DA:100,0
DA:106,0
DA:107,0
DA:108,0
DA:114,0
DA:116,0
DA:122,0
DA:123,0
DA:129,0
DA:131,0
DA:132,0
DA:138,0
DA:139,0
DA:145,0
DA:152,0
DA:154,0
LF:45
LH:24
BRDA:7,0,0,2
BRDA:7,1,0,3
BRDA:7,1,1,2
BRDA:21,2,0,2
BRDA:21,3,0,4
BRDA:21,3,1,3
BRDA:21,3,2,2
BRDA:37,4,0,1
BRDA:37,5,0,5
BRDA:37,5,1,4
BRDA:41,6,0,1
BRDA:55,7,0,1
BRDA:55,8,0,3
BRDA:55,8,1,3
BRDA:55,8,2,3
BRDA:72,9,0,1
BRDA:72,10,0,2
BRDA:72,10,1,2
BRDA:72,10,2,2
BRDA:95,11,0,0
BRDA:95,12,0,0
BRDA:95,12,1,0
BRDA:99,13,0,0
BRDA:107,14,0,0
BRDA:122,15,0,0
BRDA:122,16,0,0
BRDA:122,16,1,0
BRDA:129,17,0,0
BRDA:131,18,0,0
BRDA:131,18,1,0
BRDA:138,19,0,0
BRDA:138,20,0,0
BRDA:138,20,1,0
BRDA:138,20,2,0
BRF:34
BRH:19
end_of_record
TN:
SF:src/middleware/upload.middleware.ts
FN:7,(anonymous_1)
FN:17,(anonymous_2)
FN:29,(anonymous_3)
FNF:3
FNH:0
FNDA:0,(anonymous_1)
FNDA:0,(anonymous_2)
FNDA:0,(anonymous_3)
DA:1,0
DA:2,0
DA:3,0
DA:6,0
DA:8,0
DA:11,0
DA:12,0
DA:15,0
DA:19,0
DA:20,0
DA:21,0
DA:26,0
DA:29,0
DA:31,0
DA:32,0
DA:34,0
DA:39,0
DA:48,0
DA:57,0
LF:19
LH:0
BRDA:11,0,0,0
BRDA:31,1,0,0
BRDA:31,1,1,0
BRF:3
BRH:0
end_of_record
TN:
SF:src/middleware/validation.middleware.ts
FN:5,(anonymous_0)
FN:6,(anonymous_1)
FN:8,(anonymous_2)
FN:21,(anonymous_3)
FNF:4
FNH:4
FNDA:2,(anonymous_0)
FNDA:2,(anonymous_1)
FNDA:2,(anonymous_2)
FNDA:3,(anonymous_3)
DA:2,1
DA:5,1
DA:6,2
DA:8,2
DA:11,2
DA:12,2
DA:13,1
DA:16,1
DA:21,1
DA:22,3
DA:23,1
DA:25,2
LF:12
LH:12
BRDA:12,0,0,1
BRDA:22,1,0,1
BRDA:22,2,0,3
BRDA:22,2,1,2
BRF:4
BRH:4
end_of_record
TN:
SF:src/routes/auth.routes.ts
FNF:0
FNH:0
DA:1,0
DA:2,0
DA:3,0
DA:4,0
DA:5,0
DA:7,0
DA:105,0
DA:144,0
DA:197,0
DA:229,0
DA:265,0
DA:275,0
LF:12
LH:0
BRF:0
BRH:0
end_of_record
TN:
SF:src/routes/brand.routes.ts
FNF:0
FNH:0
DA:1,0
DA:2,0
DA:3,0
DA:4,0
DA:5,0
DA:7,0
DA:66,0
DA:93,0
DA:122,0
DA:154,0
DA:186,0
DA:193,0
LF:12
LH:0
BRF:0
BRH:0
end_of_record
TN:
SF:src/routes/customer.routes.ts
FNF:0
FNH:0
DA:1,0
DA:2,0
DA:3,0
DA:4,0
DA:5,0
DA:7,0
DA:97,0
DA:124,0
DA:153,0
DA:194,0
DA:233,0
DA:285,0
DA:311,0
DA:338,0
DA:345,0
LF:15
LH:0
BRF:0
BRH:0
end_of_record
TN:
SF:src/routes/photo.routes.ts
FNF:0
FNH:0
DA:1,0
DA:2,0
DA:3,0
DA:4,0
DA:5,0
DA:6,0
DA:8,0
DA:44,0
DA:78,0
DA:123,0
DA:174,0
DA:209,0
DA:253,0
DA:298,0
DA:308,0
LF:15
LH:0
BRF:0
BRH:0
end_of_record
TN:
SF:src/routes/product.routes.ts
FNF:0
FNH:0
DA:1,0
DA:2,0
DA:3,0
DA:4,0
DA:5,0
DA:7,0
DA:139,0
DA:166,0
DA:196,0
DA:251,0
DA:304,0
DA:330,0
DA:349,0
DA:367,0
DA:398,0
DA:463,0
DA:491,0
DA:509,0
DA:515,0
LF:19
LH:0
BRF:0
BRH:0
end_of_record
TN:
SF:src/routes/productGroup.routes.ts
FN:65,(anonymous_1)
FN:99,(anonymous_2)
FN:134,(anonymous_3)
FN:170,(anonymous_4)
FN:201,(anonymous_5)
FNF:5
FNH:0
FNDA:0,(anonymous_1)
FNDA:0,(anonymous_2)
FNDA:0,(anonymous_3)
FNDA:0,(anonymous_4)
FNDA:0,(anonymous_5)
DA:1,0
DA:2,0
DA:3,0
DA:4,0
DA:6,0
DA:65,0
DA:67,0
DA:95,0
DA:101,0
DA:127,0
DA:136,0
DA:162,0
DA:172,0
DA:197,0
DA:203,0
DA:207,0
LF:16
LH:0
BRF:0
BRH:0
end_of_record
TN:
SF:src/routes/productType.routes.ts
FN:61,(anonymous_1)
FN:95,(anonymous_2)
FN:131,(anonymous_3)
FN:172,(anonymous_4)
FN:205,(anonymous_5)
FN:240,(anonymous_6)
FNF:6
FNH:0
FNDA:0,(anonymous_1)
FNDA:0,(anonymous_2)
FNDA:0,(anonymous_3)
FNDA:0,(anonymous_4)
FNDA:0,(anonymous_5)
FNDA:0,(anonymous_6)
DA:1,0
DA:2,0
DA:3,0
DA:4,0
DA:6,0
DA:61,0
DA:63,0
DA:91,0
DA:97,0
DA:123,0
DA:133,0
DA:163,0
DA:174,0
DA:201,0
DA:207,0
DA:236,0
DA:242,0
DA:246,0
LF:18
LH:0
BRF:0
BRH:0
end_of_record
TN:
SF:src/routes/recipe.routes.ts
FN:229,(anonymous_10)
FNF:1
FNH:0
FNDA:0,(anonymous_10)
DA:1,0
DA:2,0
DA:3,0
DA:4,0
DA:5,0
DA:7,0
DA:95,0
DA:130,0
DA:165,0
DA:193,0
DA:225,0
DA:230,0
DA:231,0
DA:232,0
DA:234,0
DA:242,0
DA:243,0
DA:246,0
DA:254,0
DA:255,0
DA:294,0
DA:345,0
DA:380,0
DA:408,0
DA:440,0
DA:482,0
DA:534,0
DA:569,0
DA:576,0
LF:29
LH:0
BRDA:232,0,0,0
BRDA:232,1,0,0
BRDA:242,2,0,0
BRF:3
BRH:0
end_of_record
TN:
SF:src/routes/role.routes.ts
FNF:0
FNH:0
DA:1,0
DA:2,0
DA:3,0
DA:4,0
DA:5,0
DA:6,0
DA:8,0
DA:91,0
DA:131,0
DA:180,0
DA:236,0
DA:273,0
DA:315,0
DA:358,0
DA:398,0
DA:432,0
DA:434,0
LF:17
LH:0
BRF:0
BRH:0
end_of_record
TN:
SF:src/routes/seller.routes.ts
FN:81,(anonymous_1)
FN:115,(anonymous_2)
FN:150,(anonymous_3)
FN:191,(anonymous_4)
FN:222,(anonymous_5)
FNF:5
FNH:0
FNDA:0,(anonymous_1)
FNDA:0,(anonymous_2)
FNDA:0,(anonymous_3)
FNDA:0,(anonymous_4)
FNDA:0,(anonymous_5)
DA:1,0
DA:2,0
DA:3,0
DA:4,0
DA:6,0
DA:81,0
DA:83,0
DA:111,0
DA:117,0
DA:143,0
DA:152,0
DA:178,0
DA:193,0
DA:218,0
DA:224,0
DA:228,0
LF:16
LH:0
BRF:0
BRH:0
end_of_record
TN:
SF:src/routes/spec.routes.ts
FNF:0
FNH:0
DA:1,0
DA:2,0
DA:3,0
DA:4,0
DA:5,0
DA:7,0
DA:155,0
DA:190,0
DA:221,0
DA:258,0
DA:296,0
DA:341,0
DA:392,0
DA:425,0
DA:465,0
DA:497,0
DA:550,0
DA:617,0
DA:654,0
DA:661,0
LF:20
LH:0
BRF:0
BRH:0
end_of_record
TN:
SF:src/routes/user.routes.ts
FNF:0
FNH:0
DA:1,0
DA:2,0
DA:3,0
DA:4,0
DA:5,0
DA:8,0
DA:111,0
DA:142,0
DA:177,0
DA:251,0
DA:298,0
DA:334,0
DA:376,0
DA:409,0
DA:453,0
DA:493,0
DA:531,0
DA:540,0
LF:18
LH:0
BRF:0
BRH:0
end_of_record
